2018-08-23 11:32:04.5723 INFO OnActionExecuting Controller:Home Action:Index Parameter:
2018-08-23 11:35:48.9398 INFO OnActionExecuting Controller:Home Action:Index Parameter:
2018-08-23 11:36:04.2787 INFO OnActionExecuting Controller:Account Action:Login Parameter:
2018-08-23 11:36:09.2447 INFO OnActionExecuting Controller:Account Action:Login Parameter:
2018-08-23 11:36:12.5227 INFO OnActionExecuting Controller:Account Action:Login Parameter:
2018-08-23 11:36:17.8803 INFO OnActionExecuting Controller:Account Action:Register Parameter:
2018-08-23 11:36:24.3124 INFO OnActionExecuting Controller:Account Action:Register Parameter:
2018-08-23 11:36:25.8650 INFO OnActionExecuting Controller:Home Action:Index Parameter:
2018-08-23 11:36:30.0116 INFO OnActionExecuting Controller:Department Action:Index Parameter:
2018-08-23 11:36:31.7604 INFO OnActionExecuting Controller:Home Action:Index Parameter:
2018-08-23 11:36:32.4933 INFO OnActionExecuting Controller:Account Action:Login Parameter:
2018-08-23 11:36:33.8574 INFO OnActionExecuting Controller:Home Action:Index Parameter:
2018-08-23 11:36:34.4908 INFO OnActionExecuting Controller:Position Action:Index Parameter:
2018-08-23 11:36:35.5872 INFO OnActionExecuting Controller:Home Action:Index Parameter:
2018-08-23 11:38:59.0050 INFO OnActionExecuting Controller:Home Action:Index Parameter:
2018-08-23 11:39:08.8388 INFO OnActionExecuting Controller:Account Action:Register Parameter:
2018-08-23 11:39:15.8357 INFO OnActionExecuting Controller:Account Action:Register Parameter:
2018-08-23 11:39:18.5435 INFO OnActionExecuting Controller:Home Action:Index Parameter:
2018-08-23 11:39:31.7030 INFO OnActionExecuting Controller:Home Action:Index Parameter:
2018-08-23 11:39:34.2341 INFO OnActionExecuting Controller:Account Action:Register Parameter:
2018-08-23 11:39:42.0790 INFO OnActionExecuting Controller:Account Action:Register Parameter:
2018-08-23 11:41:34.4848 INFO OnActionExecuting Controller:Home Action:Index Parameter:
2018-08-23 11:41:39.3329 INFO OnActionExecuting Controller:Account Action:Register Parameter:
2018-08-23 11:41:45.1603 INFO OnActionExecuting Controller:Account Action:Register Parameter:
2018-08-23 11:42:26.7771 INFO OnActionExecuting Controller:Home Action:Index Parameter:
2018-08-23 11:42:31.4603 INFO OnActionExecuting Controller:Account Action:Register Parameter:
2018-08-23 11:42:34.9376 INFO OnActionExecuting Controller:Account Action:Login Parameter:
2018-08-23 11:42:40.4429 INFO OnActionExecuting Controller:Account Action:Login Parameter:
2018-08-23 11:42:40.5895 INFO OnActionExecuting Controller:Home Action:Index Parameter:
2018-08-23 11:42:41.6166 INFO OnActionExecuting Controller:Profile Action:Index Parameter:
2018-08-23 11:42:43.5685 INFO OnActionExecuting Controller:Profile Action:Delete Parameter:4
2018-08-23 11:42:44.1440 INFO OnActionExecuting Controller:Profile Action:Delete Parameter:5
2018-08-23 11:42:44.5809 INFO OnActionExecuting Controller:Profile Action:Delete Parameter:6
2018-08-23 11:42:45.0368 INFO OnActionExecuting Controller:Profile Action:Delete Parameter:7
2018-08-23 11:42:46.3082 INFO OnActionExecuting Controller:Home Action:Index Parameter:
2018-08-23 11:42:47.0171 INFO OnActionExecuting Controller:Account Action:LogOut Parameter:
2018-08-23 11:42:47.0171 INFO OnActionExecuting Controller:Home Action:Index Parameter:
2018-08-23 11:47:25.6934 INFO OnActionExecuting Controller:Home Action:Index Parameter:
2018-08-23 11:47:40.6564 INFO OnActionExecuting Controller:Account Action:Register Parameter:
2018-08-23 11:47:47.4824 INFO OnActionExecuting Controller:Account Action:Register Parameter:
2018-08-23 11:47:47.6429 INFO OnActionExecuting Controller:Home Action:Index Parameter:
2018-08-23 11:48:46.2132 INFO OnActionExecuting Controller:Home Action:Index Parameter:
2018-08-23 11:48:53.1080 INFO OnActionExecuting Controller:Account Action:Register Parameter:
2018-08-23 11:49:01.1482 INFO OnActionExecuting Controller:Account Action:Register Parameter:
2018-08-23 11:49:01.2978 INFO OnActionExecuting Controller:Account Action:Login Parameter:
2018-08-23 11:49:05.0765 INFO OnActionExecuting Controller:Account Action:Login Parameter:
2018-08-23 11:49:05.3707 INFO OnActionExecuting Controller:Home Action:Index Parameter:
2018-08-23 11:49:07.2397 INFO OnActionExecuting Controller:Account Action:LogOut Parameter:
2018-08-23 11:49:07.2486 INFO OnActionExecuting Controller:Home Action:Index Parameter:
