2018-08-21 00:10:10.1270 INFO OnActionExecuting Controller:Home Action:Index Parameter:
2018-08-21 00:10:18.0436 INFO OnActionExecuting Controller:Account Action:LogOut Parameter:
2018-08-21 00:11:13.3300 INFO OnActionExecuting Controller:Home Action:Index Parameter:
2018-08-21 00:32:51.9299 INFO OnActionExecuting Controller:Home Action:Index Parameter:
2018-08-21 00:33:55.1787 INFO OnActionExecuting Controller:Home Action:Index Parameter:
2018-08-21 00:34:00.4963 INFO OnActionExecuting Controller:Account Action:Register Parameter:
2018-08-21 00:34:04.1180 INFO OnActionExecuting Controller:Home Action:Index Parameter:
2018-08-21 00:36:49.4048 INFO OnActionExecuting Controller:Home Action:Index Parameter:
2018-08-21 00:37:01.9147 INFO OnActionExecuting Controller:Account Action:Register Parameter:
2018-08-21 00:37:11.9772 INFO OnActionExecuting Controller:Account Action:Register Parameter:
2018-08-21 00:37:11.9952 INFO OnActionExecuting Controller:Account Action:RegisterPage Parameter:
2018-08-21 00:37:22.4969 INFO OnActionExecuting Controller:Account Action:RegisterPage Parameter:
2018-08-21 00:38:33.6949 INFO OnActionExecuting Controller:Home Action:Index Parameter:
2018-08-21 00:38:57.1342 INFO OnActionExecuting Controller:Account Action:Register Parameter:
2018-08-21 00:39:13.9549 INFO OnActionExecuting Controller:Account Action:Register Parameter:
2018-08-21 00:39:13.9728 INFO OnActionExecuting Controller:Account Action:RegisterPage Parameter:
2018-08-21 00:39:25.8514 INFO OnActionExecuting Controller:Account Action:RegisterPage Parameter:
2018-08-21 00:40:26.3084 INFO OnActionExecuting Controller:Home Action:Index Parameter:
2018-08-21 00:40:29.4423 INFO OnActionExecuting Controller:Account Action:Register Parameter:
2018-08-21 00:40:35.3899 INFO OnActionExecuting Controller:Account Action:Register Parameter:
2018-08-21 00:40:35.4069 INFO OnActionExecuting Controller:Account Action:RegisterPage Parameter:
2018-08-21 00:40:48.7751 INFO OnActionExecuting Controller:Account Action:RegisterPage Parameter:
2018-08-21 00:40:54.7821 INFO OnActionExecuting Controller:Home Action:Index Parameter:
2018-08-21 00:40:58.0987 INFO OnActionExecuting Controller:Account Action:LogOut Parameter:
2018-08-21 00:41:04.5863 INFO OnActionExecuting Controller:Home Action:Index Parameter:
2018-08-21 00:41:26.4977 INFO OnActionExecuting Controller:Account Action:Register Parameter:
2018-08-21 00:46:06.9604 INFO OnActionExecuting Controller:Home Action:Index Parameter:
2018-08-21 00:46:11.9292 INFO OnActionExecuting Controller:Account Action:Register Parameter:
2018-08-21 00:46:16.4654 INFO OnActionExecuting Controller:Account Action:Register Parameter:
2018-08-21 00:46:16.4833 INFO OnActionExecuting Controller:Account Action:RegisterPage Parameter:
2018-08-21 00:46:26.5949 INFO OnActionExecuting Controller:Account Action:RegisterPage Parameter:
2018-08-21 09:53:39.6275 INFO OnActionExecuting Controller:Home Action:Index Parameter:
2018-08-21 09:53:50.2169 INFO OnActionExecuting Controller:Account Action:Register Parameter:
2018-08-21 09:53:53.4067 INFO OnActionExecuting Controller:Account Action:Register Parameter:
2018-08-21 09:53:53.4267 INFO OnActionExecuting Controller:Account Action:RegisterPage Parameter:
2018-08-21 09:54:05.0145 INFO OnActionExecuting Controller:Account Action:RegisterPage Parameter:
2018-08-21 09:54:07.8856 INFO OnActionExecuting Controller:Account Action:RegisterPage Parameter:
2018-08-21 09:55:45.1705 INFO OnActionExecuting Controller:Home Action:Index Parameter:
2018-08-21 09:55:50.3741 INFO OnActionExecuting Controller:Account Action:Register Parameter:
2018-08-21 09:55:52.6379 INFO OnActionExecuting Controller:Account Action:Register Parameter:
2018-08-21 09:55:52.6559 INFO OnActionExecuting Controller:Account Action:RegisterPage Parameter:
2018-08-21 09:56:02.7307 INFO OnActionExecuting Controller:Account Action:RegisterPage Parameter:
2018-08-21 09:56:06.7437 INFO OnActionExecuting Controller:Home Action:Index Parameter:
2018-08-21 09:56:09.2596 INFO OnActionExecuting Controller:Home Action:Index Parameter:
2018-08-21 09:56:09.9692 INFO OnActionExecuting Controller:Home Action:Index Parameter:
2018-08-21 09:56:10.3944 INFO OnActionExecuting Controller:Home Action:Index Parameter:
2018-08-21 09:56:10.9702 INFO OnActionExecuting Controller:Account Action:LogOut Parameter:
2018-08-21 09:56:17.5940 INFO OnActionExecuting Controller:Home Action:Index Parameter:
2018-08-21 09:56:24.3186 INFO OnActionExecuting Controller:Home Action:Index Parameter:
2018-08-21 09:56:31.1656 INFO OnActionExecuting Controller:Account Action:Register Parameter:
2018-08-21 09:56:33.3090 INFO OnActionExecuting Controller:Account Action:Register Parameter:
2018-08-21 09:56:33.3219 INFO OnActionExecuting Controller:Account Action:RegisterPage Parameter:
2018-08-21 09:58:50.2863 INFO OnActionExecuting Controller:Home Action:Index Parameter:
2018-08-21 09:58:57.9480 INFO OnActionExecuting Controller:Account Action:Register Parameter:
2018-08-21 09:59:00.0389 INFO OnActionExecuting Controller:Account Action:Register Parameter:
2018-08-21 09:59:01.2390 INFO OnActionExecuting Controller:Home Action:Index Parameter:
2018-08-21 09:59:02.1441 INFO OnActionExecuting Controller:Account Action:Register Parameter:
2018-08-21 09:59:03.1341 INFO OnActionExecuting Controller:Profile Action:Index Parameter:
2018-08-21 09:59:05.6338 INFO OnActionExecuting Controller:Home Action:Index Parameter:
2018-08-21 10:01:26.3030 INFO OnActionExecuting Controller:Home Action:Index Parameter:
2018-08-21 10:01:29.9889 INFO OnActionExecuting Controller:Profile Action:Index Parameter:
2018-08-21 10:05:41.3775 INFO OnActionExecuting Controller:Home Action:Index Parameter:
2018-08-21 10:05:46.0327 INFO OnActionExecuting Controller:Profile Action:Index Parameter:
2018-08-21 10:17:34.4863 INFO OnActionExecuting Controller:Home Action:Index Parameter:
2018-08-21 10:17:39.1816 INFO OnActionExecuting Controller:Account Action:Login Parameter:
2018-08-21 10:36:46.9597 INFO OnActionExecuting Controller:Home Action:Index Parameter:
2018-08-21 10:37:04.2763 INFO OnActionExecuting Controller:Account Action:Login Parameter:
2018-08-21 10:37:05.7522 INFO OnActionExecuting Controller:Account Action:Register Parameter:
2018-08-21 10:37:31.1002 INFO OnActionExecuting Controller:Home Action:Index Parameter:
2018-08-21 10:37:35.4215 INFO OnActionExecuting Controller:Account Action:Register Parameter:
2018-08-21 10:37:36.8000 INFO OnActionExecuting Controller:Account Action:Register Parameter:
2018-08-21 10:37:36.8160 INFO OnActionExecuting Controller:Account Action:RegisterPage Parameter:
2018-08-21 10:37:48.0379 INFO OnActionExecuting Controller:Account Action:RegisterPage Parameter:
2018-08-21 10:38:12.4910 INFO OnActionExecuting Controller:Home Action:Index Parameter:
2018-08-21 10:38:17.7513 INFO OnActionExecuting Controller:Account Action:Register Parameter:
2018-08-21 10:38:19.3210 INFO OnActionExecuting Controller:Account Action:Register Parameter:
2018-08-21 10:38:19.3389 INFO OnActionExecuting Controller:Account Action:RegisterPage Parameter:
2018-08-21 10:38:30.4675 INFO OnActionExecuting Controller:Account Action:RegisterPage Parameter:
2018-08-21 10:38:34.6686 INFO OnActionExecuting Controller:Home Action:Index Parameter:
2018-08-21 10:38:38.9322 INFO OnActionExecuting Controller:Account Action:LogOut Parameter:
2018-08-21 10:38:42.3700 INFO OnActionExecuting Controller:Home Action:Index Parameter:
2018-08-21 10:38:44.6445 INFO OnActionExecuting Controller:Account Action:Login Parameter:
2018-08-21 10:39:06.5990 INFO OnActionExecuting Controller:Account Action:Login Parameter:
2018-08-21 10:39:13.0789 INFO OnActionExecuting Controller:Home Action:Index Parameter:
2018-08-21 10:40:01.7094 INFO OnActionExecuting Controller:Account Action:LogOut Parameter:
2018-08-21 10:40:06.5038 INFO OnActionExecuting Controller:Home Action:Index Parameter:
2018-08-21 10:40:08.6692 INFO OnActionExecuting Controller:Account Action:Login Parameter:
2018-08-21 10:40:14.0107 INFO OnActionExecuting Controller:Account Action:Login Parameter:
2018-08-21 10:40:15.1996 INFO OnActionExecuting Controller:Home Action:Index Parameter:
2018-08-21 10:40:36.1963 INFO OnActionExecuting Controller:Account Action:LogOut Parameter:
2018-08-21 10:40:38.6036 INFO OnActionExecuting Controller:Home Action:Index Parameter:
2018-08-21 10:48:12.6177 INFO OnActionExecuting Controller:Account Action:RegisterPage Parameter:
2018-08-21 10:48:17.2164 INFO OnActionExecuting Controller:Home Action:Index Parameter:
2018-08-21 10:48:18.0598 INFO OnActionExecuting Controller:Account Action:Register Parameter:
2018-08-21 10:48:18.9211 INFO OnActionExecuting Controller:Account Action:Register Parameter:
2018-08-21 10:48:18.9371 INFO OnActionExecuting Controller:Account Action:RegisterPage Parameter:
2018-08-21 10:48:23.3516 INFO OnActionExecuting Controller:Account Action:Register Parameter:
2018-08-21 10:48:32.6909 INFO OnActionExecuting Controller:Account Action:Register Parameter:
2018-08-21 10:48:32.7049 INFO OnActionExecuting Controller:Account Action:RegisterPage Parameter:
2018-08-21 10:49:19.0137 INFO OnActionExecuting Controller:Home Action:Index Parameter:
2018-08-21 10:49:29.2330 INFO OnActionExecuting Controller:Account Action:Register Parameter:
2018-08-21 10:49:32.3444 INFO OnActionExecuting Controller:Account Action:Register Parameter:
2018-08-21 10:49:32.3623 INFO OnActionExecuting Controller:Account Action:RegisterPage Parameter:
2018-08-21 10:49:54.2179 INFO OnActionExecuting Controller:Account Action:RegisterPage Parameter:
2018-08-21 10:58:55.0462 INFO OnActionExecuting Controller:Home Action:Index Parameter:
2018-08-21 10:58:57.4922 INFO OnActionExecuting Controller:Profile Action:Index Parameter:
2018-08-21 10:59:00.4029 INFO OnActionExecuting Controller:Profile Action:Delete Parameter:3043
2018-08-21 10:59:03.2033 INFO OnActionExecuting Controller:Profile Action:Delete Parameter:3037
2018-08-21 10:59:03.9166 INFO OnActionExecuting Controller:Profile Action:Delete Parameter:3038
2018-08-21 10:59:04.2403 INFO OnActionExecuting Controller:Profile Action:Delete Parameter:3039
2018-08-21 10:59:04.5244 INFO OnActionExecuting Controller:Profile Action:Delete Parameter:3040
2018-08-21 10:59:04.8205 INFO OnActionExecuting Controller:Profile Action:Delete Parameter:3041
2018-08-21 10:59:05.3411 INFO OnActionExecuting Controller:Profile Action:Delete Parameter:3036
2018-08-21 10:59:05.9996 INFO OnActionExecuting Controller:Profile Action:Delete Parameter:3042
2018-08-21 10:59:06.9913 INFO OnActionExecuting Controller:Home Action:Index Parameter:
2018-08-21 10:59:11.5927 INFO OnActionExecuting Controller:Account Action:Register Parameter:
2018-08-21 10:59:12.9108 INFO OnActionExecuting Controller:Account Action:Register Parameter:
2018-08-21 10:59:12.9270 INFO OnActionExecuting Controller:Account Action:RegisterPage Parameter:
2018-08-21 10:59:21.7369 INFO OnActionExecuting Controller:Account Action:RegisterPage Parameter:
2018-08-21 11:00:14.0712 INFO OnActionExecuting Controller:Home Action:Index Parameter:
2018-08-21 11:03:55.4142 INFO OnActionExecuting Controller:Account Action:RegisterPage Parameter:
2018-08-21 11:03:58.8193 INFO OnActionExecuting Controller:Home Action:Index Parameter:
2018-08-21 11:04:01.0599 INFO OnActionExecuting Controller:Account Action:LogOut Parameter:
2018-08-21 11:04:01.0809 INFO OnActionExecuting Controller:Home Action:Index Parameter:
2018-08-21 11:04:02.2314 INFO OnActionExecuting Controller:Account Action:Register Parameter:
2018-08-21 11:04:06.6388 INFO OnActionExecuting Controller:Account Action:Register Parameter:
2018-08-21 11:04:06.6518 INFO OnActionExecuting Controller:Account Action:RegisterPage Parameter:
2018-08-21 11:04:24.0613 INFO OnActionExecuting Controller:Account Action:RegisterPage Parameter:
2018-08-21 11:04:26.9394 INFO OnActionExecuting Controller:Home Action:Index Parameter:
2018-08-21 11:04:28.8784 INFO OnActionExecuting Controller:Account Action:Register Parameter:
2018-08-21 11:04:53.8132 INFO OnActionExecuting Controller:Home Action:Index Parameter:
2018-08-21 11:04:56.7082 INFO OnActionExecuting Controller:Account Action:Register Parameter:
2018-08-21 11:04:58.2640 INFO OnActionExecuting Controller:Account Action:Register Parameter:
2018-08-21 11:04:58.2810 INFO OnActionExecuting Controller:Account Action:RegisterPage Parameter:
2018-08-21 11:05:13.2574 INFO OnActionExecuting Controller:Account Action:RegisterPage Parameter:
2018-08-21 11:05:15.1124 INFO OnActionExecuting Controller:Home Action:Index Parameter:
2018-08-21 11:05:21.0614 INFO OnActionExecuting Controller:Account Action:LogOut Parameter:
2018-08-21 11:05:21.0614 INFO OnActionExecuting Controller:Home Action:Index Parameter:
2018-08-21 11:05:31.8599 INFO OnActionExecuting Controller:Account Action:Register Parameter:
2018-08-21 11:05:32.9784 INFO OnActionExecuting Controller:Account Action:Register Parameter:
2018-08-21 11:05:32.9784 INFO OnActionExecuting Controller:Account Action:RegisterPage Parameter:
2018-08-21 11:05:45.5497 INFO OnActionExecuting Controller:Home Action:Index Parameter:
2018-08-21 11:06:00.1532 INFO OnActionExecuting Controller:Home Action:Index Parameter:
2018-08-21 11:06:04.7853 INFO OnActionExecuting Controller:Account Action:Register Parameter:
2018-08-21 11:06:05.9021 INFO OnActionExecuting Controller:Account Action:Register Parameter:
2018-08-21 11:06:05.9195 INFO OnActionExecuting Controller:Account Action:RegisterPage Parameter:
2018-08-21 11:06:16.1621 INFO OnActionExecuting Controller:Account Action:RegisterPage Parameter:
2018-08-21 11:07:58.3658 INFO OnActionExecuting Controller:Home Action:Index Parameter:
2018-08-21 11:08:01.8972 INFO OnActionExecuting Controller:Profile Action:Index Parameter:
2018-08-21 11:08:03.9840 INFO OnActionExecuting Controller:Profile Action:Delete Parameter:3044
2018-08-21 11:08:06.4056 INFO OnActionExecuting Controller:Profile Action:Delete Parameter:3045
2018-08-21 11:08:07.0446 INFO OnActionExecuting Controller:Profile Action:Delete Parameter:3046
2018-08-21 11:08:07.8221 INFO OnActionExecuting Controller:Home Action:Index Parameter:
2018-08-21 11:08:24.2321 INFO OnActionExecuting Controller:Home Action:Index Parameter:
2018-08-21 11:08:27.1781 INFO OnActionExecuting Controller:Profile Action:Index Parameter:
2018-08-21 11:08:29.0599 INFO OnActionExecuting Controller:Home Action:Index Parameter:
2018-08-21 11:12:29.0366 INFO OnActionExecuting Controller:Home Action:Index Parameter:
2018-08-21 11:12:34.8381 INFO OnActionExecuting Controller:Home Action:Index Parameter:
2018-08-21 11:12:47.5693 INFO OnActionExecuting Controller:Account Action:Login Parameter:
2018-08-21 11:13:02.5448 INFO OnActionExecuting Controller:Account Action:Login Parameter:
2018-08-21 11:13:02.6585 INFO OnActionExecuting Controller:Home Action:Index Parameter:
2018-08-21 11:14:18.5788 INFO OnActionExecuting Controller:Home Action:Index Parameter:
2018-08-21 11:14:24.8519 INFO OnActionExecuting Controller:Account Action:LogOut Parameter:
2018-08-21 11:14:24.8738 INFO OnActionExecuting Controller:Home Action:Index Parameter:
2018-08-21 11:14:32.1842 INFO OnActionExecuting Controller:Account Action:Login Parameter:
2018-08-21 11:14:35.5940 INFO OnActionExecuting Controller:Account Action:Login Parameter:
2018-08-21 11:14:35.6967 INFO OnActionExecuting Controller:Home Action:Index Parameter:
2018-08-21 11:14:37.6772 INFO OnActionExecuting Controller:Account Action:LogOut Parameter:
2018-08-21 11:14:37.6852 INFO OnActionExecuting Controller:Home Action:Index Parameter:
2018-08-21 11:14:39.5413 INFO OnActionExecuting Controller:Account Action:Login Parameter:
2018-08-21 11:14:47.5618 INFO OnActionExecuting Controller:Account Action:Login Parameter:
2018-08-21 11:14:47.5728 INFO OnActionExecuting Controller:Home Action:Index Parameter:
2018-08-21 11:14:49.1058 INFO OnActionExecuting Controller:Profile Action:Index Parameter:
2018-08-21 11:14:51.9943 INFO OnActionExecuting Controller:Home Action:Index Parameter:
2018-08-21 11:14:52.9253 INFO OnActionExecuting Controller:Account Action:LogOut Parameter:
2018-08-21 11:14:52.9331 INFO OnActionExecuting Controller:Home Action:Index Parameter:
2018-08-21 11:14:53.7644 INFO OnActionExecuting Controller:Account Action:Login Parameter:
2018-08-21 11:15:15.9698 INFO OnActionExecuting Controller:Home Action:Index Parameter:
2018-08-21 11:58:46.1468 INFO OnActionExecuting Controller:Home Action:Index Parameter:
2018-08-21 11:59:40.6906 INFO OnActionExecuting Controller:Account Action:Register Parameter:
2018-08-21 11:59:42.4443 INFO OnActionExecuting Controller:Account Action:Register Parameter:
2018-08-21 11:59:42.4622 INFO OnActionExecuting Controller:Account Action:RegisterPage Parameter:
2018-08-21 11:59:57.7691 INFO OnActionExecuting Controller:Account Action:RegisterPage Parameter:
2018-08-21 12:00:02.6003 INFO OnActionExecuting Controller:Account Action:RegisterPage Parameter:
2018-08-21 12:00:04.5093 INFO OnActionExecuting Controller:Home Action:Index Parameter:
2018-08-21 12:00:10.7377 INFO OnActionExecuting Controller:Account Action:LogOut Parameter:
2018-08-21 12:00:10.7466 INFO OnActionExecuting Controller:Home Action:Index Parameter:
2018-08-21 12:00:28.1515 INFO OnActionExecuting Controller:Account Action:Login Parameter:
2018-08-21 12:00:32.9273 INFO OnActionExecuting Controller:Account Action:Login Parameter:
2018-08-21 12:00:32.9473 INFO OnActionExecuting Controller:Home Action:Index Parameter:
2018-08-21 12:00:34.8887 INFO OnActionExecuting Controller:Profile Action:Index Parameter:
2018-08-21 12:00:37.3127 INFO OnActionExecuting Controller:Profile Action:Update Parameter:3047
2018-08-21 12:00:47.1233 INFO OnActionExecuting Controller:Profile Action:Creation Parameter:
2018-08-21 12:00:53.3352 INFO OnActionExecuting Controller:Home Action:Index Parameter:
2018-08-21 12:25:18.3050 INFO OnActionExecuting Controller:Home Action:Index Parameter:
2018-08-21 12:25:24.2195 INFO OnActionExecuting Controller:Account Action:LogOut Parameter:
2018-08-21 12:25:24.2405 INFO OnActionExecuting Controller:Home Action:Index Parameter:
2018-08-21 12:25:25.2982 INFO OnActionExecuting Controller:Account Action:Register Parameter:
2018-08-21 12:25:34.0958 INFO OnActionExecuting Controller:Account Action:Register Parameter:
2018-08-21 12:25:34.1148 INFO OnActionExecuting Controller:Account Action:RegisterPage Parameter:
2018-08-21 12:26:03.7064 INFO OnActionExecuting Controller:Account Action:RegisterPage Parameter:
2018-08-21 12:26:05.5736 INFO OnActionExecuting Controller:Home Action:Index Parameter:
2018-08-21 12:26:25.6392 INFO OnActionExecuting Controller:Account Action:LogOut Parameter:
2018-08-21 12:26:25.6661 INFO OnActionExecuting Controller:Home Action:Index Parameter:
2018-08-21 12:26:26.4556 INFO OnActionExecuting Controller:Account Action:Login Parameter:
2018-08-21 12:26:31.3373 INFO OnActionExecuting Controller:Account Action:Login Parameter:
2018-08-21 12:26:31.3701 INFO OnActionExecuting Controller:Home Action:Index Parameter:
2018-08-21 12:26:33.2595 INFO OnActionExecuting Controller:Profile Action:Index Parameter:
2018-08-21 12:26:35.3064 INFO OnActionExecuting Controller:Home Action:Index Parameter:
2018-08-21 12:26:36.4201 INFO OnActionExecuting Controller:Account Action:LogOut Parameter:
2018-08-21 12:26:36.4201 INFO OnActionExecuting Controller:Home Action:Index Parameter:
2018-08-21 12:26:44.0191 INFO OnActionExecuting Controller:Account Action:Register Parameter:
2018-08-21 12:26:51.2019 INFO OnActionExecuting Controller:Account Action:Register Parameter:
2018-08-21 12:26:53.8903 INFO OnActionExecuting Controller:Account Action:Register Parameter:
2018-08-21 12:26:53.9013 INFO OnActionExecuting Controller:Account Action:RegisterPage Parameter:
2018-08-21 12:27:13.1587 INFO OnActionExecuting Controller:Account Action:RegisterPage Parameter:
2018-08-21 12:27:14.7657 INFO OnActionExecuting Controller:Account Action:RegisterPage Parameter:
2018-08-21 12:27:17.8300 INFO OnActionExecuting Controller:Account Action:RegisterPage Parameter:
2018-08-21 12:27:19.5808 INFO OnActionExecuting Controller:Home Action:Index Parameter:
2018-08-21 12:28:00.2462 INFO OnActionExecuting Controller:Account Action:LogOut Parameter:
2018-08-21 12:28:00.2462 INFO OnActionExecuting Controller:Home Action:Index Parameter:
2018-08-21 12:28:01.0460 INFO OnActionExecuting Controller:Account Action:Register Parameter:
2018-08-21 12:28:02.0219 INFO OnActionExecuting Controller:Account Action:Register Parameter:
2018-08-21 12:28:02.8447 INFO OnActionExecuting Controller:Account Action:Register Parameter:
2018-08-21 12:28:03.2381 INFO OnActionExecuting Controller:Account Action:Register Parameter:
2018-08-21 12:28:03.5402 INFO OnActionExecuting Controller:Account Action:Register Parameter:
2018-08-21 12:28:03.8052 INFO OnActionExecuting Controller:Account Action:Register Parameter:
2018-08-21 12:28:04.0632 INFO OnActionExecuting Controller:Account Action:Register Parameter:
2018-08-21 12:28:04.2518 INFO OnActionExecuting Controller:Account Action:Register Parameter:
2018-08-21 12:28:04.4473 INFO OnActionExecuting Controller:Account Action:Register Parameter:
2018-08-21 12:28:04.6342 INFO OnActionExecuting Controller:Account Action:Register Parameter:
2018-08-21 12:28:04.8511 INFO OnActionExecuting Controller:Account Action:Register Parameter:
2018-08-21 12:28:05.0339 INFO OnActionExecuting Controller:Account Action:Register Parameter:
2018-08-21 12:28:05.2294 INFO OnActionExecuting Controller:Account Action:Register Parameter:
2018-08-21 12:28:05.4547 INFO OnActionExecuting Controller:Account Action:Register Parameter:
2018-08-21 12:28:05.6465 INFO OnActionExecuting Controller:Account Action:Register Parameter:
2018-08-21 12:28:05.8487 INFO OnActionExecuting Controller:Account Action:Register Parameter:
2018-08-21 12:28:06.0371 INFO OnActionExecuting Controller:Account Action:Register Parameter:
2018-08-21 12:28:06.2184 INFO OnActionExecuting Controller:Account Action:Register Parameter:
2018-08-21 12:28:07.8959 INFO OnActionExecuting Controller:Account Action:Register Parameter:
2018-08-21 12:28:08.2555 INFO OnActionExecuting Controller:Account Action:Register Parameter:
2018-08-21 12:28:08.5713 INFO OnActionExecuting Controller:Account Action:Register Parameter:
2018-08-21 12:28:08.8681 INFO OnActionExecuting Controller:Account Action:Register Parameter:
2018-08-21 12:28:09.2048 INFO OnActionExecuting Controller:Account Action:Register Parameter:
2018-08-21 12:28:09.4219 INFO OnActionExecuting Controller:Account Action:Register Parameter:
2018-08-21 12:28:09.6043 INFO OnActionExecuting Controller:Account Action:Register Parameter:
2018-08-21 12:28:09.7829 INFO OnActionExecuting Controller:Account Action:Register Parameter:
2018-08-21 12:28:09.9674 INFO OnActionExecuting Controller:Account Action:Register Parameter:
2018-08-21 12:28:48.4935 INFO OnActionExecuting Controller:Home Action:Index Parameter:
2018-08-21 12:28:50.9521 INFO OnActionExecuting Controller:Account Action:Register Parameter:
2018-08-21 12:28:51.7417 INFO OnActionExecuting Controller:Account Action:Register Parameter:
2018-08-21 12:28:51.7596 INFO OnActionExecuting Controller:Account Action:RegisterPage Parameter:
2018-08-21 12:28:53.0356 INFO OnActionExecuting Controller:Account Action:Register Parameter:
2018-08-21 12:29:03.5212 INFO OnActionExecuting Controller:Account Action:Register Parameter:
2018-08-21 12:29:03.5322 INFO OnActionExecuting Controller:Account Action:RegisterPage Parameter:
2018-08-21 12:29:07.8551 INFO OnActionExecuting Controller:Home Action:Index Parameter:
2018-08-21 12:32:26.3111 INFO OnActionExecuting Controller:Home Action:Index Parameter:
2018-08-21 12:32:30.6966 INFO OnActionExecuting Controller:Account Action:Register Parameter:
2018-08-21 12:32:32.4011 INFO OnActionExecuting Controller:Account Action:Register Parameter:
2018-08-21 12:32:32.4178 INFO OnActionExecuting Controller:Account Action:RegisterPage Parameter:
2018-08-21 12:32:40.9830 INFO OnActionExecuting Controller:Account Action:Register Parameter:
2018-08-21 12:33:18.4828 INFO OnActionExecuting Controller:Home Action:Index Parameter:
2018-08-21 12:33:21.0249 INFO OnActionExecuting Controller:Account Action:Register Parameter:
2018-08-21 12:33:22.6513 INFO OnActionExecuting Controller:Account Action:Register Parameter:
2018-08-21 12:33:22.6702 INFO OnActionExecuting Controller:Account Action:RegisterPage Parameter:
2018-08-21 12:33:39.6727 INFO OnActionExecuting Controller:Account Action:Register Parameter:
2018-08-21 12:35:21.1652 INFO OnActionExecuting Controller:Account Action:Register Parameter:
2018-08-21 12:35:22.1587 INFO OnActionExecuting Controller:Account Action:Login Parameter:
2018-08-21 12:35:22.5335 INFO OnActionExecuting Controller:Home Action:Index Parameter:
2018-08-21 12:35:23.7703 INFO OnActionExecuting Controller:Account Action:Login Parameter:
2018-08-21 12:35:24.3632 INFO OnActionExecuting Controller:Home Action:Index Parameter:
2018-08-21 12:35:24.9337 INFO OnActionExecuting Controller:Account Action:Register Parameter:
2018-08-21 12:35:26.4858 INFO OnActionExecuting Controller:Home Action:Index Parameter:
2018-08-21 12:38:32.8637 INFO OnActionExecuting Controller:Account Action:Register Parameter:
2018-08-21 12:38:36.2730 INFO OnActionExecuting Controller:Account Action:Register Parameter:
2018-08-21 12:38:36.3246 INFO OnActionExecuting Controller:Account Action:RegisterPage Parameter:
2018-08-21 13:34:52.1881 INFO OnActionExecuting Controller:Home Action:Index Parameter:
2018-08-21 13:36:55.5402 INFO OnActionExecuting Controller:Account Action:Login Parameter:
2018-08-21 13:37:00.6786 INFO OnActionExecuting Controller:Account Action:Login Parameter:
2018-08-21 13:37:00.7949 INFO OnActionExecuting Controller:Home Action:Index Parameter:
2018-08-21 13:37:02.4138 INFO OnActionExecuting Controller:Account Action:LogOut Parameter:
2018-08-21 13:37:02.4247 INFO OnActionExecuting Controller:Home Action:Index Parameter:
2018-08-21 13:37:02.9506 INFO OnActionExecuting Controller:Account Action:Register Parameter:
2018-08-21 13:37:16.1677 INFO OnActionExecuting Controller:Account Action:Register Parameter:
2018-08-21 13:38:33.5403 INFO OnActionExecuting Controller:Home Action:Index Parameter:
2018-08-21 13:38:36.3878 INFO OnActionExecuting Controller:Account Action:Register Parameter:
2018-08-21 13:38:45.1816 INFO OnActionExecuting Controller:Account Action:Register Parameter:
2018-08-21 13:39:36.5137 INFO OnActionExecuting Controller:Home Action:Index Parameter:
2018-08-21 13:39:44.9155 INFO OnActionExecuting Controller:Account Action:Register Parameter:
2018-08-21 13:39:54.3810 INFO OnActionExecuting Controller:Account Action:Register Parameter:
2018-08-21 13:47:07.3047 INFO OnActionExecuting Controller:Home Action:Index Parameter:
2018-08-21 13:47:12.3261 INFO OnActionExecuting Controller:Account Action:Register Parameter:
2018-08-21 13:47:43.2474 INFO OnActionExecuting Controller:Account Action:Register Parameter:
2018-08-21 13:47:48.5491 INFO OnActionExecuting Controller:Account Action:Register Parameter:
2018-08-21 13:47:57.7731 INFO OnActionExecuting Controller:Home Action:Index Parameter:
2018-08-21 13:47:58.8182 INFO OnActionExecuting Controller:Account Action:Register Parameter:
2018-08-21 13:48:12.7895 INFO OnActionExecuting Controller:Account Action:Register Parameter:
2018-08-21 13:48:14.1645 INFO OnActionExecuting Controller:Home Action:Index Parameter:
2018-08-21 13:48:29.4616 INFO OnActionExecuting Controller:Home Action:Index Parameter:
2018-08-21 13:48:32.3108 INFO OnActionExecuting Controller:Account Action:Register Parameter:
2018-08-21 13:48:44.7794 INFO OnActionExecuting Controller:Account Action:Register Parameter:
2018-08-21 13:49:28.8433 INFO OnActionExecuting Controller:Home Action:Index Parameter:
2018-08-21 13:49:31.2634 INFO OnActionExecuting Controller:Account Action:Register Parameter:
2018-08-21 13:49:41.6538 INFO OnActionExecuting Controller:Account Action:Register Parameter:
2018-08-21 13:59:17.6194 INFO OnActionExecuting Controller:Home Action:Index Parameter:
2018-08-21 14:00:47.6857 INFO OnActionExecuting Controller:Home Action:Index Parameter:
2018-08-21 14:01:32.1486 INFO OnActionExecuting Controller:Account Action:Register Parameter:
2018-08-21 14:01:33.7165 INFO OnActionExecuting Controller:Account Action:Login Parameter:
2018-08-21 14:01:36.0550 INFO OnActionExecuting Controller:Account Action:Login Parameter:
2018-08-21 14:01:36.1768 INFO OnActionExecuting Controller:Home Action:Index Parameter:
2018-08-21 14:01:37.1221 INFO OnActionExecuting Controller:Profile Action:Index Parameter:
2018-08-21 14:01:41.7586 INFO OnActionExecuting Controller:Profile Action:Delete Parameter:3048
2018-08-21 14:01:44.1833 INFO OnActionExecuting Controller:Profile Action:Delete Parameter:3049
2018-08-21 14:01:44.9553 INFO OnActionExecuting Controller:Profile Action:Delete Parameter:3047
2018-08-21 14:01:46.2558 INFO OnActionExecuting Controller:Profile Action:Index Parameter:
2018-08-21 14:01:46.5538 INFO OnActionExecuting Controller:Home Action:Index Parameter:
2018-08-21 14:01:50.6892 INFO OnActionExecuting Controller:Account Action:LogOut Parameter:
2018-08-21 14:01:50.6981 INFO OnActionExecuting Controller:Home Action:Index Parameter:
2018-08-21 14:01:51.2015 INFO OnActionExecuting Controller:Account Action:Register Parameter:
2018-08-21 14:02:16.8033 INFO OnActionExecuting Controller:Account Action:Register Parameter:
2018-08-21 14:11:39.8931 INFO OnActionExecuting Controller:Home Action:Index Parameter:
2018-08-21 14:11:45.8226 INFO OnActionExecuting Controller:Account Action:Login Parameter:
2018-08-21 14:11:47.6732 INFO OnActionExecuting Controller:Account Action:Login Parameter:
2018-08-21 14:11:47.7960 INFO OnActionExecuting Controller:Home Action:Index Parameter:
2018-08-21 14:11:49.0427 INFO OnActionExecuting Controller:Home Action:Index Parameter:
2018-08-21 14:11:50.0256 INFO OnActionExecuting Controller:Account Action:LogOut Parameter:
2018-08-21 14:11:50.0351 INFO OnActionExecuting Controller:Home Action:Index Parameter:
2018-08-21 14:11:50.6133 INFO OnActionExecuting Controller:Account Action:Register Parameter:
2018-08-21 14:11:51.8063 INFO OnActionExecuting Controller:Account Action:Login Parameter:
2018-08-21 14:11:52.5063 INFO OnActionExecuting Controller:Account Action:Login Parameter:
2018-08-21 14:11:54.1293 INFO OnActionExecuting Controller:Home Action:Index Parameter:
2018-08-21 14:11:54.9972 INFO OnActionExecuting Controller:Account Action:Login Parameter:
2018-08-21 14:11:57.6181 INFO OnActionExecuting Controller:Account Action:Login Parameter:
2018-08-21 14:11:57.6297 INFO OnActionExecuting Controller:Home Action:Index Parameter:
2018-08-21 14:13:22.1029 INFO OnActionExecuting Controller:Home Action:Index Parameter:
2018-08-21 14:13:26.3694 INFO OnActionExecuting Controller:Account Action:LogOut Parameter:
2018-08-21 14:13:26.3898 INFO OnActionExecuting Controller:Home Action:Index Parameter:
2018-08-21 14:13:27.5965 INFO OnActionExecuting Controller:Account Action:Login Parameter:
2018-08-21 14:13:29.2512 INFO OnActionExecuting Controller:Account Action:Login Parameter:
2018-08-21 14:13:47.7480 INFO OnActionExecuting Controller:Home Action:Index Parameter:
2018-08-21 14:13:48.8295 INFO OnActionExecuting Controller:Account Action:Login Parameter:
2018-08-21 14:13:50.7927 INFO OnActionExecuting Controller:Account Action:Login Parameter:
2018-08-21 14:19:25.7786 INFO OnActionExecuting Controller:Home Action:Index Parameter:
2018-08-21 14:19:29.3927 INFO OnActionExecuting Controller:Account Action:Register Parameter:
2018-08-21 14:19:30.6218 INFO OnActionExecuting Controller:Home Action:Index Parameter:
2018-08-21 14:19:31.4655 INFO OnActionExecuting Controller:Account Action:Login Parameter:
2018-08-21 14:19:32.8226 INFO OnActionExecuting Controller:Account Action:Login Parameter:
2018-08-21 14:19:36.9596 INFO OnActionExecuting Controller:Home Action:Index Parameter:
2018-08-21 14:19:37.7850 INFO OnActionExecuting Controller:Account Action:Login Parameter:
2018-08-21 14:19:40.8332 INFO OnActionExecuting Controller:Account Action:Login Parameter:
2018-08-21 14:19:45.3008 INFO OnActionExecuting Controller:Account Action:Login Parameter:
2018-08-21 14:20:28.6902 INFO OnActionExecuting Controller:Home Action:Index Parameter:
2018-08-21 14:20:31.1002 INFO OnActionExecuting Controller:Account Action:Login Parameter:
2018-08-21 14:20:33.2317 INFO OnActionExecuting Controller:Account Action:Login Parameter:
2018-08-21 14:20:34.4618 INFO OnActionExecuting Controller:Account Action:Login Parameter:
2018-08-21 14:20:35.0395 INFO OnActionExecuting Controller:Account Action:Login Parameter:
2018-08-21 14:20:35.3627 INFO OnActionExecuting Controller:Account Action:Login Parameter:
2018-08-21 14:20:35.7022 INFO OnActionExecuting Controller:Account Action:Login Parameter:
2018-08-21 14:20:35.9025 INFO OnActionExecuting Controller:Account Action:Login Parameter:
2018-08-21 14:20:36.0756 INFO OnActionExecuting Controller:Account Action:Login Parameter:
2018-08-21 14:21:24.6330 INFO OnActionExecuting Controller:Home Action:Index Parameter:
2018-08-21 14:21:38.3653 INFO OnActionExecuting Controller:Home Action:Index Parameter:
2018-08-21 14:21:41.1880 INFO OnActionExecuting Controller:Account Action:Login Parameter:
2018-08-21 14:21:42.4540 INFO OnActionExecuting Controller:Account Action:Login Parameter:
2018-08-21 14:21:43.3672 INFO OnActionExecuting Controller:Home Action:Index Parameter:
2018-08-21 14:21:44.5162 INFO OnActionExecuting Controller:Account Action:Login Parameter:
2018-08-21 14:21:46.1396 INFO OnActionExecuting Controller:Account Action:Login Parameter:
2018-08-21 14:21:46.7606 INFO OnActionExecuting Controller:Account Action:Login Parameter:
2018-08-21 14:21:47.1457 INFO OnActionExecuting Controller:Account Action:Login Parameter:
2018-08-21 14:21:47.3628 INFO OnActionExecuting Controller:Account Action:Login Parameter:
2018-08-21 14:21:47.5524 INFO OnActionExecuting Controller:Account Action:Login Parameter:
2018-08-21 14:21:47.7330 INFO OnActionExecuting Controller:Account Action:Login Parameter:
2018-08-21 14:21:47.9085 INFO OnActionExecuting Controller:Account Action:Login Parameter:
2018-08-21 14:21:48.0818 INFO OnActionExecuting Controller:Account Action:Login Parameter:
2018-08-21 14:21:48.2369 INFO OnActionExecuting Controller:Account Action:Login Parameter:
2018-08-21 14:21:49.1140 INFO OnActionExecuting Controller:Home Action:Index Parameter:
2018-08-21 14:21:49.7778 INFO OnActionExecuting Controller:Account Action:Register Parameter:
2018-08-21 14:22:03.5860 INFO OnActionExecuting Controller:Account Action:Register Parameter:
2018-08-21 14:23:05.5110 INFO OnActionExecuting Controller:Home Action:Index Parameter:
2018-08-21 14:23:08.8128 INFO OnActionExecuting Controller:Account Action:Login Parameter:
2018-08-21 14:23:09.5885 INFO OnActionExecuting Controller:Account Action:Login Parameter:
2018-08-21 14:23:10.8290 INFO OnActionExecuting Controller:Home Action:Index Parameter:
2018-08-21 14:23:11.8515 INFO OnActionExecuting Controller:Account Action:Login Parameter:
2018-08-21 14:23:13.9816 INFO OnActionExecuting Controller:Account Action:Login Parameter:
2018-08-21 14:23:14.6435 INFO OnActionExecuting Controller:Account Action:Login Parameter:
2018-08-21 14:23:14.8441 INFO OnActionExecuting Controller:Account Action:Login Parameter:
2018-08-21 14:23:15.0133 INFO OnActionExecuting Controller:Account Action:Login Parameter:
2018-08-21 14:23:15.1977 INFO OnActionExecuting Controller:Account Action:Login Parameter:
2018-08-21 14:23:15.3611 INFO OnActionExecuting Controller:Account Action:Login Parameter:
2018-08-21 14:23:15.5095 INFO OnActionExecuting Controller:Account Action:Login Parameter:
2018-08-21 14:23:15.6677 INFO OnActionExecuting Controller:Account Action:Login Parameter:
2018-08-21 14:23:15.8489 INFO OnActionExecuting Controller:Account Action:Login Parameter:
2018-08-21 14:23:16.0327 INFO OnActionExecuting Controller:Account Action:Login Parameter:
2018-08-21 14:24:26.8472 INFO OnActionExecuting Controller:Home Action:Index Parameter:
2018-08-21 14:24:31.2532 INFO OnActionExecuting Controller:Account Action:Login Parameter:
2018-08-21 14:24:33.2358 INFO OnActionExecuting Controller:Account Action:Login Parameter:
2018-08-21 14:24:50.7579 INFO OnActionExecuting Controller:Home Action:Index Parameter:
2018-08-21 14:24:53.0841 INFO OnActionExecuting Controller:Profile Action:Index Parameter:
2018-08-21 14:24:55.0043 INFO OnActionExecuting Controller:Profile Action:Create Parameter:
2018-08-21 14:25:08.9366 INFO OnActionExecuting Controller:Profile Action:Creation Parameter:
2018-08-21 14:25:12.3066 INFO OnActionExecuting Controller:Profile Action:Update Parameter:3056
2018-08-21 14:25:15.6812 INFO OnActionExecuting Controller:Home Action:Index Parameter:
2018-08-21 14:26:06.8087 INFO OnActionExecuting Controller:Home Action:Index Parameter:
2018-08-21 14:26:09.3461 INFO OnActionExecuting Controller:Profile Action:Index Parameter:
2018-08-21 14:26:13.9236 INFO OnActionExecuting Controller:Profile Action:Create Parameter:
2018-08-21 14:26:21.7907 INFO OnActionExecuting Controller:Profile Action:Creation Parameter:
2018-08-21 14:28:01.3740 INFO OnActionExecuting Controller:Home Action:Index Parameter:
2018-08-21 14:28:07.3777 INFO OnActionExecuting Controller:Profile Action:Index Parameter:
2018-08-21 14:28:08.9570 INFO OnActionExecuting Controller:Profile Action:Create Parameter:
2018-08-21 14:28:13.9508 INFO OnActionExecuting Controller:Profile Action:Creation Parameter:
2018-08-21 14:28:20.7886 INFO OnActionExecuting Controller:Profile Action:Creation Parameter:
2018-08-21 14:28:24.1414 INFO OnActionExecuting Controller:Profile Action:Update Parameter:3057
2018-08-21 14:28:25.3679 INFO OnActionExecuting Controller:Home Action:Index Parameter:
2018-08-21 14:28:26.9446 INFO OnActionExecuting Controller:Account Action:LogOut Parameter:
2018-08-21 14:28:26.9629 INFO OnActionExecuting Controller:Home Action:Index Parameter:
2018-08-21 14:28:28.2410 INFO OnActionExecuting Controller:Account Action:Login Parameter:
2018-08-21 14:28:30.2588 INFO OnActionExecuting Controller:Account Action:Login Parameter:
2018-08-21 14:28:32.2563 INFO OnActionExecuting Controller:Home Action:Index Parameter:
2018-08-21 14:28:33.2847 INFO OnActionExecuting Controller:Account Action:LogOut Parameter:
2018-08-21 14:28:33.2927 INFO OnActionExecuting Controller:Home Action:Index Parameter:
2018-08-21 14:34:42.8628 INFO OnActionExecuting Controller:Home Action:Index Parameter:
2018-08-21 14:34:48.2228 INFO OnActionExecuting Controller:Account Action:Login Parameter:
2018-08-21 14:34:57.5401 INFO OnActionExecuting Controller:Account Action:Login Parameter:
2018-08-21 14:35:51.2137 INFO OnActionExecuting Controller:Home Action:Index Parameter:
2018-08-21 14:35:54.2634 INFO OnActionExecuting Controller:Account Action:Login Parameter:
2018-08-21 14:35:55.7267 INFO OnActionExecuting Controller:Account Action:Login Parameter:
2018-08-21 14:38:06.8773 INFO OnActionExecuting Controller:Home Action:Index Parameter:
2018-08-21 14:38:42.2458 INFO OnActionExecuting Controller:Account Action:Register Parameter:
2018-08-21 14:38:51.9973 INFO OnActionExecuting Controller:Account Action:Register Parameter:
2018-08-21 14:45:14.0029 INFO OnActionExecuting Controller:Home Action:Index Parameter:
2018-08-21 14:45:47.9424 INFO OnActionExecuting Controller:Home Action:Index Parameter:
2018-08-21 14:45:53.3006 INFO OnActionExecuting Controller:Account Action:Login Parameter:
2018-08-21 14:45:55.1419 INFO OnActionExecuting Controller:Account Action:Login Parameter:
2018-08-21 14:45:56.9298 INFO OnActionExecuting Controller:Account Action:Register Parameter:
2018-08-21 14:46:10.6267 INFO OnActionExecuting Controller:Account Action:Register Parameter:
2018-08-21 14:46:24.0090 INFO OnActionExecuting Controller:Home Action:Index Parameter:
2018-08-21 14:49:17.2298 INFO OnActionExecuting Controller:Home Action:Index Parameter:
2018-08-21 14:49:25.4189 INFO OnActionExecuting Controller:Home Action:Index Parameter:
2018-08-21 14:50:48.9913 INFO OnActionExecuting Controller:Home Action:Index Parameter:
2018-08-21 14:50:54.8779 INFO OnActionExecuting Controller:Account Action:Login Parameter:
2018-08-21 14:50:56.6389 INFO OnActionExecuting Controller:Account Action:Login Parameter:
2018-08-21 14:50:57.9398 INFO OnActionExecuting Controller:Account Action:Login Parameter:
2018-08-21 14:50:58.7842 INFO OnActionExecuting Controller:Account Action:Login Parameter:
2018-08-21 14:50:59.2874 INFO OnActionExecuting Controller:Account Action:Register Parameter:
2018-08-21 14:51:11.6929 INFO OnActionExecuting Controller:Account Action:Register Parameter:
2018-08-21 14:51:15.6600 INFO OnActionExecuting Controller:Home Action:Index Parameter:
2018-08-21 14:51:17.7340 INFO OnActionExecuting Controller:Account Action:Login Parameter:
2018-08-21 14:51:42.1014 INFO OnActionExecuting Controller:Home Action:Index Parameter:
2018-08-21 14:51:47.1093 INFO OnActionExecuting Controller:Account Action:Login Parameter:
2018-08-21 14:51:49.3308 INFO OnActionExecuting Controller:Account Action:Login Parameter:
2018-08-21 14:51:49.4542 INFO OnActionExecuting Controller:Home Action:Index Parameter:
2018-08-21 14:51:50.3457 INFO OnActionExecuting Controller:Profile Action:Index Parameter:
2018-08-21 14:52:04.8805 INFO OnActionExecuting Controller:Profile Action:Delete Parameter:3056
2018-08-21 14:52:05.4073 INFO OnActionExecuting Controller:Profile Action:Delete Parameter:3056
2018-08-21 14:52:05.6034 INFO OnActionExecuting Controller:Profile Action:Delete Parameter:3056
2018-08-21 14:52:37.4170 INFO OnActionExecuting Controller:Home Action:Index Parameter:
2018-08-21 14:52:51.9282 INFO OnActionExecuting Controller:Profile Action:Index Parameter:
2018-08-21 14:52:53.7748 INFO OnActionExecuting Controller:Profile Action:Delete Parameter:3057
2018-08-21 14:52:55.1855 INFO OnActionExecuting Controller:Profile Action:Delete Parameter:3060
2018-08-21 14:52:56.4043 INFO OnActionExecuting Controller:Profile Action:Delete Parameter:3061
2018-08-21 14:52:57.0435 INFO OnActionExecuting Controller:Profile Action:Delete Parameter:3062
2018-08-21 14:52:58.0653 INFO OnActionExecuting Controller:Profile Action:Delete Parameter:3063
2018-08-21 14:52:58.9960 INFO OnActionExecuting Controller:Profile Action:Delete Parameter:3064
2018-08-21 14:52:59.5549 INFO OnActionExecuting Controller:Profile Action:Delete Parameter:3065
2018-08-21 14:53:00.2033 INFO OnActionExecuting Controller:Profile Action:Delete Parameter:3067
2018-08-21 14:53:00.8819 INFO OnActionExecuting Controller:Profile Action:Delete Parameter:3068
2018-08-21 14:53:01.4759 INFO OnActionExecuting Controller:Profile Action:Delete Parameter:3069
2018-08-21 14:53:02.2012 INFO OnActionExecuting Controller:Profile Action:Delete Parameter:3070
2018-08-21 14:53:02.7986 INFO OnActionExecuting Controller:Profile Action:Delete Parameter:3071
2018-08-21 14:53:03.3141 INFO OnActionExecuting Controller:Profile Action:Delete Parameter:3072
2018-08-21 14:53:03.9884 INFO OnActionExecuting Controller:Home Action:Index Parameter:
2018-08-21 14:53:06.2083 INFO OnActionExecuting Controller:Profile Action:Index Parameter:
2018-08-21 14:53:07.1039 INFO OnActionExecuting Controller:Home Action:Index Parameter:
2018-08-21 14:53:10.9642 INFO OnActionExecuting Controller:Account Action:LogOut Parameter:
2018-08-21 14:53:10.9822 INFO OnActionExecuting Controller:Home Action:Index Parameter:
2018-08-21 14:53:16.0886 INFO OnActionExecuting Controller:Home Action:Index Parameter:
2018-08-21 14:53:17.4591 INFO OnActionExecuting Controller:Home Action:Index Parameter:
2018-08-21 14:53:18.3912 INFO OnActionExecuting Controller:Home Action:Index Parameter:
2018-08-21 14:53:19.0448 INFO OnActionExecuting Controller:Home Action:Index Parameter:
2018-08-21 14:53:19.6611 INFO OnActionExecuting Controller:Home Action:Index Parameter:
2018-08-21 14:53:26.4353 INFO OnActionExecuting Controller:Home Action:Index Parameter:
2018-08-21 14:53:27.6762 INFO OnActionExecuting Controller:Account Action:Login Parameter:
2018-08-21 14:53:29.3843 INFO OnActionExecuting Controller:Account Action:Login Parameter:
2018-08-21 14:53:29.4862 INFO OnActionExecuting Controller:Home Action:Index Parameter:
2018-08-21 14:53:31.5483 INFO OnActionExecuting Controller:Account Action:LogOut Parameter:
2018-08-21 14:53:31.5801 INFO OnActionExecuting Controller:Home Action:Index Parameter:
2018-08-21 14:53:35.1749 INFO OnActionExecuting Controller:Account Action:Login Parameter:
2018-08-21 14:53:37.9547 INFO OnActionExecuting Controller:Account Action:Login Parameter:
2018-08-21 14:53:37.9665 INFO OnActionExecuting Controller:Home Action:Index Parameter:
2018-08-21 14:53:39.1402 INFO OnActionExecuting Controller:Account Action:LogOut Parameter:
2018-08-21 14:53:39.1402 INFO OnActionExecuting Controller:Home Action:Index Parameter:
2018-08-21 14:54:37.7084 INFO OnActionExecuting Controller:Home Action:Index Parameter:
2018-08-21 14:54:42.5664 INFO OnActionExecuting Controller:Account Action:Register Parameter:
2018-08-21 14:54:59.5301 INFO OnActionExecuting Controller:Account Action:Register Parameter:
2018-08-21 14:57:15.5735 INFO OnActionExecuting Controller:Home Action:Index Parameter:
2018-08-21 14:57:17.6788 INFO OnActionExecuting Controller:Account Action:Login Parameter:
2018-08-21 14:57:27.5781 INFO OnActionExecuting Controller:Account Action:Login Parameter:
2018-08-21 14:57:27.7086 INFO OnActionExecuting Controller:Home Action:Index Parameter:
2018-08-21 14:57:44.6745 INFO OnActionExecuting Controller:Home Action:Index Parameter:
2018-08-21 14:57:47.1189 INFO OnActionExecuting Controller:Account Action:LogOut Parameter:
2018-08-21 14:57:47.1391 INFO OnActionExecuting Controller:Home Action:Index Parameter:
2018-08-21 14:57:48.2172 INFO OnActionExecuting Controller:Account Action:Login Parameter:
2018-08-21 14:57:54.1410 INFO OnActionExecuting Controller:Account Action:Login Parameter:
2018-08-21 15:36:11.2106 INFO OnActionExecuting Controller:Home Action:Index Parameter:
2018-08-21 15:36:50.5023 INFO OnActionExecuting Controller:Account Action:Register Parameter:
2018-08-21 15:37:01.9009 INFO OnActionExecuting Controller:Account Action:Register Parameter:
2018-08-21 15:41:20.5880 INFO OnActionExecuting Controller:Home Action:Index Parameter:
2018-08-21 15:42:14.1270 INFO OnActionExecuting Controller:Account Action:Register Parameter:
2018-08-21 15:42:25.7532 INFO OnActionExecuting Controller:Account Action:Register Parameter:
2018-08-21 15:46:48.9172 INFO OnActionExecuting Controller:Home Action:Index Parameter:
2018-08-21 15:47:06.1107 INFO OnActionExecuting Controller:Profile Action:Index Parameter:
2018-08-21 15:47:09.3147 INFO OnActionExecuting Controller:Profile Action:Delete Parameter:3073
2018-08-21 15:47:15.1222 INFO OnActionExecuting Controller:Profile Action:Delete Parameter:3074
2018-08-21 15:47:17.6757 INFO OnActionExecuting Controller:Profile Action:Delete Parameter:3077
2018-08-21 15:47:18.3775 INFO OnActionExecuting Controller:Profile Action:Delete Parameter:3078
2018-08-21 15:47:18.9281 INFO OnActionExecuting Controller:Profile Action:Delete Parameter:3079
2018-08-21 15:47:19.6423 INFO OnActionExecuting Controller:Profile Action:Delete Parameter:3080
2018-08-21 15:47:20.3045 INFO OnActionExecuting Controller:Profile Action:Delete Parameter:3081
2018-08-21 15:47:20.8312 INFO OnActionExecuting Controller:Profile Action:Delete Parameter:3082
2018-08-21 15:47:21.3444 INFO OnActionExecuting Controller:Profile Action:Delete Parameter:3083
2018-08-21 15:47:21.8198 INFO OnActionExecuting Controller:Profile Action:Delete Parameter:3084
2018-08-21 15:47:22.3219 INFO OnActionExecuting Controller:Profile Action:Delete Parameter:3085
2018-08-21 15:47:22.8243 INFO OnActionExecuting Controller:Profile Action:Delete Parameter:3087
2018-08-21 15:47:23.2808 INFO OnActionExecuting Controller:Profile Action:Delete Parameter:3088
2018-08-21 15:47:23.7522 INFO OnActionExecuting Controller:Profile Action:Delete Parameter:3089
2018-08-21 15:47:24.3426 INFO OnActionExecuting Controller:Profile Action:Delete Parameter:3075
2018-08-21 15:47:27.7234 INFO OnActionExecuting Controller:Home Action:Index Parameter:
2018-08-21 15:47:33.5049 INFO OnActionExecuting Controller:Account Action:LogOut Parameter:
2018-08-21 15:47:33.5140 INFO OnActionExecuting Controller:Home Action:Index Parameter:
2018-08-21 15:48:00.7250 INFO OnActionExecuting Controller:Account Action:Register Parameter:
2018-08-21 15:48:13.1562 INFO OnActionExecuting Controller:Account Action:Register Parameter:
2018-08-21 15:48:16.0388 INFO OnActionExecuting Controller:Home Action:Index Parameter:
2018-08-21 15:48:19.9534 INFO OnActionExecuting Controller:User Action:Index Parameter:
2018-08-21 15:48:21.9344 INFO OnActionExecuting Controller:Account Action:LogOut Parameter:
2018-08-21 15:48:21.9344 INFO OnActionExecuting Controller:Home Action:Index Parameter:
2018-08-21 15:50:12.4392 INFO OnActionExecuting Controller:Home Action:Index Parameter:
2018-08-21 15:50:48.2571 INFO OnActionExecuting Controller:Home Action:Index Parameter:
2018-08-21 15:53:07.2607 INFO OnActionExecuting Controller:Account Action:Register Parameter:
2018-08-21 15:53:17.4474 INFO OnActionExecuting Controller:Account Action:Register Parameter:
2018-08-21 15:59:32.0344 INFO OnActionExecuting Controller:Home Action:Index Parameter:
2018-08-21 16:00:46.2090 INFO OnActionExecuting Controller:Account Action:Register Parameter:
2018-08-21 16:00:56.2624 INFO OnActionExecuting Controller:Account Action:Register Parameter:
2018-08-21 16:05:54.2724 INFO OnActionExecuting Controller:Home Action:Index Parameter:
2018-08-21 16:06:24.8516 INFO OnActionExecuting Controller:Account Action:Register Parameter:
2018-08-21 16:06:43.2116 INFO OnActionExecuting Controller:Account Action:Register Parameter:
2018-08-21 16:09:17.2087 INFO OnActionExecuting Controller:Home Action:Index Parameter:
2018-08-21 16:09:19.6545 INFO OnActionExecuting Controller:Account Action:Login Parameter:
2018-08-21 16:09:20.4424 INFO OnActionExecuting Controller:Account Action:Register Parameter:
2018-08-21 16:09:22.2477 INFO OnActionExecuting Controller:Account Action:Register Parameter:
2018-08-21 16:09:31.8076 INFO OnActionExecuting Controller:Home Action:Index Parameter:
2018-08-21 16:09:33.3601 INFO OnActionExecuting Controller:Account Action:Register Parameter:
2018-08-21 16:09:45.3815 INFO OnActionExecuting Controller:Account Action:Register Parameter:
2018-08-21 16:09:47.4039 INFO OnActionExecuting Controller:Home Action:Index Parameter:
2018-08-21 16:09:54.4877 INFO OnActionExecuting Controller:Account Action:LogOut Parameter:
2018-08-21 16:09:54.4977 INFO OnActionExecuting Controller:Home Action:Index Parameter:
2018-08-21 16:10:23.1283 INFO OnActionExecuting Controller:Account Action:Login Parameter:
2018-08-21 16:10:23.7545 INFO OnActionExecuting Controller:Account Action:Login Parameter:
2018-08-21 16:10:24.5682 INFO OnActionExecuting Controller:Home Action:Index Parameter:
2018-08-21 16:10:25.5372 INFO OnActionExecuting Controller:Account Action:Login Parameter:
2018-08-21 16:10:26.9539 INFO OnActionExecuting Controller:Account Action:Login Parameter:
2018-08-21 16:10:29.4896 INFO OnActionExecuting Controller:Home Action:Index Parameter:
2018-08-21 16:10:30.6467 INFO OnActionExecuting Controller:Account Action:Login Parameter:
2018-08-21 16:10:33.3001 INFO OnActionExecuting Controller:Account Action:Login Parameter:
2018-08-21 16:10:37.5933 INFO OnActionExecuting Controller:Account Action:Login Parameter:
2018-08-21 16:10:37.6172 INFO OnActionExecuting Controller:Home Action:Index Parameter:
2018-08-21 16:10:38.4959 INFO OnActionExecuting Controller:Profile Action:Index Parameter:
2018-08-21 16:10:42.3615 INFO OnActionExecuting Controller:Profile Action:Delete Parameter:3092
2018-08-21 16:10:44.9783 INFO OnActionExecuting Controller:Profile Action:Delete Parameter:3093
2018-08-21 16:10:46.1628 INFO OnActionExecuting Controller:Profile Action:Delete Parameter:3094
2018-08-21 16:10:46.7779 INFO OnActionExecuting Controller:Profile Action:Delete Parameter:3095
2018-08-21 16:10:47.2656 INFO OnActionExecuting Controller:Profile Action:Delete Parameter:3096
2018-08-21 16:10:47.7064 INFO OnActionExecuting Controller:Profile Action:Delete Parameter:3097
2018-08-21 16:10:48.1441 INFO OnActionExecuting Controller:Profile Action:Delete Parameter:3099
2018-08-21 16:10:48.5572 INFO OnActionExecuting Controller:Profile Action:Delete Parameter:3100
2018-08-21 16:10:49.0093 INFO OnActionExecuting Controller:Profile Action:Delete Parameter:3101
2018-08-21 16:10:49.3918 INFO OnActionExecuting Controller:Profile Action:Delete Parameter:3103
2018-08-21 16:10:49.8037 INFO OnActionExecuting Controller:Profile Action:Delete Parameter:3104
2018-08-21 16:10:50.1923 INFO OnActionExecuting Controller:Profile Action:Delete Parameter:3105
2018-08-21 16:10:50.5563 INFO OnActionExecuting Controller:Profile Action:Delete Parameter:3107
2018-08-21 16:10:50.9697 INFO OnActionExecuting Controller:Profile Action:Delete Parameter:3108
2018-08-21 16:10:51.3843 INFO OnActionExecuting Controller:Profile Action:Delete Parameter:3109
2018-08-21 16:10:52.7399 INFO OnActionExecuting Controller:Home Action:Index Parameter:
2018-08-21 16:10:53.8307 INFO OnActionExecuting Controller:Account Action:LogOut Parameter:
2018-08-21 16:10:53.8307 INFO OnActionExecuting Controller:Home Action:Index Parameter:
2018-08-21 16:16:23.2077 INFO OnActionExecuting Controller:Home Action:Index Parameter:
2018-08-21 16:16:26.6937 INFO OnActionExecuting Controller:Account Action:Register Parameter:
2018-08-21 16:16:36.2354 INFO OnActionExecuting Controller:Account Action:Register Parameter:
2018-08-21 16:16:38.2468 INFO OnActionExecuting Controller:Home Action:Index Parameter:
2018-08-21 16:16:41.6661 INFO OnActionExecuting Controller:Account Action:LogOut Parameter:
2018-08-21 16:16:41.6771 INFO OnActionExecuting Controller:Home Action:Index Parameter:
2018-08-21 16:17:28.1188 INFO OnActionExecuting Controller:Home Action:Index Parameter:
2018-08-21 16:18:10.9419 INFO OnActionExecuting Controller:Home Action:Index Parameter:
2018-08-21 16:18:22.6133 INFO OnActionExecuting Controller:Account Action:Register Parameter:
2018-08-21 16:18:24.9978 INFO OnActionExecuting Controller:Account Action:Login Parameter:
2018-08-21 16:18:31.0002 INFO OnActionExecuting Controller:Account Action:Login Parameter:
2018-08-21 16:18:31.1315 INFO OnActionExecuting Controller:Home Action:Index Parameter:
2018-08-21 16:18:32.7217 INFO OnActionExecuting Controller:Profile Action:Index Parameter:
2018-08-21 16:18:41.2727 INFO OnActionExecuting Controller:Home Action:Index Parameter:
2018-08-21 16:18:41.8633 INFO OnActionExecuting Controller:Account Action:LogOut Parameter:
2018-08-21 16:18:41.8722 INFO OnActionExecuting Controller:Home Action:Index Parameter:
2018-08-21 16:18:42.4061 INFO OnActionExecuting Controller:Account Action:Register Parameter:
2018-08-21 16:18:52.2447 INFO OnActionExecuting Controller:Account Action:Register Parameter:
2018-08-21 16:18:59.2908 INFO OnActionExecuting Controller:Home Action:Index Parameter:
2018-08-21 16:19:00.8074 INFO OnActionExecuting Controller:Account Action:Register Parameter:
2018-08-21 16:19:08.5356 INFO OnActionExecuting Controller:Account Action:Register Parameter:
2018-08-21 16:19:12.4101 INFO OnActionExecuting Controller:Account Action:Register Parameter:
2018-08-21 16:27:01.0312 INFO OnActionExecuting Controller:Home Action:Index Parameter:
2018-08-21 16:27:04.5830 INFO OnActionExecuting Controller:Account Action:Register Parameter:
2018-08-21 16:27:13.7656 INFO OnActionExecuting Controller:Account Action:Register Parameter:
2018-08-21 16:28:23.2415 INFO OnActionExecuting Controller:Home Action:Index Parameter:
2018-08-21 16:28:24.4535 INFO OnActionExecuting Controller:Account Action:Register Parameter:
2018-08-21 16:28:34.2113 INFO OnActionExecuting Controller:Account Action:Register Parameter:
2018-08-21 16:44:57.8424 INFO OnActionExecuting Controller:Home Action:Index Parameter:
2018-08-21 16:45:05.6488 INFO OnActionExecuting Controller:Account Action:Register Parameter:
2018-08-21 16:45:15.2055 INFO OnActionExecuting Controller:Account Action:Register Parameter:
2018-08-21 16:58:33.3053 INFO OnActionExecuting Controller:Home Action:Index Parameter:
2018-08-21 16:58:36.7513 INFO OnActionExecuting Controller:Account Action:Register Parameter:
2018-08-21 16:58:39.4958 INFO OnActionExecuting Controller:Account Action:Register Parameter:
2018-08-21 16:58:39.7632 INFO OnActionExecuting Controller:Account Action:Login Parameter:
2018-08-21 16:58:45.5470 INFO OnActionExecuting Controller:Account Action:Login Parameter:
2018-08-21 16:58:45.6787 INFO OnActionExecuting Controller:Home Action:Index Parameter:
2018-08-21 16:58:47.0766 INFO OnActionExecuting Controller:Profile Action:Index Parameter:
2018-08-21 16:58:50.9535 INFO OnActionExecuting Controller:Home Action:Index Parameter:
2018-08-21 16:58:52.5276 INFO OnActionExecuting Controller:Account Action:LogOut Parameter:
2018-08-21 16:58:52.5276 INFO OnActionExecuting Controller:Home Action:Index Parameter:
2018-08-21 16:58:53.9760 INFO OnActionExecuting Controller:Account Action:Login Parameter:
2018-08-21 16:58:58.3092 INFO OnActionExecuting Controller:Account Action:Login Parameter:
2018-08-21 16:58:58.3441 INFO OnActionExecuting Controller:Home Action:Index Parameter:
2018-08-21 16:58:59.1660 INFO OnActionExecuting Controller:Home Action:Index Parameter:
2018-08-21 16:58:59.8165 INFO OnActionExecuting Controller:Home Action:Index Parameter:
2018-08-21 16:58:59.9816 INFO OnActionExecuting Controller:Home Action:Index Parameter:
2018-08-21 16:59:00.1992 INFO OnActionExecuting Controller:Home Action:Index Parameter:
2018-08-21 16:59:00.7357 INFO OnActionExecuting Controller:Account Action:LogOut Parameter:
2018-08-21 16:59:00.7357 INFO OnActionExecuting Controller:Home Action:Index Parameter:
2018-08-21 16:59:01.1847 INFO OnActionExecuting Controller:Account Action:Register Parameter:
2018-08-21 16:59:10.5345 INFO OnActionExecuting Controller:Account Action:Register Parameter:
2018-08-21 17:01:22.0376 INFO OnActionExecuting Controller:Home Action:Index Parameter:
2018-08-21 17:01:25.8502 INFO OnActionExecuting Controller:Account Action:Register Parameter:
2018-08-21 17:01:37.5667 INFO OnActionExecuting Controller:Account Action:Register Parameter:
2018-08-21 17:05:11.7397 INFO OnActionExecuting Controller:Home Action:Index Parameter:
2018-08-21 17:05:16.8272 INFO OnActionExecuting Controller:Account Action:Register Parameter:
2018-08-21 17:05:26.1973 INFO OnActionExecuting Controller:Account Action:Register Parameter:
2018-08-21 17:10:28.2038 INFO OnActionExecuting Controller:Home Action:Index Parameter:
2018-08-21 17:12:08.6435 INFO OnActionExecuting Controller:Home Action:Index Parameter:
2018-08-21 17:12:12.1539 INFO OnActionExecuting Controller:Account Action:Register Parameter:
2018-08-21 17:12:21.5728 INFO OnActionExecuting Controller:Account Action:Register Parameter:
2018-08-21 17:12:47.7111 INFO OnActionExecuting Controller:Home Action:Index Parameter:
2018-08-21 17:13:15.2031 INFO OnActionExecuting Controller:Account Action:Register Parameter:
2018-08-21 17:13:23.8270 INFO OnActionExecuting Controller:Account Action:Register Parameter:
2018-08-21 17:13:33.3686 INFO OnActionExecuting Controller:Home Action:Index Parameter:
2018-08-21 17:13:50.5298 INFO OnActionExecuting Controller:Home Action:Index Parameter:
2018-08-21 17:13:59.2651 INFO OnActionExecuting Controller:Account Action:Register Parameter:
2018-08-21 17:14:09.5655 INFO OnActionExecuting Controller:Account Action:Register Parameter:
2018-08-21 17:19:19.0586 INFO OnActionExecuting Controller:Home Action:Index Parameter:
2018-08-21 17:19:22.9855 INFO OnActionExecuting Controller:Account Action:Register Parameter:
2018-08-21 17:19:33.1463 INFO OnActionExecuting Controller:Account Action:Register Parameter:
2018-08-21 17:23:06.0255 INFO OnActionExecuting Controller:Home Action:Index Parameter:
2018-08-21 17:23:08.3341 INFO OnActionExecuting Controller:Account Action:Register Parameter:
2018-08-21 17:23:17.3650 INFO OnActionExecuting Controller:Account Action:Register Parameter:
2018-08-21 17:59:54.4180 INFO OnActionExecuting Controller:Home Action:Index Parameter:
2018-08-21 18:08:32.9028 INFO OnActionExecuting Controller:Home Action:Index Parameter:
2018-08-21 18:29:59.6222 INFO OnActionExecuting Controller:Home Action:Index Parameter:
2018-08-21 18:30:03.4389 INFO OnActionExecuting Controller:Account Action:Register Parameter:
2018-08-21 18:30:11.9613 INFO OnActionExecuting Controller:Account Action:Register Parameter:
2018-08-21 18:30:17.7794 INFO OnActionExecuting Controller:Account Action:Register Parameter:
2018-08-21 18:33:16.6254 INFO OnActionExecuting Controller:Home Action:Index Parameter:
2018-08-21 18:33:19.2491 INFO OnActionExecuting Controller:Account Action:Register Parameter:
2018-08-21 18:33:28.2034 INFO OnActionExecuting Controller:Account Action:Register Parameter:
2018-08-21 18:33:32.1156 INFO OnActionExecuting Controller:Account Action:Register Parameter:
2018-08-21 18:36:35.3214 INFO OnActionExecuting Controller:Home Action:Index Parameter:
2018-08-21 18:36:40.2262 INFO OnActionExecuting Controller:Account Action:Register Parameter:
2018-08-21 18:36:52.5977 INFO OnActionExecuting Controller:Account Action:Register Parameter:
2018-08-21 18:37:39.0133 INFO OnActionExecuting Controller:Home Action:Index Parameter:
2018-08-21 18:39:08.2416 INFO OnActionExecuting Controller:Account Action:Register Parameter:
2018-08-21 18:39:18.6615 INFO OnActionExecuting Controller:Account Action:Register Parameter:
2018-08-21 18:39:23.7061 INFO OnActionExecuting Controller:Account Action:Register Parameter:
2018-08-21 18:39:25.6197 INFO OnActionExecuting Controller:Home Action:Index Parameter:
2018-08-21 18:39:28.0932 INFO OnActionExecuting Controller:Account Action:LogOut Parameter:
2018-08-21 18:39:28.0932 INFO OnActionExecuting Controller:Home Action:Index Parameter:
2018-08-21 18:40:53.0133 INFO OnActionExecuting Controller:Home Action:Index Parameter:
2018-08-21 18:40:55.6968 INFO OnActionExecuting Controller:Account Action:Login Parameter:
2018-08-21 18:41:00.7211 INFO OnActionExecuting Controller:Account Action:Login Parameter:
2018-08-21 18:41:03.9603 INFO OnActionExecuting Controller:Account Action:Login Parameter:
2018-08-21 18:41:04.0642 INFO OnActionExecuting Controller:Home Action:Index Parameter:
2018-08-21 18:41:05.3216 INFO OnActionExecuting Controller:Profile Action:Index Parameter:
2018-08-21 18:41:12.9432 INFO OnActionExecuting Controller:Home Action:Index Parameter:
2018-08-21 18:41:14.2100 INFO OnActionExecuting Controller:Account Action:LogOut Parameter:
2018-08-21 18:41:14.2184 INFO OnActionExecuting Controller:Home Action:Index Parameter:
2018-08-21 18:41:15.3923 INFO OnActionExecuting Controller:Account Action:Register Parameter:
2018-08-21 18:41:18.5976 INFO OnActionExecuting Controller:Account Action:Register Parameter:
2018-08-21 18:41:30.9921 INFO OnActionExecuting Controller:Account Action:Register Parameter:
2018-08-21 18:41:32.8072 INFO OnActionExecuting Controller:Home Action:Index Parameter:
2018-08-21 18:41:34.1618 INFO OnActionExecuting Controller:Profile Action:Index Parameter:
2018-08-21 18:41:37.0054 INFO OnActionExecuting Controller:Profile Action:Delete Parameter:15
2018-08-21 18:41:37.5482 INFO OnActionExecuting Controller:Profile Action:Delete Parameter:16
2018-08-21 18:41:38.4832 INFO OnActionExecuting Controller:Home Action:Index Parameter:
2018-08-21 18:41:39.1352 INFO OnActionExecuting Controller:Account Action:LogOut Parameter:
2018-08-21 18:41:39.1421 INFO OnActionExecuting Controller:Home Action:Index Parameter:
2018-08-21 21:23:12.2723 INFO OnActionExecuting Controller:Home Action:Index Parameter:
2018-08-21 21:23:17.1638 INFO OnActionExecuting Controller:Account Action:Login Parameter:
2018-08-21 21:23:28.5162 INFO OnActionExecuting Controller:Account Action:Login Parameter:
2018-08-21 21:23:28.6721 INFO OnActionExecuting Controller:Home Action:Index Parameter:
2018-08-21 21:23:30.0988 INFO OnActionExecuting Controller:Profile Action:Index Parameter:
2018-08-21 21:23:31.3518 INFO OnActionExecuting Controller:Profile Action:Update Parameter:1
2018-08-21 21:23:37.6324 INFO OnActionExecuting Controller:Profile Action:Update Parameter:1
2018-08-21 21:23:45.6195 INFO OnActionExecuting Controller:Profile Action:Creation Parameter:
2018-08-21 21:23:48.7245 INFO OnActionExecuting Controller:Profile Action:Update Parameter:1
2018-08-21 21:23:50.4462 INFO OnActionExecuting Controller:Home Action:Index Parameter:
2018-08-21 22:15:30.4074 INFO OnActionExecuting Controller:Home Action:Index Parameter:
2018-08-21 22:15:35.9558 INFO OnActionExecuting Controller:Account Action:LogOut Parameter:
2018-08-21 22:15:35.9748 INFO OnActionExecuting Controller:Home Action:Index Parameter:
2018-08-21 22:15:45.3938 INFO OnActionExecuting Controller:Account Action:Login Parameter:
2018-08-21 22:15:52.2512 INFO OnActionExecuting Controller:Account Action:Login Parameter:
2018-08-21 22:15:57.9286 INFO OnActionExecuting Controller:Account Action:Login Parameter:
2018-08-21 22:16:05.7748 INFO OnActionExecuting Controller:Home Action:Index Parameter:
2018-08-21 22:16:19.7391 INFO OnActionExecuting Controller:Account Action:Login Parameter:
2018-08-21 22:16:21.5158 INFO OnActionExecuting Controller:Account Action:Login Parameter:
2018-08-21 22:16:27.0518 INFO OnActionExecuting Controller:Account Action:Register Parameter:
2018-08-21 22:16:37.1423 INFO OnActionExecuting Controller:Account Action:Register Parameter:
2018-08-21 22:16:38.9864 INFO OnActionExecuting Controller:Home Action:Index Parameter:
2018-08-21 22:16:40.5841 INFO OnActionExecuting Controller:Profile Action:Index Parameter:
2018-08-21 22:16:45.0443 INFO OnActionExecuting Controller:Home Action:Index Parameter:
2018-08-21 22:16:48.3578 INFO OnActionExecuting Controller:Account Action:LogOut Parameter:
2018-08-21 22:16:48.3578 INFO OnActionExecuting Controller:Home Action:Index Parameter:
2018-08-21 22:16:52.3359 INFO OnActionExecuting Controller:Account Action:Login Parameter:
2018-08-21 22:16:59.4435 INFO OnActionExecuting Controller:Account Action:Login Parameter:
2018-08-21 22:16:59.4725 INFO OnActionExecuting Controller:Home Action:Index Parameter:
2018-08-21 22:17:03.1407 INFO OnActionExecuting Controller:Account Action:LogOut Parameter:
2018-08-21 22:17:03.1407 INFO OnActionExecuting Controller:Home Action:Index Parameter:
2018-08-21 23:22:54.3371 INFO OnActionExecuting Controller:Home Action:Index Parameter:
2018-08-21 23:22:58.1499 INFO OnActionExecuting Controller:Account Action:Register Parameter:
2018-08-21 23:22:59.6171 INFO OnActionExecuting Controller:Account Action:Login Parameter:
2018-08-21 23:23:00.1698 INFO OnActionExecuting Controller:Account Action:Register Parameter:
2018-08-21 23:23:01.2159 INFO OnActionExecuting Controller:Account Action:Register Parameter:
2018-08-21 23:23:13.4516 INFO OnActionExecuting Controller:Account Action:Register Parameter:
2018-08-21 23:23:14.2143 INFO OnActionExecuting Controller:Account Action:Register Parameter:
2018-08-21 23:49:41.2433 INFO OnActionExecuting Controller:Home Action:Index Parameter:
2018-08-21 23:49:54.7076 INFO OnActionExecuting Controller:Account Action:Login Parameter:
2018-08-21 23:49:56.1937 INFO OnActionExecuting Controller:Account Action:Login Parameter:
2018-08-21 23:49:59.0358 INFO OnActionExecuting Controller:Account Action:Login Parameter:
2018-08-21 23:50:03.3192 INFO OnActionExecuting Controller:Account Action:Login Parameter:
2018-08-21 23:50:03.4551 INFO OnActionExecuting Controller:Home Action:Index Parameter:
2018-08-21 23:50:04.6101 INFO OnActionExecuting Controller:Account Action:LogOut Parameter:
2018-08-21 23:50:04.6211 INFO OnActionExecuting Controller:Home Action:Index Parameter:
2018-08-21 23:50:05.3137 INFO OnActionExecuting Controller:Account Action:Login Parameter:
2018-08-21 23:50:09.1606 INFO OnActionExecuting Controller:Account Action:Login Parameter:
2018-08-21 23:50:09.7884 INFO OnActionExecuting Controller:Account Action:Login Parameter:
2018-08-21 23:50:11.7684 INFO OnActionExecuting Controller:Home Action:Index Parameter:
