2018-08-20 10:04:17.2705 INFO OnActionExecuting Controller:Home Action:Index Parameter:
2018-08-20 10:04:26.8998 INFO OnActionExecuting Controller:Account Action:Register Parameter:
2018-08-20 10:04:31.1226 INFO OnActionExecuting Controller:Account Action:Register Parameter:
2018-08-20 10:04:33.3513 INFO OnActionExecuting Controller:Home Action:Index Parameter:
2018-08-20 10:07:11.2238 INFO OnActionExecuting Controller:Home Action:Index Parameter:
2018-08-20 10:07:22.8370 INFO OnActionExecuting Controller:Profile Action:Index Parameter:
2018-08-20 10:07:28.7559 INFO OnActionExecuting Controller:Home Action:Index Parameter:
2018-08-20 10:07:29.4110 INFO OnActionExecuting Controller:Profile Action:Index Parameter:
2018-08-20 10:07:43.8458 INFO OnActionExecuting Controller:Account Action:Register Parameter:
2018-08-20 10:07:46.7284 INFO OnActionExecuting Controller:Account Action:Register Parameter:
2018-08-20 10:08:32.5023 INFO OnActionExecuting Controller:Home Action:Index Parameter:
2018-08-20 10:08:32.9559 INFO OnActionExecuting Controller:Account Action:Register Parameter:
2018-08-20 10:08:37.1310 INFO OnActionExecuting Controller:Account Action:Register Parameter:
2018-08-20 10:09:34.0323 INFO OnActionExecuting Controller:Home Action:Index Parameter:
2018-08-20 10:09:35.1947 INFO OnActionExecuting Controller:Account Action:Register Parameter:
2018-08-20 10:09:49.7320 INFO OnActionExecuting Controller:Account Action:Register Parameter:
2018-08-20 10:11:15.2092 INFO OnActionExecuting Controller:Home Action:Index Parameter:
2018-08-20 10:11:20.0443 INFO OnActionExecuting Controller:Account Action:Register Parameter:
2018-08-20 10:11:23.7593 INFO OnActionExecuting Controller:Account Action:Register Parameter:
2018-08-20 10:11:25.4641 INFO OnActionExecuting Controller:Home Action:Index Parameter:
2018-08-20 10:11:34.9934 INFO OnActionExecuting Controller:Account Action:Register Parameter:
2018-08-20 10:11:34.9944 INFO OnActionExecuting Controller:Home Action:Index Parameter:
2018-08-20 10:11:38.1016 INFO OnActionExecuting Controller:Account Action:Register Parameter:
2018-08-20 10:12:54.3945 INFO OnActionExecuting Controller:Account Action:Register Parameter:
2018-08-20 10:12:54.3945 INFO OnActionExecuting Controller:Home Action:Index Parameter:
2018-08-20 10:13:00.8805 INFO OnActionExecuting Controller:Account Action:Register Parameter:
2018-08-20 10:21:25.6600 INFO OnActionExecuting Controller:Home Action:Index Parameter:
2018-08-20 10:21:29.0190 INFO OnActionExecuting Controller:Account Action:Register Parameter:
2018-08-20 10:21:34.1982 INFO OnActionExecuting Controller:Account Action:Register Parameter:
2018-08-20 10:22:34.1090 INFO OnActionExecuting Controller:Home Action:Index Parameter:
2018-08-20 10:22:34.4302 INFO OnActionExecuting Controller:Account Action:Register Parameter:
2018-08-20 10:22:38.7030 INFO OnActionExecuting Controller:Account Action:Register Parameter:
2018-08-20 10:26:09.5490 INFO OnActionExecuting Controller:Home Action:Index Parameter:
2018-08-20 10:26:09.5490 INFO OnActionExecuting Controller:Account Action:Register Parameter:
2018-08-20 10:41:06.5112 INFO OnActionExecuting Controller:Account Action:Register Parameter:
2018-08-20 10:41:06.5112 INFO OnActionExecuting Controller:Home Action:Index Parameter:
2018-08-20 10:41:11.3030 INFO OnActionExecuting Controller:Account Action:Register Parameter:
2018-08-20 10:42:12.3292 INFO OnActionExecuting Controller:Account Action:Register Parameter:
2018-08-20 10:42:12.3292 INFO OnActionExecuting Controller:Home Action:Index Parameter:
2018-08-20 10:42:16.0200 INFO OnActionExecuting Controller:Account Action:Register Parameter:
2018-08-20 10:53:54.2283 INFO OnActionExecuting Controller:Home Action:Index Parameter:
2018-08-20 10:53:58.1064 INFO OnActionExecuting Controller:Account Action:Register Parameter:
2018-08-20 10:54:01.6345 INFO OnActionExecuting Controller:Account Action:Register Parameter:
2018-08-20 11:39:43.8657 INFO OnActionExecuting Controller:Account Action:Register Parameter:
2018-08-20 14:27:50.2455 INFO OnActionExecuting Controller:Home Action:Index Parameter:
2018-08-20 14:28:08.4620 INFO OnActionExecuting Controller:Account Action:Register Parameter:
2018-08-20 14:28:18.8733 INFO OnActionExecuting Controller:Account Action:Register Parameter:
2018-08-20 14:28:18.8874 INFO OnActionExecuting Controller:Account Action:RegisterPage Parameter:
2018-08-20 14:35:22.9284 INFO OnActionExecuting Controller:Home Action:Index Parameter:
2018-08-20 14:35:35.1821 INFO OnActionExecuting Controller:Account Action:Register Parameter:
2018-08-20 14:35:43.0642 INFO OnActionExecuting Controller:Account Action:Register Parameter:
2018-08-20 14:35:43.0802 INFO OnActionExecuting Controller:Account Action:RegisterPage Parameter:
2018-08-20 14:36:36.5769 INFO OnActionExecuting Controller:Home Action:Index Parameter:
2018-08-20 14:37:19.1103 INFO OnActionExecuting Controller:Account Action:Register Parameter:
2018-08-20 14:37:27.8761 INFO OnActionExecuting Controller:Account Action:Register Parameter:
2018-08-20 14:37:27.8910 INFO OnActionExecuting Controller:Account Action:RegisterPage Parameter:
2018-08-20 14:37:45.3822 INFO OnActionExecuting Controller:Home Action:Index Parameter:
2018-08-20 14:38:06.8631 INFO OnActionExecuting Controller:Home Action:Index Parameter:
2018-08-20 14:38:07.3467 INFO OnActionExecuting Controller:Account Action:Register Parameter:
2018-08-20 14:38:16.0202 INFO OnActionExecuting Controller:Account Action:Register Parameter:
2018-08-20 14:38:16.0359 INFO OnActionExecuting Controller:Account Action:RegisterPage Parameter:
2018-08-20 14:39:42.4856 INFO OnActionExecuting Controller:Home Action:Index Parameter:
2018-08-20 14:39:43.2062 INFO OnActionExecuting Controller:Account Action:Register Parameter:
2018-08-20 14:39:53.3728 INFO OnActionExecuting Controller:Account Action:Register Parameter:
2018-08-20 14:39:53.3887 INFO OnActionExecuting Controller:Account Action:RegisterPage Parameter:
2018-08-20 14:41:50.2088 INFO OnActionExecuting Controller:Account Action:RegisterPage Parameter:
2018-08-20 14:41:53.4695 INFO OnActionExecuting Controller:Home Action:Index Parameter:
2018-08-20 14:42:00.6193 INFO OnActionExecuting Controller:Account Action:Register Parameter:
2018-08-20 14:42:09.5358 INFO OnActionExecuting Controller:Account Action:Register Parameter:
2018-08-20 14:42:09.5497 INFO OnActionExecuting Controller:Account Action:RegisterPage Parameter:
2018-08-20 14:42:21.6972 INFO OnActionExecuting Controller:Account Action:RegisterPage Parameter:
2018-08-20 14:42:21.7111 INFO OnActionExecuting Controller:Home Action:Index Parameter:
2018-08-20 14:42:56.6556 INFO OnActionExecuting Controller:Home Action:Index Parameter:
2018-08-20 14:42:56.6556 INFO OnActionExecuting Controller:Account Action:Register Parameter:
2018-08-20 14:43:19.0820 INFO OnActionExecuting Controller:Account Action:Register Parameter:
2018-08-20 14:43:46.7346 INFO OnActionExecuting Controller:Account Action:RegisterPage Parameter:
2018-08-20 14:45:35.7943 INFO OnActionExecuting Controller:Home Action:Index Parameter:
2018-08-20 14:45:35.7943 INFO OnActionExecuting Controller:Account Action:Register Parameter:
2018-08-20 14:45:46.2749 INFO OnActionExecuting Controller:Account Action:Register Parameter:
2018-08-20 14:45:46.2899 INFO OnActionExecuting Controller:Account Action:RegisterPage Parameter:
2018-08-20 14:45:57.2153 INFO OnActionExecuting Controller:Account Action:RegisterPage Parameter:
2018-08-20 14:47:12.9179 INFO OnActionExecuting Controller:Home Action:Index Parameter:
2018-08-20 14:47:30.4808 INFO OnActionExecuting Controller:Home Action:Index Parameter:
2018-08-20 14:47:41.3089 INFO OnActionExecuting Controller:Account Action:Register Parameter:
2018-08-20 14:47:48.7155 INFO OnActionExecuting Controller:Account Action:Register Parameter:
2018-08-20 14:47:48.7305 INFO OnActionExecuting Controller:Account Action:RegisterPage Parameter:
2018-08-20 14:47:59.1154 INFO OnActionExecuting Controller:Account Action:RegisterPage Parameter:
2018-08-20 14:49:08.8729 INFO OnActionExecuting Controller:Home Action:Index Parameter:
2018-08-20 14:49:48.8575 INFO OnActionExecuting Controller:Home Action:Index Parameter:
2018-08-20 14:49:48.8575 INFO OnActionExecuting Controller:Account Action:Register Parameter:
2018-08-20 14:49:57.1126 INFO OnActionExecuting Controller:Account Action:Register Parameter:
2018-08-20 14:49:57.1282 INFO OnActionExecuting Controller:Account Action:RegisterPage Parameter:
2018-08-20 14:50:05.5805 INFO OnActionExecuting Controller:Account Action:RegisterPage Parameter:
2018-08-20 14:50:53.3262 INFO OnActionExecuting Controller:Home Action:Index Parameter:
2018-08-20 14:50:59.7023 INFO OnActionExecuting Controller:Account Action:Register Parameter:
2018-08-20 14:51:07.8386 INFO OnActionExecuting Controller:Account Action:Register Parameter:
2018-08-20 14:51:07.8386 INFO OnActionExecuting Controller:Account Action:RegisterPage Parameter:
2018-08-20 14:51:19.0850 INFO OnActionExecuting Controller:Account Action:RegisterPage Parameter:
2018-08-20 14:51:19.0970 INFO OnActionExecuting Controller:Home Action:Index Parameter:
2018-08-20 14:51:35.0295 INFO OnActionExecuting Controller:Home Action:Index Parameter:
2018-08-20 14:51:35.1851 INFO OnActionExecuting Controller:Account Action:Register Parameter:
2018-08-20 14:51:49.9857 INFO OnActionExecuting Controller:Account Action:Register Parameter:
2018-08-20 14:51:50.0047 INFO OnActionExecuting Controller:Account Action:RegisterPage Parameter:
2018-08-20 14:52:03.9822 INFO OnActionExecuting Controller:Account Action:RegisterPage Parameter:
2018-08-20 14:52:03.9962 INFO OnActionExecuting Controller:Home Action:Index Parameter:
2018-08-20 14:52:15.8517 INFO OnActionExecuting Controller:Account Action:Register Parameter:
2018-08-20 14:52:24.4402 INFO OnActionExecuting Controller:Account Action:Register Parameter:
2018-08-20 14:52:24.4481 INFO OnActionExecuting Controller:Account Action:RegisterPage Parameter:
2018-08-20 14:52:34.1090 INFO OnActionExecuting Controller:Account Action:RegisterPage Parameter:
2018-08-20 14:53:15.0818 INFO OnActionExecuting Controller:Account Action:Register Parameter:
2018-08-20 14:53:15.0818 INFO OnActionExecuting Controller:Home Action:Index Parameter:
2018-08-20 14:53:26.6236 INFO OnActionExecuting Controller:Account Action:Register Parameter:
2018-08-20 14:53:26.6386 INFO OnActionExecuting Controller:Account Action:RegisterPage Parameter:
2018-08-20 14:53:38.1530 INFO OnActionExecuting Controller:Account Action:RegisterPage Parameter:
2018-08-20 14:56:37.0144 INFO OnActionExecuting Controller:Home Action:Index Parameter:
2018-08-20 14:56:51.8125 INFO OnActionExecuting Controller:Account Action:Register Parameter:
2018-08-20 14:57:00.5152 INFO OnActionExecuting Controller:Account Action:Register Parameter:
2018-08-20 14:57:00.5293 INFO OnActionExecuting Controller:Account Action:RegisterPage Parameter:
2018-08-20 14:57:12.7474 INFO OnActionExecuting Controller:Account Action:RegisterPage Parameter:
2018-08-20 14:57:37.5162 INFO OnActionExecuting Controller:Home Action:Index Parameter:
2018-08-20 14:58:33.9705 INFO OnActionExecuting Controller:Account Action:RegisterPage Parameter:
2018-08-20 14:58:36.5182 INFO OnActionExecuting Controller:Account Action:Register Parameter:
2018-08-20 14:58:43.2176 INFO OnActionExecuting Controller:Account Action:Register Parameter:
2018-08-20 14:58:43.2325 INFO OnActionExecuting Controller:Account Action:RegisterPage Parameter:
2018-08-20 14:58:58.2054 INFO OnActionExecuting Controller:Account Action:RegisterPage Parameter:
2018-08-20 15:02:22.2000 INFO OnActionExecuting Controller:Account Action:Register Parameter:
2018-08-20 15:02:22.2000 INFO OnActionExecuting Controller:Home Action:Index Parameter:
2018-08-20 15:02:31.0703 INFO OnActionExecuting Controller:Account Action:Register Parameter:
2018-08-20 15:02:31.0863 INFO OnActionExecuting Controller:Account Action:RegisterPage Parameter:
2018-08-20 15:02:41.6974 INFO OnActionExecuting Controller:Account Action:RegisterPage Parameter:
2018-08-20 15:02:43.5838 INFO OnActionExecuting Controller:Home Action:Index Parameter:
2018-08-20 15:03:03.7397 INFO OnActionExecuting Controller:Account Action:Register Parameter:
2018-08-20 15:03:03.7397 INFO OnActionExecuting Controller:Home Action:Index Parameter:
2018-08-20 15:03:14.4153 INFO OnActionExecuting Controller:Account Action:Register Parameter:
2018-08-20 15:03:14.4323 INFO OnActionExecuting Controller:Account Action:RegisterPage Parameter:
2018-08-20 15:03:27.0651 INFO OnActionExecuting Controller:Account Action:RegisterPage Parameter:
2018-08-20 15:14:36.4380 INFO OnActionExecuting Controller:Account Action:Register Parameter:
2018-08-20 15:14:36.4380 INFO OnActionExecuting Controller:Home Action:Index Parameter:
2018-08-20 15:14:47.3744 INFO OnActionExecuting Controller:Account Action:Register Parameter:
2018-08-20 15:14:47.3894 INFO OnActionExecuting Controller:Account Action:RegisterPage Parameter:
2018-08-20 15:15:27.5329 INFO OnActionExecuting Controller:Account Action:RegisterPage Parameter:
2018-08-20 15:15:56.0396 INFO OnActionExecuting Controller:Home Action:Index Parameter:
2018-08-20 15:16:00.8740 INFO OnActionExecuting Controller:Account Action:Register Parameter:
2018-08-20 15:16:32.3047 INFO OnActionExecuting Controller:Account Action:Register Parameter:
2018-08-20 15:16:32.3188 INFO OnActionExecuting Controller:Account Action:RegisterPage Parameter:
2018-08-20 15:16:50.0636 INFO OnActionExecuting Controller:Account Action:RegisterPage Parameter:
2018-08-20 15:18:22.8037 INFO OnActionExecuting Controller:Home Action:Index Parameter:
2018-08-20 15:18:56.3781 INFO OnActionExecuting Controller:Account Action:RegisterPage Parameter:
2018-08-20 15:19:11.3419 INFO OnActionExecuting Controller:Account Action:RegisterPage Parameter:
2018-08-20 15:54:25.5781 INFO OnActionExecuting Controller:Home Action:Index Parameter:
2018-08-20 15:54:44.0701 INFO OnActionExecuting Controller:Account Action:Register Parameter:
2018-08-20 15:54:44.5227 INFO OnActionExecuting Controller:Account Action:RegisterPage Parameter:
2018-08-20 15:54:56.2215 INFO OnActionExecuting Controller:Account Action:RegisterPage Parameter:
2018-08-20 15:56:30.9292 INFO OnActionExecuting Controller:Home Action:Index Parameter:
2018-08-20 15:56:34.6534 INFO OnActionExecuting Controller:Account Action:RegisterPage Parameter:
2018-08-20 15:56:52.6992 INFO OnActionExecuting Controller:Account Action:RegisterPage Parameter:
2018-08-20 15:57:26.0782 INFO OnActionExecuting Controller:Home Action:Index Parameter:
2018-08-20 16:27:21.8207 INFO OnActionExecuting Controller:Home Action:Index Parameter:
2018-08-20 22:10:27.7873 INFO OnActionExecuting Controller:Home Action:Index Parameter:
2018-08-20 22:10:32.2384 INFO OnActionExecuting Controller:Account Action:Register Parameter:
2018-08-20 22:10:40.3152 INFO OnActionExecuting Controller:Account Action:Register Parameter:
2018-08-20 22:10:40.3337 INFO OnActionExecuting Controller:Account Action:RegisterPage Parameter:
2018-08-20 22:11:17.5911 INFO OnActionExecuting Controller:Account Action:Register Parameter:
2018-08-20 22:24:31.3423 INFO OnActionExecuting Controller:Home Action:Index Parameter:
2018-08-20 22:24:33.5137 INFO OnActionExecuting Controller:Account Action:Register Parameter:
2018-08-20 22:24:40.1172 INFO OnActionExecuting Controller:Account Action:Register Parameter:
2018-08-20 22:25:25.9345 INFO OnActionExecuting Controller:Home Action:Index Parameter:
2018-08-20 22:25:25.9345 INFO OnActionExecuting Controller:Account Action:Register Parameter:
2018-08-20 22:25:45.8516 INFO OnActionExecuting Controller:Account Action:Register Parameter:
2018-08-20 22:26:01.1077 INFO OnActionExecuting Controller:Home Action:Index Parameter:
2018-08-20 22:26:11.2607 INFO OnActionExecuting Controller:Account Action:Register Parameter:
2018-08-20 22:26:16.0929 INFO OnActionExecuting Controller:Account Action:Register Parameter:
2018-08-20 22:26:50.0319 INFO OnActionExecuting Controller:Home Action:Index Parameter:
2018-08-20 22:26:55.7491 INFO OnActionExecuting Controller:Account Action:Register Parameter:
2018-08-20 22:26:59.8278 INFO OnActionExecuting Controller:Account Action:Register Parameter:
2018-08-20 22:27:03.1536 INFO OnActionExecuting Controller:Account Action:Register Parameter:
2018-08-20 22:27:05.9333 INFO OnActionExecuting Controller:Account Action:Register Parameter:
2018-08-20 22:27:06.7930 INFO OnActionExecuting Controller:Account Action:Register Parameter:
2018-08-20 22:27:07.3745 INFO OnActionExecuting Controller:Account Action:Register Parameter:
2018-08-20 22:27:08.7983 INFO OnActionExecuting Controller:Account Action:Register Parameter:
2018-08-20 22:27:09.4213 INFO OnActionExecuting Controller:Account Action:Register Parameter:
2018-08-20 22:27:09.7443 INFO OnActionExecuting Controller:Account Action:Register Parameter:
2018-08-20 22:27:09.9305 INFO OnActionExecuting Controller:Account Action:Register Parameter:
2018-08-20 22:27:10.1131 INFO OnActionExecuting Controller:Account Action:Register Parameter:
2018-08-20 22:27:11.1799 INFO OnActionExecuting Controller:Account Action:Register Parameter:
2018-08-20 22:27:28.2384 INFO OnActionExecuting Controller:Home Action:Index Parameter:
2018-08-20 22:27:32.5624 INFO OnActionExecuting Controller:Account Action:Register Parameter:
2018-08-20 22:27:50.4606 INFO OnActionExecuting Controller:Account Action:Register Parameter:
2018-08-20 22:28:50.8876 INFO OnActionExecuting Controller:Account Action:Register Parameter:
2018-08-20 22:29:38.7406 INFO OnActionExecuting Controller:Account Action:Register Parameter:
2018-08-20 22:29:38.7406 INFO OnActionExecuting Controller:Home Action:Index Parameter:
2018-08-20 22:29:49.0217 INFO OnActionExecuting Controller:Account Action:Register Parameter:
2018-08-20 22:29:53.5059 INFO OnActionExecuting Controller:Account Action:Register Parameter:
2018-08-20 22:29:54.4160 INFO OnActionExecuting Controller:Account Action:Register Parameter:
2018-08-20 22:29:54.6996 INFO OnActionExecuting Controller:Account Action:Register Parameter:
2018-08-20 22:29:54.9314 INFO OnActionExecuting Controller:Account Action:Register Parameter:
2018-08-20 22:29:55.1269 INFO OnActionExecuting Controller:Account Action:Register Parameter:
2018-08-20 22:29:55.3377 INFO OnActionExecuting Controller:Account Action:Register Parameter:
2018-08-20 22:29:56.6590 INFO OnActionExecuting Controller:Account Action:Register Parameter:
2018-08-20 22:30:00.3319 INFO OnActionExecuting Controller:Account Action:Register Parameter:
2018-08-20 22:32:48.5848 INFO OnActionExecuting Controller:Account Action:Register Parameter:
2018-08-20 22:32:48.5848 INFO OnActionExecuting Controller:Home Action:Index Parameter:
2018-08-20 22:32:58.0045 INFO OnActionExecuting Controller:Account Action:Register Parameter:
2018-08-20 22:32:58.0274 INFO OnActionExecuting Controller:Account Action:RegisterPage Parameter:
2018-08-20 22:33:02.5871 INFO OnActionExecuting Controller:Account Action:Register Parameter:
2018-08-20 22:33:04.4749 INFO OnActionExecuting Controller:Account Action:Register Parameter:
2018-08-20 22:33:04.4889 INFO OnActionExecuting Controller:Account Action:RegisterPage Parameter:
2018-08-20 22:33:05.9534 INFO OnActionExecuting Controller:Account Action:Register Parameter:
2018-08-20 22:33:21.0625 INFO OnActionExecuting Controller:Home Action:Index Parameter:
2018-08-20 22:33:25.9007 INFO OnActionExecuting Controller:User Action:Index Parameter:
2018-08-20 22:33:30.7138 INFO OnActionExecuting Controller:User Action:Profiles Parameter:0
2018-08-20 22:34:10.7655 INFO OnActionExecuting Controller:Home Action:Index Parameter:
2018-08-20 22:34:11.4956 INFO OnActionExecuting Controller:Account Action:Register Parameter:
2018-08-20 22:34:22.0960 INFO OnActionExecuting Controller:Account Action:Register Parameter:
2018-08-20 22:35:22.6344 INFO OnActionExecuting Controller:Account Action:Register Parameter:
2018-08-20 22:35:22.6344 INFO OnActionExecuting Controller:Home Action:Index Parameter:
2018-08-20 22:35:26.2761 INFO OnActionExecuting Controller:Account Action:Register Parameter:
2018-08-20 22:35:38.3494 INFO OnActionExecuting Controller:Account Action:Register Parameter:
2018-08-20 22:35:40.6369 INFO OnActionExecuting Controller:Account Action:Register Parameter:
2018-08-20 23:02:45.0691 INFO OnActionExecuting Controller:Home Action:Index Parameter:
2018-08-20 23:02:45.0691 INFO OnActionExecuting Controller:Account Action:Register Parameter:
2018-08-20 23:03:02.4895 INFO OnActionExecuting Controller:Account Action:Register Parameter:
2018-08-20 23:03:02.5094 INFO OnActionExecuting Controller:Account Action:RegisterPage Parameter:
2018-08-20 23:03:22.8678 INFO OnActionExecuting Controller:Account Action:RegisterPage Parameter:
2018-08-20 23:04:00.5205 INFO OnActionExecuting Controller:Home Action:Index Parameter:
2018-08-20 23:04:03.8302 INFO OnActionExecuting Controller:Account Action:Register Parameter:
2018-08-20 23:04:13.9795 INFO OnActionExecuting Controller:Account Action:Register Parameter:
2018-08-20 23:04:13.9995 INFO OnActionExecuting Controller:Account Action:RegisterPage Parameter:
2018-08-20 23:04:34.7625 INFO OnActionExecuting Controller:Account Action:RegisterPage Parameter:
2018-08-20 23:05:26.1203 INFO OnActionExecuting Controller:Home Action:Index Parameter:
2018-08-20 23:06:19.9189 INFO OnActionExecuting Controller:Account Action:Register Parameter:
2018-08-20 23:06:40.2584 INFO OnActionExecuting Controller:Account Action:Register Parameter:
2018-08-20 23:06:40.2784 INFO OnActionExecuting Controller:Account Action:RegisterPage Parameter:
2018-08-20 23:07:02.2545 INFO OnActionExecuting Controller:Account Action:RegisterPage Parameter:
2018-08-20 23:07:54.8221 INFO OnActionExecuting Controller:Account Action:Register Parameter:
2018-08-20 23:07:54.8221 INFO OnActionExecuting Controller:Home Action:Index Parameter:
2018-08-20 23:08:01.1596 INFO OnActionExecuting Controller:Account Action:Register Parameter:
2018-08-20 23:08:01.1786 INFO OnActionExecuting Controller:Account Action:RegisterPage Parameter:
2018-08-20 23:08:11.7344 INFO OnActionExecuting Controller:Account Action:RegisterPage Parameter:
2018-08-20 23:08:18.3787 INFO OnActionExecuting Controller:Account Action:RegisterPage Parameter:
2018-08-20 23:08:23.4139 INFO OnActionExecuting Controller:Account Action:RegisterPage Parameter:
2018-08-20 23:08:25.3206 INFO OnActionExecuting Controller:Account Action:RegisterPage Parameter:
2018-08-20 23:08:34.5538 INFO OnActionExecuting Controller:Account Action:RegisterPage Parameter:
2018-08-20 23:09:46.6047 INFO OnActionExecuting Controller:Home Action:Index Parameter:
2018-08-20 23:09:49.8776 INFO OnActionExecuting Controller:Account Action:Register Parameter:
2018-08-20 23:10:02.3727 INFO OnActionExecuting Controller:Account Action:Register Parameter:
2018-08-20 23:10:02.3936 INFO OnActionExecuting Controller:Account Action:RegisterPage Parameter:
2018-08-20 23:10:19.3084 INFO OnActionExecuting Controller:Account Action:RegisterPage Parameter:
2018-08-20 23:11:55.7102 INFO OnActionExecuting Controller:Home Action:Index Parameter:
2018-08-20 23:11:56.8300 INFO OnActionExecuting Controller:Account Action:Register Parameter:
2018-08-20 23:12:05.4454 INFO OnActionExecuting Controller:Account Action:Register Parameter:
2018-08-20 23:12:05.4663 INFO OnActionExecuting Controller:Account Action:RegisterPage Parameter:
2018-08-20 23:35:22.2110 INFO OnActionExecuting Controller:Account Action:Register Parameter:
2018-08-20 23:35:22.2110 INFO OnActionExecuting Controller:Home Action:Index Parameter:
2018-08-20 23:35:32.5884 INFO OnActionExecuting Controller:Account Action:Register Parameter:
2018-08-20 23:35:32.6064 INFO OnActionExecuting Controller:Account Action:RegisterPage Parameter:
2018-08-20 23:35:43.1118 INFO OnActionExecuting Controller:Account Action:RegisterPage Parameter:
2018-08-20 23:35:43.2696 INFO OnActionExecuting Controller:Home Action:Index Parameter:
2018-08-20 23:41:32.2275 INFO OnActionExecuting Controller:Home Action:Index Parameter:
2018-08-20 23:47:31.4605 INFO OnActionExecuting Controller:Home Action:Index Parameter:
2018-08-20 23:48:13.9200 INFO OnActionExecuting Controller:Home Action:Index Parameter:
2018-08-20 23:49:06.7815 INFO OnActionExecuting Controller:Home Action:Index Parameter:
2018-08-20 23:49:10.9086 INFO OnActionExecuting Controller:Account Action:LogOut Parameter:
2018-08-20 23:49:10.9286 INFO OnActionExecuting Controller:Home Action:Index Parameter:
2018-08-20 23:49:17.2071 INFO OnActionExecuting Controller:Account Action:Register Parameter:
2018-08-20 23:49:24.8753 INFO OnActionExecuting Controller:Account Action:Register Parameter:
2018-08-20 23:49:24.8902 INFO OnActionExecuting Controller:Account Action:RegisterPage Parameter:
2018-08-20 23:49:36.7179 INFO OnActionExecuting Controller:Account Action:RegisterPage Parameter:
2018-08-20 23:50:28.4379 INFO OnActionExecuting Controller:Home Action:Index Parameter:
2018-08-20 23:50:34.8222 INFO OnActionExecuting Controller:Account Action:Register Parameter:
2018-08-20 23:50:46.7443 INFO OnActionExecuting Controller:Account Action:Register Parameter:
2018-08-20 23:50:46.7612 INFO OnActionExecuting Controller:Account Action:RegisterPage Parameter:
2018-08-20 23:50:57.9770 INFO OnActionExecuting Controller:Account Action:RegisterPage Parameter:
2018-08-20 23:51:44.5268 INFO OnActionExecuting Controller:Home Action:Index Parameter:
2018-08-20 23:51:48.4988 INFO OnActionExecuting Controller:Account Action:Register Parameter:
2018-08-20 23:51:55.5787 INFO OnActionExecuting Controller:Account Action:Register Parameter:
2018-08-20 23:51:55.5957 INFO OnActionExecuting Controller:Account Action:RegisterPage Parameter:
2018-08-20 23:52:07.7015 INFO OnActionExecuting Controller:Account Action:RegisterPage Parameter:
2018-08-20 23:52:17.8223 INFO OnActionExecuting Controller:Account Action:RegisterPage Parameter:
