2018-08-07 13:44:29.7852 INFO OnActionExecuting Controller:Home Action:Index Parameter:
2018-08-07 13:44:43.0461 INFO OnActionExecuting Controller:Profile Action:Index Parameter:
2018-08-07 13:44:47.9577 INFO OnActionExecuting Controller:Profile Action:Create Parameter:
2018-08-07 13:44:50.0776 INFO OnActionExecuting Controller:Profile Action:Creation Parameter:
2018-08-07 13:46:02.5585 INFO OnActionExecuting Controller:Home Action:Index Parameter:
2018-08-07 13:46:07.8166 INFO OnActionExecuting Controller:Profile Action:Index Parameter:
2018-08-07 13:46:11.7955 INFO OnActionExecuting Controller:Profile Action:Create Parameter:
2018-08-07 13:46:25.7329 INFO OnActionExecuting Controller:Profile Action:Creation Parameter:
2018-08-07 13:46:29.3692 INFO OnActionExecuting Controller:Profile Action:Update Parameter:3031
2018-08-07 13:46:31.4843 INFO OnActionExecuting Controller:Profile Action:Creation Parameter:
2018-08-07 13:46:35.8260 INFO OnActionExecuting Controller:Profile Action:Creation Parameter:
2018-08-07 13:52:25.9604 INFO OnActionExecuting Controller:Home Action:Index Parameter:
2018-08-07 13:52:35.2128 INFO OnActionExecuting Controller:Home Action:Index Parameter:
2018-08-07 13:52:35.6645 INFO OnActionExecuting Controller:Profile Action:Index Parameter:
2018-08-07 13:52:35.7614 INFO OnActionExecuting Controller:Profile Action:Index Parameter:
2018-08-07 13:52:38.9380 INFO OnActionExecuting Controller:Profile Action:Create Parameter:
2018-08-07 13:53:10.3977 INFO OnActionExecuting Controller:Home Action:Index Parameter:
2018-08-07 13:53:27.1831 INFO OnActionExecuting Controller:Profile Action:Index Parameter:
2018-08-07 13:53:30.1119 INFO OnActionExecuting Controller:Profile Action:Create Parameter:
2018-08-07 13:54:05.3965 INFO OnActionExecuting Controller:Profile Action:Creation Parameter:
2018-08-07 13:54:19.4605 INFO OnActionExecuting Controller:Profile Action:Update Parameter:3032
2018-08-07 13:54:39.1205 INFO OnActionExecuting Controller:Home Action:Index Parameter:
2018-08-07 13:54:42.8329 INFO OnActionExecuting Controller:Profile Action:Index Parameter:
2018-08-07 13:54:45.4497 INFO OnActionExecuting Controller:Profile Action:Delete Parameter:3032
2018-08-07 13:54:46.6899 INFO OnActionExecuting Controller:Profile Action:Delete Parameter:3031
2018-08-07 13:54:48.0459 INFO OnActionExecuting Controller:Profile Action:Delete Parameter:3030
2018-08-07 13:54:48.6680 INFO OnActionExecuting Controller:Profile Action:Delete Parameter:3029
2018-08-07 13:54:49.8810 INFO OnActionExecuting Controller:Profile Action:Create Parameter:
2018-08-07 13:55:03.1178 INFO OnActionExecuting Controller:Profile Action:Creation Parameter:
2018-08-07 13:55:05.5839 INFO OnActionExecuting Controller:Profile Action:Delete Parameter:3033
2018-08-07 13:55:07.3139 INFO OnActionExecuting Controller:Profile Action:Update Parameter:3022
2018-08-07 13:55:21.9512 INFO OnActionExecuting Controller:Home Action:Index Parameter:
2018-08-07 13:55:24.9615 INFO OnActionExecuting Controller:Profile Action:Index Parameter:
2018-08-07 13:55:27.4448 INFO OnActionExecuting Controller:Profile Action:Update Parameter:3022
2018-08-07 13:55:29.9910 INFO OnActionExecuting Controller:Profile Action:Creation Parameter:
2018-08-07 14:02:19.5015 INFO OnActionExecuting Controller:Home Action:Index Parameter:
2018-08-07 14:02:35.4123 INFO OnActionExecuting Controller:Profile Action:Index Parameter:
2018-08-07 14:02:38.8694 INFO OnActionExecuting Controller:Profile Action:Create Parameter:
2018-08-07 14:02:56.0509 INFO OnActionExecuting Controller:Profile Action:Creation Parameter:
2018-08-07 14:03:00.4375 INFO OnActionExecuting Controller:Home Action:Index Parameter:
2018-08-07 14:03:01.4995 INFO OnActionExecuting Controller:Profile Action:Index Parameter:
2018-08-07 14:03:02.9092 INFO OnActionExecuting Controller:Profile Action:Update Parameter:3022
2018-08-07 14:03:16.0581 INFO OnActionExecuting Controller:Home Action:Index Parameter:
2018-08-07 14:03:17.1980 INFO OnActionExecuting Controller:Profile Action:Index Parameter:
2018-08-07 14:03:56.0318 INFO OnActionExecuting Controller:Home Action:Index Parameter:
2018-08-07 14:04:27.1753 INFO OnActionExecuting Controller:Profile Action:Index Parameter:
2018-08-07 14:04:30.7897 INFO OnActionExecuting Controller:Profile Action:Update Parameter:3022
2018-08-07 14:04:35.6802 INFO OnActionExecuting Controller:Profile Action:Creation Parameter:
2018-08-07 14:04:38.0787 INFO OnActionExecuting Controller:Profile Action:Update Parameter:3022
2018-08-07 14:09:12.7451 INFO OnActionExecuting Controller:Home Action:Index Parameter:
2018-08-07 14:09:20.2906 INFO OnActionExecuting Controller:Profile Action:Index Parameter:
2018-08-07 14:09:22.5181 INFO OnActionExecuting Controller:Profile Action:Update Parameter:3022
2018-08-07 14:09:27.4946 INFO OnActionExecuting Controller:Profile Action:Creation Parameter:
2018-08-07 14:16:30.2612 INFO OnActionExecuting Controller:Home Action:Index Parameter:
2018-08-07 14:52:37.1107 INFO OnActionExecuting Controller:Home Action:Index Parameter:
2018-08-07 14:52:45.6927 INFO OnActionExecuting Controller:Profile Action:Index Parameter:
2018-08-07 14:52:49.6670 INFO OnActionExecuting Controller:Profile Action:Create Parameter:
2018-08-07 14:52:49.8118 INFO OnActionExecuting Controller:Profile Action:Create Parameter:
2018-08-07 14:53:02.8536 INFO OnActionExecuting Controller:Profile Action:Creation Parameter:
2018-08-07 14:53:05.2657 INFO OnActionExecuting Controller:Profile Action:Update Parameter:3034
2018-08-07 14:53:07.6900 INFO OnActionExecuting Controller:Profile Action:Creation Parameter:
2018-08-07 14:54:14.5280 INFO OnActionExecuting Controller:Home Action:Index Parameter:
2018-08-07 14:54:23.6861 INFO OnActionExecuting Controller:Profile Action:Index Parameter:
2018-08-07 14:54:27.5603 INFO OnActionExecuting Controller:Profile Action:Update Parameter:3034
2018-08-07 14:54:31.1602 INFO OnActionExecuting Controller:Profile Action:Creation Parameter:
2018-08-07 14:54:34.1490 INFO OnActionExecuting Controller:Profile Action:Creation Parameter:
2018-08-07 14:54:37.6733 INFO OnActionExecuting Controller:Profile Action:Create Parameter:
2018-08-07 14:54:47.0791 INFO OnActionExecuting Controller:Profile Action:Creation Parameter:
2018-08-07 14:54:48.9548 INFO OnActionExecuting Controller:Profile Action:Index Parameter:
2018-08-07 14:54:51.6913 INFO OnActionExecuting Controller:Profile Action:Delete Parameter:3022
2018-08-07 14:54:54.7541 INFO OnActionExecuting Controller:Home Action:Index Parameter:
2018-08-07 14:57:21.9044 INFO OnActionExecuting Controller:Profile Action:Index Parameter:
2018-08-07 14:57:22.9652 INFO OnActionExecuting Controller:Profile Action:Create Parameter:
2018-08-07 14:57:31.9375 INFO OnActionExecuting Controller:Profile Action:Creation Parameter:
2018-08-07 15:02:42.4788 INFO OnActionExecuting Controller:Home Action:Index Parameter:
2018-08-07 15:05:17.3208 INFO OnActionExecuting Controller:Profile Action:Index Parameter:
2018-08-07 15:05:18.9129 INFO OnActionExecuting Controller:Profile Action:Create Parameter:
2018-08-07 15:05:20.1474 INFO OnActionExecuting Controller:Profile Action:Creation Parameter:
2018-08-07 15:05:23.0939 INFO OnActionExecuting Controller:Home Action:Index Parameter:
2018-08-07 15:15:24.6827 INFO OnActionExecuting Controller:Profile Action:Index Parameter:
2018-08-07 15:15:46.9335 INFO OnActionExecuting Controller:Profile Action:Create Parameter:
2018-08-07 15:15:50.3049 INFO OnActionExecuting Controller:Profile Action:Creation Parameter:
2018-08-07 15:15:59.9705 INFO OnActionExecuting Controller:Profile Action:Creation Parameter:
2018-08-07 15:16:08.7505 INFO OnActionExecuting Controller:Profile Action:Creation Parameter:
2018-08-07 15:16:17.9135 INFO OnActionExecuting Controller:Profile Action:Index Parameter:
2018-08-07 15:16:18.8065 INFO OnActionExecuting Controller:Profile Action:Create Parameter:
2018-08-07 15:16:20.4655 INFO OnActionExecuting Controller:Profile Action:Creation Parameter:
2018-08-07 15:16:28.8550 INFO OnActionExecuting Controller:Profile Action:Creation Parameter:
2018-08-07 15:16:36.2378 INFO OnActionExecuting Controller:Profile Action:Creation Parameter:
2018-08-07 21:52:07.2918 INFO OnActionExecuting Controller:Home Action:Index Parameter:
2018-08-07 21:59:24.6217 INFO OnActionExecuting Controller:Profile Action:Index Parameter:
2018-08-07 21:59:28.4892 INFO OnActionExecuting Controller:Profile Action:Create Parameter:
2018-08-07 21:59:30.7363 INFO OnActionExecuting Controller:Profile Action:Creation Parameter:
2018-08-07 21:59:52.7790 INFO OnActionExecuting Controller:Profile Action:Creation Parameter:
2018-08-07 22:02:42.0989 INFO OnActionExecuting Controller:Home Action:Index Parameter:
2018-08-07 22:02:49.6313 INFO OnActionExecuting Controller:Profile Action:Index Parameter:
2018-08-07 22:02:52.6650 INFO OnActionExecuting Controller:Profile Action:Create Parameter:
2018-08-07 22:03:00.8827 INFO OnActionExecuting Controller:Profile Action:Creation Parameter:
2018-08-07 22:03:03.7267 INFO OnActionExecuting Controller:Profile Action:Creation Parameter:
2018-08-07 22:03:06.3716 INFO OnActionExecuting Controller:Profile Action:Creation Parameter:
2018-08-07 22:03:08.7038 INFO OnActionExecuting Controller:Profile Action:Creation Parameter:
2018-08-07 22:03:31.8880 INFO OnActionExecuting Controller:Profile Action:Creation Parameter:
2018-08-07 22:03:38.6879 INFO OnActionExecuting Controller:Profile Action:Creation Parameter:
2018-08-07 22:03:44.9711 INFO OnActionExecuting Controller:Profile Action:Creation Parameter:
2018-08-07 22:03:46.5099 INFO OnActionExecuting Controller:Profile Action:Creation Parameter:
2018-08-07 22:03:54.1965 INFO OnActionExecuting Controller:Profile Action:Creation Parameter:
2018-08-07 22:03:55.9561 INFO OnActionExecuting Controller:Profile Action:Creation Parameter:
2018-08-07 22:03:59.5435 INFO OnActionExecuting Controller:Profile Action:Creation Parameter:
2018-08-07 22:04:00.5480 INFO OnActionExecuting Controller:Profile Action:Creation Parameter:
2018-08-07 22:04:02.7401 INFO OnActionExecuting Controller:Profile Action:Creation Parameter:
2018-08-07 22:05:53.6728 INFO OnActionExecuting Controller:Home Action:Index Parameter:
2018-08-07 22:05:58.0197 INFO OnActionExecuting Controller:Profile Action:Index Parameter:
2018-08-07 22:05:59.7339 INFO OnActionExecuting Controller:Profile Action:Create Parameter:
2018-08-07 22:06:53.9111 INFO OnActionExecuting Controller:Profile Action:Creation Parameter:
2018-08-07 22:13:42.1954 INFO OnActionExecuting Controller:Home Action:Index Parameter:
2018-08-07 22:13:47.9670 INFO OnActionExecuting Controller:Profile Action:Index Parameter:
2018-08-07 22:13:51.4578 INFO OnActionExecuting Controller:Profile Action:Create Parameter:
2018-08-07 22:13:53.0079 INFO OnActionExecuting Controller:Profile Action:Creation Parameter:
2018-08-07 22:14:21.2689 INFO OnActionExecuting Controller:Home Action:Index Parameter:
2018-08-07 22:14:36.7596 INFO OnActionExecuting Controller:Profile Action:Index Parameter:
2018-08-07 22:14:40.1299 INFO OnActionExecuting Controller:Profile Action:Create Parameter:
2018-08-07 22:14:41.7267 INFO OnActionExecuting Controller:Profile Action:Creation Parameter:
2018-08-07 22:14:55.4130 INFO OnActionExecuting Controller:Profile Action:Creation Parameter:
2018-08-07 22:17:05.5261 INFO OnActionExecuting Controller:Home Action:Index Parameter:
2018-08-07 22:17:21.7210 INFO OnActionExecuting Controller:Profile Action:Index Parameter:
2018-08-07 22:17:25.2029 INFO OnActionExecuting Controller:Profile Action:Create Parameter:
2018-08-07 22:17:26.6942 INFO OnActionExecuting Controller:Profile Action:Creation Parameter:
2018-08-07 22:22:16.1074 INFO OnActionExecuting Controller:Home Action:Index Parameter:
2018-08-07 22:22:29.1625 INFO OnActionExecuting Controller:Profile Action:Index Parameter:
2018-08-07 22:22:31.6706 INFO OnActionExecuting Controller:Profile Action:Create Parameter:
2018-08-07 22:22:33.5326 INFO OnActionExecuting Controller:Home Action:Index Parameter:
2018-08-07 22:22:35.0719 INFO OnActionExecuting Controller:User Action:Index Parameter:
2018-08-07 22:22:36.7569 INFO OnActionExecuting Controller:Profile Action:Index Parameter:
2018-08-07 22:22:38.0987 INFO OnActionExecuting Controller:Profile Action:Index Parameter:
2018-08-07 22:22:39.2563 INFO OnActionExecuting Controller:Profile Action:Create Parameter:
2018-08-07 22:22:41.2816 INFO OnActionExecuting Controller:Profile Action:Creation Parameter:
2018-08-07 22:22:47.7188 INFO OnActionExecuting Controller:Profile Action:Creation Parameter:
2018-08-07 22:25:40.3408 INFO OnActionExecuting Controller:Home Action:Index Parameter:
2018-08-07 22:37:16.0164 INFO OnActionExecuting Controller:Profile Action:Index Parameter:
2018-08-07 22:37:17.8413 INFO OnActionExecuting Controller:Profile Action:Create Parameter:
2018-08-07 22:37:19.7272 INFO OnActionExecuting Controller:Profile Action:Creation Parameter:
