2018-08-08 10:33:36.9042 INFO OnActionExecuting Controller:Home Action:Index Parameter:
2018-08-08 11:22:12.3607 INFO OnActionExecuting Controller:Home Action:Index Parameter:
2018-08-08 11:24:35.5088 INFO OnActionExecuting Controller:Home Action:Index Parameter:
2018-08-08 11:33:58.6630 INFO OnActionExecuting Controller:Home Action:Index Parameter:
2018-08-08 11:35:49.0067 INFO OnActionExecuting Controller:Profile Action:Index Parameter:
2018-08-08 11:35:53.2471 INFO OnActionExecuting Controller:Profile Action:Create Parameter:
2018-08-08 11:35:55.5230 INFO OnActionExecuting Controller:Profile Action:Creation Parameter:
2018-08-08 11:36:16.5808 INFO OnActionExecuting Controller:Home Action:Index Parameter:
2018-08-08 11:36:29.1954 INFO OnActionExecuting Controller:Profile Action:Index Parameter:
2018-08-08 11:36:31.2652 INFO OnActionExecuting Controller:Profile Action:Create Parameter:
2018-08-08 11:36:32.8503 INFO OnActionExecuting Controller:Profile Action:Creation Parameter:
2018-08-08 11:47:01.3077 INFO OnActionExecuting Controller:Home Action:Index Parameter:
2018-08-08 11:47:07.4468 INFO OnActionExecuting Controller:Profile Action:Index Parameter:
2018-08-08 11:47:09.8976 INFO OnActionExecuting Controller:Profile Action:Create Parameter:
2018-08-08 11:47:12.0052 INFO OnActionExecuting Controller:Profile Action:Creation Parameter:
2018-08-08 11:47:37.2191 INFO OnActionExecuting Controller:Home Action:Index Parameter:
2018-08-08 11:47:46.9004 INFO OnActionExecuting Controller:Profile Action:Index Parameter:
2018-08-08 11:47:52.7074 INFO OnActionExecuting Controller:Profile Action:Create Parameter:
2018-08-08 11:47:54.6014 INFO OnActionExecuting Controller:Profile Action:Creation Parameter:
2018-08-08 11:51:01.9862 INFO OnActionExecuting Controller:Home Action:Index Parameter:
2018-08-08 11:51:19.1460 INFO OnActionExecuting Controller:Profile Action:Index Parameter:
2018-08-08 11:51:22.1428 INFO OnActionExecuting Controller:Profile Action:Create Parameter:
2018-08-08 11:51:24.3657 INFO OnActionExecuting Controller:Profile Action:Creation Parameter:
2018-08-08 11:52:47.5441 INFO OnActionExecuting Controller:Home Action:Index Parameter:
2018-08-08 11:52:52.2956 INFO OnActionExecuting Controller:Profile Action:Index Parameter:
2018-08-08 11:52:54.8847 INFO OnActionExecuting Controller:Profile Action:Create Parameter:
2018-08-08 11:52:56.6459 INFO OnActionExecuting Controller:Profile Action:Creation Parameter:
2018-08-08 12:01:12.0215 INFO OnActionExecuting Controller:Home Action:Index Parameter:
2018-08-08 12:01:19.3567 INFO OnActionExecuting Controller:Profile Action:Index Parameter:
2018-08-08 12:01:22.4116 INFO OnActionExecuting Controller:Profile Action:Create Parameter:
2018-08-08 12:01:24.1774 INFO OnActionExecuting Controller:Profile Action:Creation Parameter:
2018-08-08 12:07:59.4037 INFO OnActionExecuting Controller:Home Action:Index Parameter:
2018-08-08 12:08:04.2366 INFO OnActionExecuting Controller:Home Action:Index Parameter:
2018-08-08 12:08:19.4375 INFO OnActionExecuting Controller:Profile Action:Index Parameter:
2018-08-08 12:08:22.0765 INFO OnActionExecuting Controller:Profile Action:Create Parameter:
2018-08-08 12:08:23.8616 INFO OnActionExecuting Controller:Profile Action:Creation Parameter:
2018-08-08 12:14:01.0339 INFO OnActionExecuting Controller:Home Action:Index Parameter:
2018-08-08 12:14:08.1500 INFO OnActionExecuting Controller:Profile Action:Index Parameter:
2018-08-08 12:14:10.8245 INFO OnActionExecuting Controller:Profile Action:Create Parameter:
2018-08-08 12:14:13.2917 INFO OnActionExecuting Controller:Profile Action:Creation Parameter:
2018-08-08 12:15:16.6213 INFO OnActionExecuting Controller:Home Action:Index Parameter:
2018-08-08 12:15:23.9481 INFO OnActionExecuting Controller:Profile Action:Index Parameter:
2018-08-08 12:15:26.5409 INFO OnActionExecuting Controller:Profile Action:Create Parameter:
2018-08-08 12:15:30.1547 INFO OnActionExecuting Controller:Profile Action:Creation Parameter:
2018-08-08 12:17:42.1823 INFO OnActionExecuting Controller:Home Action:Index Parameter:
2018-08-08 12:17:47.7187 INFO OnActionExecuting Controller:Profile Action:Index Parameter:
2018-08-08 12:17:53.3468 INFO OnActionExecuting Controller:Profile Action:Create Parameter:
2018-08-08 12:17:55.2602 INFO OnActionExecuting Controller:Profile Action:Creation Parameter:
2018-08-08 12:21:00.0821 INFO OnActionExecuting Controller:Home Action:Index Parameter:
2018-08-08 12:21:05.1348 INFO OnActionExecuting Controller:Profile Action:Index Parameter:
2018-08-08 12:21:07.5671 INFO OnActionExecuting Controller:Profile Action:Create Parameter:
2018-08-08 12:21:09.7617 INFO OnActionExecuting Controller:Profile Action:Creation Parameter:
2018-08-08 12:21:24.6370 INFO OnActionExecuting Controller:Profile Action:Creation Parameter:
2018-08-08 12:21:39.1921 INFO OnActionExecuting Controller:Profile Action:Creation Parameter:
2018-08-08 12:21:48.8524 INFO OnActionExecuting Controller:Profile Action:Creation Parameter:
2018-08-08 12:21:53.0230 INFO OnActionExecuting Controller:Profile Action:Creation Parameter:
2018-08-08 12:22:20.7671 INFO OnActionExecuting Controller:Home Action:Index Parameter:
2018-08-08 12:22:35.6179 INFO OnActionExecuting Controller:Profile Action:Index Parameter:
2018-08-08 12:22:37.2535 INFO OnActionExecuting Controller:Profile Action:Create Parameter:
2018-08-08 12:22:39.2640 INFO OnActionExecuting Controller:Profile Action:Creation Parameter:
2018-08-08 12:23:31.1932 INFO OnActionExecuting Controller:Profile Action:Creation Parameter:
2018-08-08 12:24:36.1316 INFO OnActionExecuting Controller:Home Action:Index Parameter:
2018-08-08 12:24:44.6494 INFO OnActionExecuting Controller:Profile Action:Index Parameter:
2018-08-08 12:24:45.8472 INFO OnActionExecuting Controller:Profile Action:Update Parameter:3034
2018-08-08 12:24:53.1525 INFO OnActionExecuting Controller:Profile Action:Creation Parameter:
2018-08-08 12:25:09.0095 INFO OnActionExecuting Controller:Profile Action:Create Parameter:
2018-08-08 12:25:22.0169 INFO OnActionExecuting Controller:Profile Action:Creation Parameter:
2018-08-08 12:25:27.6664 INFO OnActionExecuting Controller:Profile Action:Creation Parameter:
2018-08-08 12:25:29.7190 INFO OnActionExecuting Controller:Profile Action:Creation Parameter:
2018-08-08 12:25:31.3105 INFO OnActionExecuting Controller:Profile Action:Creation Parameter:
2018-08-08 12:25:43.6030 INFO OnActionExecuting Controller:Profile Action:Creation Parameter:
2018-08-08 12:26:28.3799 INFO OnActionExecuting Controller:Home Action:Index Parameter:
2018-08-08 12:26:33.0774 INFO OnActionExecuting Controller:Profile Action:Index Parameter:
2018-08-08 12:26:36.7909 INFO OnActionExecuting Controller:Profile Action:Delete Parameter:3034
2018-08-08 12:26:37.8650 INFO OnActionExecuting Controller:Profile Action:Create Parameter:
2018-08-08 12:26:41.4599 INFO OnActionExecuting Controller:Profile Action:Creation Parameter:
2018-08-08 12:26:43.0705 INFO OnActionExecuting Controller:Profile Action:Creation Parameter:
2018-08-08 12:26:44.8085 INFO OnActionExecuting Controller:Profile Action:Creation Parameter:
2018-08-08 12:26:58.2221 INFO OnActionExecuting Controller:Profile Action:Creation Parameter:
2018-08-08 12:27:49.7224 INFO OnActionExecuting Controller:Home Action:Index Parameter:
2018-08-08 12:27:54.5786 INFO OnActionExecuting Controller:Profile Action:Index Parameter:
2018-08-08 12:27:56.8593 INFO OnActionExecuting Controller:Profile Action:Create Parameter:
2018-08-08 12:28:14.3848 INFO OnActionExecuting Controller:Profile Action:Creation Parameter:
2018-08-08 12:28:16.6249 INFO OnActionExecuting Controller:Profile Action:Creation Parameter:
2018-08-08 12:28:19.5512 INFO OnActionExecuting Controller:Profile Action:Creation Parameter:
2018-08-08 12:28:21.6416 INFO OnActionExecuting Controller:Profile Action:Delete Parameter:3035
2018-08-08 12:28:22.7012 INFO OnActionExecuting Controller:Profile Action:Update Parameter:2005
2018-08-08 12:34:51.5600 INFO OnActionExecuting Controller:Home Action:Index Parameter:
2018-08-08 12:34:57.1323 INFO OnActionExecuting Controller:Profile Action:Index Parameter:
2018-08-08 12:35:00.4890 INFO OnActionExecuting Controller:Profile Action:Create Parameter:
2018-08-08 12:35:13.8066 INFO OnActionExecuting Controller:Profile Action:Creation Parameter:
2018-08-08 12:35:17.2114 INFO OnActionExecuting Controller:Profile Action:Index Parameter:
2018-08-08 12:35:18.5814 INFO OnActionExecuting Controller:Profile Action:Update Parameter:2005
2018-08-08 12:35:24.0314 INFO OnActionExecuting Controller:Home Action:Index Parameter:
2018-08-08 12:35:24.2792 INFO OnActionExecuting Controller:Profile Action:Index Parameter:
2018-08-08 12:35:24.7690 INFO OnActionExecuting Controller:Profile Action:Index Parameter:
2018-08-08 12:35:26.8309 INFO OnActionExecuting Controller:Profile Action:Create Parameter:
2018-08-08 12:35:38.1469 INFO OnActionExecuting Controller:Profile Action:Creation Parameter:
2018-08-08 12:35:39.8853 INFO OnActionExecuting Controller:Profile Action:Update Parameter:3036
2018-08-08 12:35:46.5698 INFO OnActionExecuting Controller:Profile Action:Creation Parameter:
2018-08-08 12:35:48.8280 INFO OnActionExecuting Controller:Profile Action:Creation Parameter:
2018-08-08 12:35:50.1512 INFO OnActionExecuting Controller:Home Action:Index Parameter:
2018-08-08 12:36:46.9112 INFO OnActionExecuting Controller:Home Action:Index Parameter:
2018-08-08 12:37:38.1042 INFO OnActionExecuting Controller:Profile Action:Index Parameter:
2018-08-08 12:37:40.5222 INFO OnActionExecuting Controller:Profile Action:Create Parameter:
2018-08-08 12:37:51.6483 INFO OnActionExecuting Controller:Profile Action:Creation Parameter:
2018-08-08 12:37:55.7775 INFO OnActionExecuting Controller:Profile Action:Index Parameter:
2018-08-08 12:37:57.1614 INFO OnActionExecuting Controller:Profile Action:Update Parameter:3036
2018-08-08 12:38:01.5686 INFO OnActionExecuting Controller:Profile Action:Creation Parameter:
2018-08-08 12:38:02.5655 INFO OnActionExecuting Controller:Profile Action:Index Parameter:
2018-08-08 12:45:27.0824 INFO OnActionExecuting Controller:Home Action:Index Parameter:
2018-08-08 12:45:51.2670 INFO OnActionExecuting Controller:Profile Action:Index Parameter:
