2018-08-05 14:19:31.8669 INFO http://localhost/HiQo-StaffManagement/
2018-08-05 14:19:33.2728 INFO OnActionExecuting Controller:Home Action:Index Parameter:
2018-08-05 14:19:42.1498 INFO OnActionExecuted Controller:Home Action:Index Parameter:
2018-08-05 14:19:42.1678 INFO OnResultExecuting Controller:Home Action:Index Parameter:
2018-08-05 14:19:45.1705 INFO OnResultExecuted Controller:Home Action:Index Parameter:
2018-08-05 19:51:32.8964 INFO OnActionExecuting Controller:Home Action:Index Parameter:
2018-08-05 19:51:32.8964 INFO OnActionExecuting Controller:Profile Action:Index Parameter:
2018-08-05 19:51:39.2043 INFO OnActionExecuted Controller:Home Action:Index Parameter:
2018-08-05 19:51:39.2133 INFO OnResultExecuting Controller:Home Action:Index Parameter:
2018-08-05 19:51:40.1855 INFO OnActionExecuted Controller:Profile Action:Index Parameter:
2018-08-05 19:51:40.1855 INFO OnResultExecuting Controller:Profile Action:Index Parameter:
2018-08-05 19:51:48.1073 INFO OnResultExecuted Controller:Profile Action:Index Parameter:
2018-08-05 19:51:48.1073 INFO OnResultExecuted Controller:Home Action:Index Parameter:
2018-08-05 19:51:51.1199 INFO OnActionExecuting Controller:Profile Action:Create Parameter:
2018-08-05 19:51:51.2149 INFO OnActionExecuted Controller:Profile Action:Create Parameter:
2018-08-05 19:51:51.2149 INFO OnResultExecuting Controller:Profile Action:Create Parameter:
2018-08-05 19:51:52.0254 INFO OnResultExecuted Controller:Profile Action:Create Parameter:
2018-08-05 19:52:02.4437 INFO OnActionExecuting Controller:Profile Action:Creation Parameter:
2018-08-05 19:52:02.7944 INFO OnActionExecuted Controller:Profile Action:Creation Parameter:
2018-08-05 19:52:17.5286 INFO OnActionExecuting Controller:Home Action:Index Parameter:
2018-08-05 19:52:17.5416 INFO OnActionExecuted Controller:Home Action:Index Parameter:
2018-08-05 19:52:17.5416 INFO OnResultExecuting Controller:Home Action:Index Parameter:
2018-08-05 19:52:17.5606 INFO OnResultExecuted Controller:Home Action:Index Parameter:
2018-08-05 19:52:18.7525 INFO OnActionExecuting Controller:Profile Action:Index Parameter:
2018-08-05 19:52:18.8038 INFO OnActionExecuted Controller:Profile Action:Index Parameter:
2018-08-05 19:52:18.8108 INFO OnResultExecuting Controller:Profile Action:Index Parameter:
2018-08-05 19:52:18.8108 INFO OnResultExecuted Controller:Profile Action:Index Parameter:
2018-08-05 19:52:20.2260 INFO OnActionExecuting Controller:Profile Action:Create Parameter:
2018-08-05 19:52:20.2480 INFO OnActionExecuted Controller:Profile Action:Create Parameter:
2018-08-05 19:52:20.2480 INFO OnResultExecuting Controller:Profile Action:Create Parameter:
2018-08-05 19:52:20.2670 INFO OnResultExecuted Controller:Profile Action:Create Parameter:
2018-08-05 19:52:32.6700 INFO OnActionExecuting Controller:Profile Action:Creation Parameter:
2018-08-05 19:52:33.9439 INFO OnActionExecuted Controller:Profile Action:Creation Parameter:
2018-08-05 19:52:33.9588 INFO OnResultExecuting Controller:Profile Action:Creation Parameter:
2018-08-05 19:52:33.9748 INFO OnResultExecuted Controller:Profile Action:Creation Parameter:
2018-08-05 19:52:35.8065 INFO OnActionExecuting Controller:Profile Action:Delete Parameter:3018
2018-08-05 19:52:36.2274 INFO OnActionExecuted Controller:Profile Action:Delete Parameter:3018
2018-08-05 19:52:36.2574 INFO OnResultExecuting Controller:Profile Action:Delete Parameter:3018
2018-08-05 19:52:36.2667 INFO OnResultExecuted Controller:Profile Action:Delete Parameter:3018
2018-08-05 19:54:02.0560 INFO OnActionExecuting Controller:Home Action:Index Parameter:
2018-08-05 19:54:04.0791 INFO OnActionExecuted Controller:Home Action:Index Parameter:
2018-08-05 19:54:04.0910 INFO OnResultExecuting Controller:Home Action:Index Parameter:
2018-08-05 19:54:07.2745 INFO OnResultExecuted Controller:Home Action:Index Parameter:
2018-08-05 19:54:11.1104 INFO OnActionExecuting Controller:Profile Action:Index Parameter:
2018-08-05 19:54:11.4892 INFO OnActionExecuted Controller:Profile Action:Index Parameter:
2018-08-05 19:54:11.4982 INFO OnResultExecuting Controller:Profile Action:Index Parameter:
2018-08-05 19:54:12.5712 INFO OnResultExecuted Controller:Profile Action:Index Parameter:
2018-08-05 19:54:13.8735 INFO OnActionExecuting Controller:Profile Action:Create Parameter:
2018-08-05 19:54:13.9263 INFO OnActionExecuted Controller:Profile Action:Create Parameter:
2018-08-05 19:54:13.9363 INFO OnResultExecuting Controller:Profile Action:Create Parameter:
2018-08-05 19:54:14.3740 INFO OnResultExecuted Controller:Profile Action:Create Parameter:
2018-08-05 19:54:32.4099 INFO OnActionExecuting Controller:Profile Action:Creation Parameter:
2018-08-05 19:54:32.8621 INFO OnActionExecuted Controller:Profile Action:Creation Parameter:
2018-08-05 19:54:32.8751 INFO OnResultExecuting Controller:Profile Action:Creation Parameter:
2018-08-05 19:54:32.8881 INFO OnResultExecuted Controller:Profile Action:Creation Parameter:
2018-08-05 19:54:35.5658 INFO OnActionExecuting Controller:Profile Action:Delete Parameter:3019
2018-08-05 19:54:35.7327 INFO OnActionExecuted Controller:Profile Action:Delete Parameter:3019
2018-08-05 19:54:35.7477 INFO OnResultExecuting Controller:Profile Action:Delete Parameter:3019
2018-08-05 19:54:35.7643 INFO OnResultExecuted Controller:Profile Action:Delete Parameter:3019
2018-08-05 19:54:36.5299 INFO OnActionExecuting Controller:Profile Action:Create Parameter:
2018-08-05 19:54:36.5669 INFO OnActionExecuted Controller:Profile Action:Create Parameter:
2018-08-05 19:54:36.5799 INFO OnResultExecuting Controller:Profile Action:Create Parameter:
2018-08-05 19:54:36.5979 INFO OnResultExecuted Controller:Profile Action:Create Parameter:
2018-08-05 19:54:47.9780 INFO OnActionExecuting Controller:Profile Action:Creation Parameter:
2018-08-05 19:56:33.5192 INFO OnActionExecuting Controller:Home Action:Index Parameter:
2018-08-05 19:56:34.6046 INFO OnActionExecuted Controller:Home Action:Index Parameter:
2018-08-05 19:56:34.6276 INFO OnResultExecuting Controller:Home Action:Index Parameter:
2018-08-05 19:56:36.1155 INFO OnResultExecuted Controller:Home Action:Index Parameter:
2018-08-05 19:56:38.2941 INFO OnActionExecuting Controller:Profile Action:Index Parameter:
2018-08-05 19:56:38.6563 INFO OnActionExecuted Controller:Profile Action:Index Parameter:
2018-08-05 19:56:38.6673 INFO OnResultExecuting Controller:Profile Action:Index Parameter:
2018-08-05 19:56:38.7313 INFO OnResultExecuted Controller:Profile Action:Index Parameter:
2018-08-05 19:56:40.7194 INFO OnActionExecuting Controller:Profile Action:Create Parameter:
2018-08-05 19:56:40.7934 INFO OnActionExecuted Controller:Profile Action:Create Parameter:
2018-08-05 19:56:40.7934 INFO OnResultExecuting Controller:Profile Action:Create Parameter:
2018-08-05 19:56:41.0173 INFO OnResultExecuted Controller:Profile Action:Create Parameter:
2018-08-05 19:56:51.8995 INFO OnActionExecuting Controller:Profile Action:Creation Parameter:
2018-08-05 19:57:26.1326 INFO OnActionExecuting Controller:Home Action:Index Parameter:
2018-08-05 19:57:26.9086 INFO OnActionExecuted Controller:Home Action:Index Parameter:
2018-08-05 19:57:26.9266 INFO OnResultExecuting Controller:Home Action:Index Parameter:
2018-08-05 19:57:27.9959 INFO OnResultExecuted Controller:Home Action:Index Parameter:
2018-08-05 19:57:30.8654 INFO OnActionExecuting Controller:Profile Action:Index Parameter:
2018-08-05 19:57:31.2031 INFO OnActionExecuted Controller:Profile Action:Index Parameter:
2018-08-05 19:57:31.2211 INFO OnResultExecuting Controller:Profile Action:Index Parameter:
2018-08-05 19:57:31.2840 INFO OnResultExecuted Controller:Profile Action:Index Parameter:
2018-08-05 19:57:32.4739 INFO OnActionExecuting Controller:Profile Action:Create Parameter:
2018-08-05 19:57:32.5188 INFO OnActionExecuted Controller:Profile Action:Create Parameter:
2018-08-05 19:57:32.5278 INFO OnResultExecuting Controller:Profile Action:Create Parameter:
2018-08-05 19:57:32.7174 INFO OnResultExecuted Controller:Profile Action:Create Parameter:
2018-08-05 19:57:43.9460 INFO OnActionExecuting Controller:Profile Action:Creation Parameter:
2018-08-05 19:59:39.4530 INFO OnActionExecuting Controller:Home Action:Index Parameter:
2018-08-05 19:59:40.2884 INFO OnActionExecuted Controller:Home Action:Index Parameter:
2018-08-05 19:59:40.3014 INFO OnResultExecuting Controller:Home Action:Index Parameter:
2018-08-05 19:59:42.6015 INFO OnResultExecuted Controller:Home Action:Index Parameter:
2018-08-05 20:00:44.9391 INFO OnActionExecuting Controller:Profile Action:Index Parameter:
2018-08-05 20:00:45.3388 INFO OnActionExecuted Controller:Profile Action:Index Parameter:
2018-08-05 20:00:45.3388 INFO OnResultExecuting Controller:Profile Action:Index Parameter:
2018-08-05 20:00:46.7356 INFO OnResultExecuted Controller:Profile Action:Index Parameter:
2018-08-05 20:01:14.4142 INFO OnActionExecuting Controller:Profile Action:Create Parameter:
2018-08-05 20:01:14.4632 INFO OnActionExecuted Controller:Profile Action:Create Parameter:
2018-08-05 20:01:14.4632 INFO OnResultExecuting Controller:Profile Action:Create Parameter:
2018-08-05 20:01:14.6541 INFO OnResultExecuted Controller:Profile Action:Create Parameter:
2018-08-05 20:02:23.5141 INFO OnActionExecuting Controller:Profile Action:Creation Parameter:
2018-08-05 20:02:23.5529 INFO OnActionExecuted Controller:Profile Action:Creation Parameter:
2018-08-05 20:02:23.5649 INFO OnResultExecuting Controller:Profile Action:Creation Parameter:
2018-08-05 20:02:23.5839 INFO OnResultExecuted Controller:Profile Action:Creation Parameter:
2018-08-05 20:02:41.0540 INFO OnActionExecuting Controller:Profile Action:Creation Parameter:
2018-08-05 20:02:41.0980 INFO OnActionExecuted Controller:Profile Action:Creation Parameter:
2018-08-05 20:02:41.1080 INFO OnResultExecuting Controller:Profile Action:Creation Parameter:
2018-08-05 20:02:41.1200 INFO OnResultExecuted Controller:Profile Action:Creation Parameter:
2018-08-05 20:04:43.9988 INFO OnActionExecuting Controller:Home Action:Index Parameter:
2018-08-05 20:04:45.1920 INFO OnActionExecuted Controller:Home Action:Index Parameter:
2018-08-05 20:04:45.2130 INFO OnResultExecuting Controller:Home Action:Index Parameter:
2018-08-05 20:04:47.5827 INFO OnResultExecuted Controller:Home Action:Index Parameter:
2018-08-05 20:04:51.5503 INFO OnActionExecuting Controller:Profile Action:Index Parameter:
2018-08-05 20:04:52.0602 INFO OnActionExecuted Controller:Profile Action:Index Parameter:
2018-08-05 20:04:52.0732 INFO OnResultExecuting Controller:Profile Action:Index Parameter:
2018-08-05 20:04:53.6498 INFO OnResultExecuted Controller:Profile Action:Index Parameter:
2018-08-05 20:04:57.7129 INFO OnActionExecuting Controller:Profile Action:Create Parameter:
2018-08-05 20:04:57.7618 INFO OnActionExecuted Controller:Profile Action:Create Parameter:
2018-08-05 20:04:57.7618 INFO OnResultExecuting Controller:Profile Action:Create Parameter:
2018-08-05 20:04:57.9705 INFO OnResultExecuted Controller:Profile Action:Create Parameter:
2018-08-05 20:05:14.3293 INFO OnActionExecuting Controller:Profile Action:Creation Parameter:
2018-08-05 20:05:14.3598 INFO OnActionExecuted Controller:Profile Action:Creation Parameter:
2018-08-05 20:05:14.3698 INFO OnResultExecuting Controller:Profile Action:Creation Parameter:
2018-08-05 20:05:14.3898 INFO OnResultExecuted Controller:Profile Action:Creation Parameter:
2018-08-05 20:05:44.5441 INFO OnActionExecuting Controller:Home Action:Index Parameter:
2018-08-05 20:05:45.6466 INFO OnActionExecuted Controller:Home Action:Index Parameter:
2018-08-05 20:05:45.6646 INFO OnResultExecuting Controller:Home Action:Index Parameter:
2018-08-05 20:05:47.9786 INFO OnResultExecuted Controller:Home Action:Index Parameter:
2018-08-05 20:05:51.0871 INFO OnActionExecuting Controller:Profile Action:Index Parameter:
2018-08-05 20:05:51.5391 INFO OnActionExecuted Controller:Profile Action:Index Parameter:
2018-08-05 20:05:51.5511 INFO OnResultExecuting Controller:Profile Action:Index Parameter:
2018-08-05 20:05:52.5863 INFO OnResultExecuted Controller:Profile Action:Index Parameter:
2018-08-05 20:05:55.9762 INFO OnActionExecuting Controller:Profile Action:Delete Parameter:2021
2018-08-05 20:05:56.2248 INFO OnActionExecuted Controller:Profile Action:Delete Parameter:2021
2018-08-05 20:05:56.2378 INFO OnResultExecuting Controller:Profile Action:Delete Parameter:2021
2018-08-05 20:05:56.2518 INFO OnResultExecuted Controller:Profile Action:Delete Parameter:2021
2018-08-05 20:05:57.0418 INFO OnActionExecuting Controller:Profile Action:Create Parameter:
2018-08-05 20:05:57.0928 INFO OnActionExecuted Controller:Profile Action:Create Parameter:
2018-08-05 20:05:57.1047 INFO OnResultExecuting Controller:Profile Action:Create Parameter:
2018-08-05 20:05:57.2826 INFO OnResultExecuted Controller:Profile Action:Create Parameter:
2018-08-05 20:06:08.7582 INFO OnActionExecuting Controller:Profile Action:Creation Parameter:
2018-08-05 20:06:08.8082 INFO OnActionExecuted Controller:Profile Action:Creation Parameter:
2018-08-05 20:06:08.8082 INFO OnResultExecuting Controller:Profile Action:Creation Parameter:
2018-08-05 20:06:08.8342 INFO OnResultExecuted Controller:Profile Action:Creation Parameter:
2018-08-05 20:06:12.3546 INFO OnActionExecuting Controller:Profile Action:Index Parameter:
2018-08-05 20:06:12.4615 INFO OnActionExecuted Controller:Profile Action:Index Parameter:
2018-08-05 20:06:12.4775 INFO OnResultExecuting Controller:Profile Action:Index Parameter:
2018-08-05 20:06:12.4915 INFO OnResultExecuted Controller:Profile Action:Index Parameter:
2018-08-05 20:06:22.4840 INFO OnActionExecuting Controller:Profile Action:Create Parameter:
2018-08-05 20:06:22.5399 INFO OnActionExecuted Controller:Profile Action:Create Parameter:
2018-08-05 20:06:22.5579 INFO OnResultExecuting Controller:Profile Action:Create Parameter:
2018-08-05 20:06:22.5739 INFO OnResultExecuted Controller:Profile Action:Create Parameter:
2018-08-05 20:06:40.0763 INFO OnActionExecuting Controller:Profile Action:Creation Parameter:
2018-08-05 20:06:40.1343 INFO OnActionExecuted Controller:Profile Action:Creation Parameter:
2018-08-05 20:06:40.1553 INFO OnResultExecuting Controller:Profile Action:Creation Parameter:
2018-08-05 20:06:40.1703 INFO OnResultExecuted Controller:Profile Action:Creation Parameter:
2018-08-05 20:06:46.1902 INFO OnActionExecuting Controller:Home Action:Index Parameter:
2018-08-05 20:06:46.2092 INFO OnActionExecuted Controller:Home Action:Index Parameter:
2018-08-05 20:06:46.2212 INFO OnResultExecuting Controller:Home Action:Index Parameter:
2018-08-05 20:06:46.2382 INFO OnResultExecuted Controller:Home Action:Index Parameter:
2018-08-05 20:06:46.7839 INFO OnActionExecuting Controller:Profile Action:Index Parameter:
2018-08-05 20:06:46.8768 INFO OnActionExecuted Controller:Profile Action:Index Parameter:
2018-08-05 20:06:46.8888 INFO OnResultExecuting Controller:Profile Action:Index Parameter:
2018-08-05 20:06:46.9018 INFO OnResultExecuted Controller:Profile Action:Index Parameter:
2018-08-05 20:06:51.1976 INFO OnActionExecuting Controller:Profile Action:Create Parameter:
2018-08-05 20:06:51.2404 INFO OnActionExecuted Controller:Profile Action:Create Parameter:
2018-08-05 20:06:51.2504 INFO OnResultExecuting Controller:Profile Action:Create Parameter:
2018-08-05 20:06:51.2673 INFO OnResultExecuted Controller:Profile Action:Create Parameter:
2018-08-05 20:07:07.9720 INFO OnActionExecuting Controller:Profile Action:Creation Parameter:
2018-08-05 20:07:08.0230 INFO OnActionExecuted Controller:Profile Action:Creation Parameter:
2018-08-05 20:07:08.0489 INFO OnResultExecuting Controller:Profile Action:Creation Parameter:
2018-08-05 20:07:08.0680 INFO OnResultExecuted Controller:Profile Action:Creation Parameter:
2018-08-05 20:07:11.7490 INFO OnActionExecuting Controller:Home Action:Index Parameter:
2018-08-05 20:07:11.7750 INFO OnActionExecuted Controller:Home Action:Index Parameter:
2018-08-05 20:07:11.7750 INFO OnResultExecuting Controller:Home Action:Index Parameter:
2018-08-05 20:07:11.8060 INFO OnResultExecuted Controller:Home Action:Index Parameter:
2018-08-05 20:07:13.2703 INFO OnActionExecuting Controller:Profile Action:Index Parameter:
2018-08-05 20:07:13.3600 INFO OnActionExecuted Controller:Profile Action:Index Parameter:
2018-08-05 20:07:13.3760 INFO OnResultExecuting Controller:Profile Action:Index Parameter:
2018-08-05 20:07:13.3939 INFO OnResultExecuted Controller:Profile Action:Index Parameter:
2018-08-05 20:07:15.0551 INFO OnActionExecuting Controller:Profile Action:Create Parameter:
2018-08-05 20:07:15.0998 INFO OnActionExecuted Controller:Profile Action:Create Parameter:
2018-08-05 20:07:15.1138 INFO OnResultExecuting Controller:Profile Action:Create Parameter:
2018-08-05 20:07:15.1278 INFO OnResultExecuted Controller:Profile Action:Create Parameter:
2018-08-05 20:07:28.7681 INFO OnActionExecuting Controller:Profile Action:Creation Parameter:
2018-08-05 20:07:28.8148 INFO OnActionExecuted Controller:Profile Action:Creation Parameter:
2018-08-05 20:07:28.8278 INFO OnResultExecuting Controller:Profile Action:Creation Parameter:
2018-08-05 20:07:28.8458 INFO OnResultExecuted Controller:Profile Action:Creation Parameter:
2018-08-05 20:07:31.1870 INFO OnActionExecuting Controller:Profile Action:Index Parameter:
2018-08-05 20:07:31.2710 INFO OnActionExecuted Controller:Profile Action:Index Parameter:
2018-08-05 20:07:31.2810 INFO OnResultExecuting Controller:Profile Action:Index Parameter:
2018-08-05 20:07:31.2922 INFO OnResultExecuted Controller:Profile Action:Index Parameter:
2018-08-05 20:07:50.5830 INFO OnActionExecuting Controller:Profile Action:Create Parameter:
2018-08-05 20:07:50.6220 INFO OnActionExecuted Controller:Profile Action:Create Parameter:
2018-08-05 20:07:50.6340 INFO OnResultExecuting Controller:Profile Action:Create Parameter:
2018-08-05 20:07:50.6340 INFO OnResultExecuted Controller:Profile Action:Create Parameter:
2018-08-05 20:08:04.2357 INFO OnActionExecuting Controller:Profile Action:Creation Parameter:
2018-08-05 20:08:04.2766 INFO OnActionExecuted Controller:Profile Action:Creation Parameter:
2018-08-05 20:08:04.2906 INFO OnResultExecuting Controller:Profile Action:Creation Parameter:
2018-08-05 20:08:04.3086 INFO OnResultExecuted Controller:Profile Action:Creation Parameter:
2018-08-05 20:08:05.8493 INFO OnActionExecuting Controller:Home Action:Index Parameter:
2018-08-05 20:08:05.8693 INFO OnActionExecuted Controller:Home Action:Index Parameter:
2018-08-05 20:08:05.8693 INFO OnResultExecuting Controller:Home Action:Index Parameter:
2018-08-05 20:08:05.8948 INFO OnResultExecuted Controller:Home Action:Index Parameter:
2018-08-05 20:08:38.6728 INFO OnActionExecuting Controller:Home Action:Index Parameter:
2018-08-05 20:08:40.3504 INFO OnActionExecuted Controller:Home Action:Index Parameter:
2018-08-05 20:08:40.3644 INFO OnResultExecuting Controller:Home Action:Index Parameter:
2018-08-05 20:08:41.6683 INFO OnResultExecuted Controller:Home Action:Index Parameter:
2018-08-05 20:08:43.4881 INFO OnActionExecuting Controller:Profile Action:Index Parameter:
2018-08-05 20:08:43.8534 INFO OnActionExecuted Controller:Profile Action:Index Parameter:
2018-08-05 20:08:43.8534 INFO OnResultExecuting Controller:Profile Action:Index Parameter:
2018-08-05 20:08:43.9384 INFO OnResultExecuted Controller:Profile Action:Index Parameter:
2018-08-05 20:08:45.3330 INFO OnActionExecuting Controller:Profile Action:Create Parameter:
2018-08-05 20:08:45.3856 INFO OnActionExecuted Controller:Profile Action:Create Parameter:
2018-08-05 20:08:45.4056 INFO OnResultExecuting Controller:Profile Action:Create Parameter:
2018-08-05 20:08:45.6245 INFO OnResultExecuted Controller:Profile Action:Create Parameter:
2018-08-05 20:12:49.6026 INFO OnActionExecuting Controller:Home Action:Index Parameter:
2018-08-05 20:12:50.5255 INFO OnActionExecuted Controller:Home Action:Index Parameter:
2018-08-05 20:12:50.5255 INFO OnResultExecuting Controller:Home Action:Index Parameter:
2018-08-05 20:12:54.9698 INFO OnResultExecuted Controller:Home Action:Index Parameter:
2018-08-05 20:12:59.2501 INFO OnActionExecuting Controller:Profile Action:Index Parameter:
2018-08-05 20:12:59.7339 INFO OnActionExecuted Controller:Profile Action:Index Parameter:
2018-08-05 20:12:59.7489 INFO OnResultExecuting Controller:Profile Action:Index Parameter:
2018-08-05 20:13:01.4011 INFO OnResultExecuted Controller:Profile Action:Index Parameter:
2018-08-05 20:13:02.7618 INFO OnActionExecuting Controller:Profile Action:Create Parameter:
2018-08-05 20:13:02.8108 INFO OnActionExecuted Controller:Profile Action:Create Parameter:
2018-08-05 20:13:02.8238 INFO OnResultExecuting Controller:Profile Action:Create Parameter:
2018-08-05 20:13:03.0228 INFO OnResultExecuted Controller:Profile Action:Create Parameter:
2018-08-05 20:25:12.0952 INFO OnActionExecuting Controller:Home Action:Index Parameter:
2018-08-05 20:25:13.0688 INFO OnActionExecuted Controller:Home Action:Index Parameter:
2018-08-05 20:25:13.0838 INFO OnResultExecuting Controller:Home Action:Index Parameter:
2018-08-05 20:25:15.7338 INFO OnResultExecuted Controller:Home Action:Index Parameter:
2018-08-05 20:25:18.3890 INFO OnActionExecuting Controller:Profile Action:Index Parameter:
2018-08-05 20:25:18.9780 INFO OnActionExecuted Controller:Profile Action:Index Parameter:
2018-08-05 20:25:18.9780 INFO OnResultExecuting Controller:Profile Action:Index Parameter:
2018-08-05 20:25:20.5019 INFO OnResultExecuted Controller:Profile Action:Index Parameter:
2018-08-05 20:25:22.9020 INFO OnActionExecuting Controller:Profile Action:Create Parameter:
2018-08-05 20:25:22.9542 INFO OnActionExecuted Controller:Profile Action:Create Parameter:
2018-08-05 20:25:22.9652 INFO OnResultExecuting Controller:Profile Action:Create Parameter:
2018-08-05 20:25:23.1631 INFO OnResultExecuted Controller:Profile Action:Create Parameter:
2018-08-05 20:27:59.0266 INFO OnActionExecuting Controller:Home Action:Index Parameter:
2018-08-05 20:27:59.9888 INFO OnActionExecuted Controller:Home Action:Index Parameter:
2018-08-05 20:28:00.0128 INFO OnResultExecuting Controller:Home Action:Index Parameter:
2018-08-05 20:28:02.8278 INFO OnResultExecuted Controller:Home Action:Index Parameter:
2018-08-05 20:28:57.4999 INFO OnActionExecuting Controller:Profile Action:Index Parameter:
2018-08-05 20:28:58.1606 INFO OnActionExecuted Controller:Profile Action:Index Parameter:
2018-08-05 20:28:58.2056 INFO OnResultExecuting Controller:Profile Action:Index Parameter:
2018-08-05 20:28:59.8743 INFO OnResultExecuted Controller:Profile Action:Index Parameter:
2018-08-05 20:29:06.5680 INFO OnActionExecuting Controller:Profile Action:Create Parameter:
2018-08-05 20:29:06.6170 INFO OnActionExecuted Controller:Profile Action:Create Parameter:
2018-08-05 20:29:06.6270 INFO OnResultExecuting Controller:Profile Action:Create Parameter:
2018-08-05 20:29:06.7889 INFO OnResultExecuted Controller:Profile Action:Create Parameter:
2018-08-05 20:29:41.8671 INFO OnActionExecuting Controller:Profile Action:Creation Parameter:
2018-08-05 20:29:42.1727 INFO OnActionExecuted Controller:Profile Action:Creation Parameter:
2018-08-05 20:29:42.1931 INFO OnResultExecuting Controller:Profile Action:Creation Parameter:
2018-08-05 20:29:42.2371 INFO OnResultExecuted Controller:Profile Action:Creation Parameter:
2018-08-05 20:29:45.0439 INFO OnActionExecuting Controller:Profile Action:Create Parameter:
2018-08-05 20:29:45.0809 INFO OnActionExecuted Controller:Profile Action:Create Parameter:
2018-08-05 20:29:45.0959 INFO OnResultExecuting Controller:Profile Action:Create Parameter:
2018-08-05 20:29:45.1118 INFO OnResultExecuted Controller:Profile Action:Create Parameter:
2018-08-05 20:29:56.5396 INFO OnActionExecuting Controller:Profile Action:Creation Parameter:
2018-08-05 20:29:56.6071 INFO OnActionExecuted Controller:Profile Action:Creation Parameter:
2018-08-05 20:29:56.6071 INFO OnResultExecuting Controller:Profile Action:Creation Parameter:
2018-08-05 20:29:56.6330 INFO OnResultExecuted Controller:Profile Action:Creation Parameter:
2018-08-05 20:30:01.1050 INFO OnActionExecuting Controller:Profile Action:Creation Parameter:
2018-08-05 20:30:01.1978 INFO OnActionExecuted Controller:Profile Action:Creation Parameter:
2018-08-05 20:30:01.1978 INFO OnResultExecuting Controller:Profile Action:Creation Parameter:
2018-08-05 20:30:01.2268 INFO OnResultExecuted Controller:Profile Action:Creation Parameter:
2018-08-05 20:30:10.1691 INFO OnActionExecuting Controller:Profile Action:Creation Parameter:
2018-08-05 20:30:10.2234 INFO OnActionExecuted Controller:Profile Action:Creation Parameter:
2018-08-05 20:30:10.2353 INFO OnResultExecuting Controller:Profile Action:Creation Parameter:
2018-08-05 20:30:10.2514 INFO OnResultExecuted Controller:Profile Action:Creation Parameter:
2018-08-05 20:31:50.2471 INFO OnActionExecuting Controller:Home Action:Index Parameter:
2018-08-05 20:31:51.2321 INFO OnActionExecuted Controller:Home Action:Index Parameter:
2018-08-05 20:31:51.2562 INFO OnResultExecuting Controller:Home Action:Index Parameter:
2018-08-05 20:31:53.9536 INFO OnResultExecuted Controller:Home Action:Index Parameter:
2018-08-05 20:31:55.6940 INFO OnActionExecuting Controller:Profile Action:Index Parameter:
2018-08-05 20:31:56.2387 INFO OnActionExecuted Controller:Profile Action:Index Parameter:
2018-08-05 20:31:56.2617 INFO OnResultExecuting Controller:Profile Action:Index Parameter:
2018-08-05 20:31:57.1936 INFO OnResultExecuted Controller:Profile Action:Index Parameter:
2018-08-05 20:31:58.1389 INFO OnActionExecuting Controller:Profile Action:Create Parameter:
2018-08-05 20:31:58.2049 INFO OnActionExecuted Controller:Profile Action:Create Parameter:
2018-08-05 20:31:58.2228 INFO OnResultExecuting Controller:Profile Action:Create Parameter:
2018-08-05 20:31:58.4357 INFO OnResultExecuted Controller:Profile Action:Create Parameter:
2018-08-05 20:32:17.5584 INFO OnActionExecuting Controller:Profile Action:Creation Parameter:
2018-08-05 20:32:17.5954 INFO OnActionExecuted Controller:Profile Action:Creation Parameter:
2018-08-05 20:32:17.6094 INFO OnResultExecuting Controller:Profile Action:Creation Parameter:
2018-08-05 20:32:17.6234 INFO OnResultExecuted Controller:Profile Action:Creation Parameter:
2018-08-05 20:32:21.1872 INFO OnActionExecuting Controller:Profile Action:Creation Parameter:
2018-08-05 20:32:21.2280 INFO OnActionExecuted Controller:Profile Action:Creation Parameter:
2018-08-05 20:32:21.2280 INFO OnResultExecuting Controller:Profile Action:Creation Parameter:
2018-08-05 20:32:21.2580 INFO OnResultExecuted Controller:Profile Action:Creation Parameter:
2018-08-05 20:32:26.6261 INFO OnActionExecuting Controller:Profile Action:Creation Parameter:
2018-08-05 20:32:26.9158 INFO OnActionExecuted Controller:Profile Action:Creation Parameter:
2018-08-05 20:32:26.9158 INFO OnResultExecuting Controller:Profile Action:Creation Parameter:
2018-08-05 20:32:26.9407 INFO OnResultExecuted Controller:Profile Action:Creation Parameter:
2018-08-05 21:13:15.9340 INFO OnActionExecuting Controller:Home Action:Index Parameter:
2018-08-05 21:13:16.9325 INFO OnActionExecuted Controller:Home Action:Index Parameter:
2018-08-05 21:13:16.9564 INFO OnResultExecuting Controller:Home Action:Index Parameter:
2018-08-05 21:13:20.3248 INFO OnResultExecuted Controller:Home Action:Index Parameter:
2018-08-05 21:13:33.2748 INFO OnActionExecuting Controller:Profile Action:Index Parameter:
2018-08-05 21:13:33.6926 INFO OnActionExecuted Controller:Profile Action:Index Parameter:
2018-08-05 21:13:33.7076 INFO OnResultExecuting Controller:Profile Action:Index Parameter:
2018-08-05 21:13:34.9434 INFO OnResultExecuted Controller:Profile Action:Index Parameter:
2018-08-05 21:13:40.1791 INFO OnActionExecuting Controller:Profile Action:Delete Parameter:3021
2018-08-05 21:13:40.3669 INFO OnActionExecuted Controller:Profile Action:Delete Parameter:3021
2018-08-05 21:13:40.3829 INFO OnResultExecuting Controller:Profile Action:Delete Parameter:3021
2018-08-05 21:13:40.3949 INFO OnResultExecuted Controller:Profile Action:Delete Parameter:3021
2018-08-05 21:13:42.2149 INFO OnActionExecuting Controller:Profile Action:Delete Parameter:3020
2018-08-05 21:13:42.3249 INFO OnActionExecuted Controller:Profile Action:Delete Parameter:3020
2018-08-05 21:13:42.3249 INFO OnResultExecuting Controller:Profile Action:Delete Parameter:3020
2018-08-05 21:13:42.3498 INFO OnResultExecuted Controller:Profile Action:Delete Parameter:3020
2018-08-05 21:13:43.5531 INFO OnActionExecuting Controller:Profile Action:Create Parameter:
2018-08-05 21:13:43.6030 INFO OnActionExecuted Controller:Profile Action:Create Parameter:
2018-08-05 21:13:43.6030 INFO OnResultExecuting Controller:Profile Action:Create Parameter:
2018-08-05 21:14:11.4600 INFO OnResultExecuted Controller:Profile Action:Create Parameter:
2018-08-05 21:14:38.8342 INFO OnActionExecuting Controller:Profile Action:Creation Parameter:
2018-08-05 21:15:20.2382 INFO OnActionExecuting Controller:Home Action:Index Parameter:
2018-08-05 21:15:23.7287 INFO OnActionExecuted Controller:Home Action:Index Parameter:
2018-08-05 21:15:23.7287 INFO OnResultExecuting Controller:Home Action:Index Parameter:
2018-08-05 21:15:26.6585 INFO OnResultExecuted Controller:Home Action:Index Parameter:
2018-08-05 21:15:42.1034 INFO OnActionExecuting Controller:Profile Action:Index Parameter:
2018-08-05 21:15:42.6964 INFO OnActionExecuted Controller:Profile Action:Index Parameter:
2018-08-05 21:15:42.7074 INFO OnResultExecuting Controller:Profile Action:Index Parameter:
2018-08-05 21:15:48.2486 INFO OnResultExecuted Controller:Profile Action:Index Parameter:
2018-08-05 21:15:51.1926 INFO OnActionExecuting Controller:Profile Action:Update Parameter:2
2018-08-05 21:15:51.3024 INFO OnActionExecuted Controller:Profile Action:Update Parameter:2
2018-08-05 21:15:51.3134 INFO OnResultExecuting Controller:Profile Action:Update Parameter:2
2018-08-05 21:15:51.5293 INFO OnResultExecuted Controller:Profile Action:Update Parameter:2
2018-08-05 21:15:59.4321 INFO OnActionExecuting Controller:Profile Action:Creation Parameter:
2018-08-05 21:15:59.4551 INFO OnActionExecuted Controller:Profile Action:Creation Parameter:
2018-08-05 21:15:59.4651 INFO OnResultExecuting Controller:Profile Action:Creation Parameter:
2018-08-05 21:15:59.4807 INFO OnResultExecuted Controller:Profile Action:Creation Parameter:
2018-08-05 21:20:09.2707 INFO OnActionExecuting Controller:Home Action:Index Parameter:
2018-08-05 21:20:10.1758 INFO OnActionExecuted Controller:Home Action:Index Parameter:
2018-08-05 21:20:10.1898 INFO OnResultExecuting Controller:Home Action:Index Parameter:
2018-08-05 21:20:12.0222 INFO OnResultExecuted Controller:Home Action:Index Parameter:
2018-08-05 21:20:30.8330 INFO OnActionExecuting Controller:Profile Action:Index Parameter:
2018-08-05 21:20:31.3558 INFO OnActionExecuted Controller:Profile Action:Index Parameter:
2018-08-05 21:20:31.3738 INFO OnResultExecuting Controller:Profile Action:Index Parameter:
2018-08-05 21:20:32.6213 INFO OnResultExecuted Controller:Profile Action:Index Parameter:
2018-08-05 21:20:33.7909 INFO OnActionExecuting Controller:Profile Action:Create Parameter:
2018-08-05 21:20:33.8389 INFO OnActionExecuted Controller:Profile Action:Create Parameter:
2018-08-05 21:20:33.8389 INFO OnResultExecuting Controller:Profile Action:Create Parameter:
2018-08-05 21:20:34.0839 INFO OnResultExecuted Controller:Profile Action:Create Parameter:
2018-08-05 21:20:45.4986 INFO OnActionExecuting Controller:Profile Action:Creation Parameter:
2018-08-05 21:20:45.5325 INFO OnActionExecuted Controller:Profile Action:Creation Parameter:
2018-08-05 21:20:45.5435 INFO OnResultExecuting Controller:Profile Action:Creation Parameter:
2018-08-05 21:20:45.5575 INFO OnResultExecuted Controller:Profile Action:Creation Parameter:
2018-08-05 21:20:57.3773 INFO OnActionExecuting Controller:Profile Action:Creation Parameter:
2018-08-05 21:20:57.7034 INFO OnActionExecuted Controller:Profile Action:Creation Parameter:
2018-08-05 21:20:57.7174 INFO OnResultExecuting Controller:Profile Action:Creation Parameter:
2018-08-05 21:20:57.7304 INFO OnResultExecuted Controller:Profile Action:Creation Parameter:
2018-08-05 21:20:59.7735 INFO OnActionExecuting Controller:Profile Action:Create Parameter:
2018-08-05 21:20:59.8074 INFO OnActionExecuted Controller:Profile Action:Create Parameter:
2018-08-05 21:20:59.8074 INFO OnResultExecuting Controller:Profile Action:Create Parameter:
2018-08-05 21:20:59.8314 INFO OnResultExecuted Controller:Profile Action:Create Parameter:
2018-08-05 21:21:14.5342 INFO OnActionExecuting Controller:Profile Action:Creation Parameter:
2018-08-05 21:21:14.5822 INFO OnActionExecuted Controller:Profile Action:Creation Parameter:
2018-08-05 21:21:14.6012 INFO OnResultExecuting Controller:Profile Action:Creation Parameter:
2018-08-05 21:21:14.6172 INFO OnResultExecuted Controller:Profile Action:Creation Parameter:
2018-08-05 21:21:17.7640 INFO OnActionExecuting Controller:Home Action:Index Parameter:
2018-08-05 21:21:17.7820 INFO OnActionExecuted Controller:Home Action:Index Parameter:
2018-08-05 21:21:17.7950 INFO OnResultExecuting Controller:Home Action:Index Parameter:
2018-08-05 21:21:17.8060 INFO OnResultExecuted Controller:Home Action:Index Parameter:
2018-08-05 21:21:18.4150 INFO OnActionExecuting Controller:Profile Action:Index Parameter:
2018-08-05 21:21:18.5159 INFO OnActionExecuted Controller:Profile Action:Index Parameter:
2018-08-05 21:21:18.5298 INFO OnResultExecuting Controller:Profile Action:Index Parameter:
2018-08-05 21:21:18.5428 INFO OnResultExecuted Controller:Profile Action:Index Parameter:
2018-08-05 21:21:21.5591 INFO OnActionExecuting Controller:Profile Action:Update Parameter:2
2018-08-05 21:21:21.7167 INFO OnActionExecuted Controller:Profile Action:Update Parameter:2
2018-08-05 21:21:21.7287 INFO OnResultExecuting Controller:Profile Action:Update Parameter:2
2018-08-05 21:21:21.7447 INFO OnResultExecuted Controller:Profile Action:Update Parameter:2
2018-08-05 21:21:32.5359 INFO OnActionExecuting Controller:Profile Action:Creation Parameter:
2018-08-05 21:21:32.8788 INFO OnActionExecuted Controller:Profile Action:Creation Parameter:
2018-08-05 21:21:32.8888 INFO OnResultExecuting Controller:Profile Action:Creation Parameter:
2018-08-05 21:21:32.8998 INFO OnResultExecuted Controller:Profile Action:Creation Parameter:
2018-08-05 21:21:35.7819 INFO OnActionExecuting Controller:Profile Action:Update Parameter:2
2018-08-05 21:21:35.9787 INFO OnActionExecuted Controller:Profile Action:Update Parameter:2
2018-08-05 21:21:35.9787 INFO OnResultExecuting Controller:Profile Action:Update Parameter:2
2018-08-05 21:21:36.0047 INFO OnResultExecuted Controller:Profile Action:Update Parameter:2
2018-08-05 21:21:38.4210 INFO OnActionExecuting Controller:Profile Action:Creation Parameter:
2018-08-05 21:21:38.5989 INFO OnActionExecuted Controller:Profile Action:Creation Parameter:
2018-08-05 21:21:38.6099 INFO OnResultExecuting Controller:Profile Action:Creation Parameter:
2018-08-05 21:21:38.6219 INFO OnResultExecuted Controller:Profile Action:Creation Parameter:
2018-08-05 21:21:43.3339 INFO OnActionExecuting Controller:Profile Action:Create Parameter:
2018-08-05 21:21:43.3680 INFO OnActionExecuted Controller:Profile Action:Create Parameter:
2018-08-05 21:21:43.3789 INFO OnResultExecuting Controller:Profile Action:Create Parameter:
2018-08-05 21:21:43.3910 INFO OnResultExecuted Controller:Profile Action:Create Parameter:
2018-08-05 21:22:18.4286 INFO OnActionExecuting Controller:Profile Action:Creation Parameter:
2018-08-05 21:22:18.5055 INFO OnActionExecuted Controller:Profile Action:Creation Parameter:
2018-08-05 21:22:18.5235 INFO OnResultExecuting Controller:Profile Action:Creation Parameter:
2018-08-05 21:22:18.5415 INFO OnResultExecuted Controller:Profile Action:Creation Parameter:
2018-08-05 21:22:20.9521 INFO OnActionExecuting Controller:Profile Action:Creation Parameter:
2018-08-05 21:22:20.9854 INFO OnActionExecuted Controller:Profile Action:Creation Parameter:
2018-08-05 21:22:20.9954 INFO OnResultExecuting Controller:Profile Action:Creation Parameter:
2018-08-05 21:22:20.9954 INFO OnResultExecuted Controller:Profile Action:Creation Parameter:
2018-08-05 21:22:22.1378 INFO OnActionExecuting Controller:Profile Action:Creation Parameter:
2018-08-05 21:22:22.1857 INFO OnActionExecuted Controller:Profile Action:Creation Parameter:
2018-08-05 21:22:22.1967 INFO OnResultExecuting Controller:Profile Action:Creation Parameter:
2018-08-05 21:22:22.1967 INFO OnResultExecuted Controller:Profile Action:Creation Parameter:
2018-08-05 21:22:23.1358 INFO OnActionExecuting Controller:Profile Action:Creation Parameter:
2018-08-05 21:22:23.1687 INFO OnActionExecuted Controller:Profile Action:Creation Parameter:
2018-08-05 21:22:23.1827 INFO OnResultExecuting Controller:Profile Action:Creation Parameter:
2018-08-05 21:22:23.2027 INFO OnResultExecuted Controller:Profile Action:Creation Parameter:
2018-08-05 21:22:25.7951 INFO OnActionExecuting Controller:Profile Action:Creation Parameter:
2018-08-05 21:22:26.4072 INFO OnActionExecuted Controller:Profile Action:Creation Parameter:
2018-08-05 21:22:26.4212 INFO OnResultExecuting Controller:Profile Action:Creation Parameter:
2018-08-05 21:22:26.4342 INFO OnResultExecuted Controller:Profile Action:Creation Parameter:
2018-08-05 21:22:29.6961 INFO OnActionExecuting Controller:Profile Action:Create Parameter:
2018-08-05 21:22:29.7254 INFO OnActionExecuted Controller:Profile Action:Create Parameter:
2018-08-05 21:22:29.7374 INFO OnResultExecuting Controller:Profile Action:Create Parameter:
2018-08-05 21:22:29.7494 INFO OnResultExecuted Controller:Profile Action:Create Parameter:
2018-08-05 21:22:47.2920 INFO OnActionExecuting Controller:Profile Action:Creation Parameter:
2018-08-05 21:22:47.3540 INFO OnActionExecuted Controller:Profile Action:Creation Parameter:
2018-08-05 21:22:47.3540 INFO OnResultExecuting Controller:Profile Action:Creation Parameter:
2018-08-05 21:22:47.3830 INFO OnResultExecuted Controller:Profile Action:Creation Parameter:
2018-08-05 21:22:53.1507 INFO OnActionExecuting Controller:Profile Action:Creation Parameter:
2018-08-05 21:22:53.3048 INFO OnActionExecuted Controller:Profile Action:Creation Parameter:
2018-08-05 21:22:53.3157 INFO OnResultExecuting Controller:Profile Action:Creation Parameter:
2018-08-05 21:22:53.3267 INFO OnResultExecuted Controller:Profile Action:Creation Parameter:
2018-08-05 21:36:31.9357 INFO OnActionExecuting Controller:Home Action:Index Parameter:
2018-08-05 21:36:33.3850 INFO OnActionExecuted Controller:Home Action:Index Parameter:
2018-08-05 21:36:33.4019 INFO OnResultExecuting Controller:Home Action:Index Parameter:
2018-08-05 21:36:37.3623 INFO OnResultExecuted Controller:Home Action:Index Parameter:
2018-08-05 21:36:56.9646 INFO OnActionExecuting Controller:Profile Action:Index Parameter:
2018-08-05 21:36:57.4608 INFO OnActionExecuted Controller:Profile Action:Index Parameter:
2018-08-05 21:36:57.4768 INFO OnResultExecuting Controller:Profile Action:Index Parameter:
2018-08-05 21:36:58.8508 INFO OnResultExecuted Controller:Profile Action:Index Parameter:
2018-08-05 21:37:00.3559 INFO OnActionExecuting Controller:Profile Action:Create Parameter:
2018-08-05 21:37:00.5010 INFO OnActionExecuted Controller:Profile Action:Create Parameter:
2018-08-05 21:37:00.5180 INFO OnResultExecuting Controller:Profile Action:Create Parameter:
2018-08-05 21:37:00.7638 INFO OnResultExecuted Controller:Profile Action:Create Parameter:
2018-08-05 21:37:19.0283 INFO OnActionExecuting Controller:Profile Action:Creation Parameter:
2018-08-05 21:37:19.0982 INFO OnActionExecuted Controller:Profile Action:Creation Parameter:
2018-08-05 21:37:19.1092 INFO OnResultExecuting Controller:Profile Action:Creation Parameter:
2018-08-05 21:37:19.1242 INFO OnResultExecuted Controller:Profile Action:Creation Parameter:
2018-08-05 21:37:21.3356 INFO OnActionExecuting Controller:Profile Action:Creation Parameter:
2018-08-05 21:37:21.3762 INFO OnActionExecuted Controller:Profile Action:Creation Parameter:
2018-08-05 21:37:21.3872 INFO OnResultExecuting Controller:Profile Action:Creation Parameter:
2018-08-05 21:37:21.4042 INFO OnResultExecuted Controller:Profile Action:Creation Parameter:
2018-08-05 21:39:40.7264 INFO OnActionExecuting Controller:Home Action:Index Parameter:
2018-08-05 21:39:41.7346 INFO OnActionExecuted Controller:Home Action:Index Parameter:
2018-08-05 21:39:41.7506 INFO OnResultExecuting Controller:Home Action:Index Parameter:
2018-08-05 21:39:43.9994 INFO OnResultExecuted Controller:Home Action:Index Parameter:
2018-08-05 21:39:57.3099 INFO OnActionExecuting Controller:Profile Action:Index Parameter:
2018-08-05 21:39:57.6981 INFO OnActionExecuted Controller:Profile Action:Index Parameter:
2018-08-05 21:39:57.6981 INFO OnResultExecuting Controller:Profile Action:Index Parameter:
2018-08-05 21:39:57.7960 INFO OnResultExecuted Controller:Profile Action:Index Parameter:
2018-08-05 21:39:59.3833 INFO OnActionExecuting Controller:Profile Action:Create Parameter:
2018-08-05 21:39:59.4363 INFO OnActionExecuted Controller:Profile Action:Create Parameter:
2018-08-05 21:39:59.4483 INFO OnResultExecuting Controller:Profile Action:Create Parameter:
2018-08-05 21:40:00.9031 INFO OnResultExecuted Controller:Profile Action:Create Parameter:
2018-08-05 21:40:11.3370 INFO OnActionExecuting Controller:Profile Action:Creation Parameter:
2018-08-05 21:40:11.3820 INFO OnActionExecuted Controller:Profile Action:Creation Parameter:
2018-08-05 21:40:11.3940 INFO OnResultExecuting Controller:Profile Action:Creation Parameter:
2018-08-05 21:40:11.4090 INFO OnResultExecuted Controller:Profile Action:Creation Parameter:
2018-08-05 21:42:05.3165 INFO OnActionExecuting Controller:Profile Action:Creation Parameter:
2018-08-05 21:42:05.3764 INFO OnActionExecuted Controller:Profile Action:Creation Parameter:
2018-08-05 21:42:05.3894 INFO OnResultExecuting Controller:Profile Action:Creation Parameter:
2018-08-05 21:42:05.4091 INFO OnResultExecuted Controller:Profile Action:Creation Parameter:
2018-08-05 21:42:08.0762 INFO OnActionExecuting Controller:Profile Action:Creation Parameter:
2018-08-05 21:42:08.1301 INFO OnActionExecuted Controller:Profile Action:Creation Parameter:
2018-08-05 21:42:08.1481 INFO OnResultExecuting Controller:Profile Action:Creation Parameter:
2018-08-05 21:42:08.1637 INFO OnResultExecuted Controller:Profile Action:Creation Parameter:
2018-08-05 21:42:10.8430 INFO OnActionExecuting Controller:Profile Action:Creation Parameter:
2018-08-05 21:42:11.2157 INFO OnActionExecuted Controller:Profile Action:Creation Parameter:
2018-08-05 21:42:11.2297 INFO OnResultExecuting Controller:Profile Action:Creation Parameter:
2018-08-05 21:42:11.2647 INFO OnResultExecuted Controller:Profile Action:Creation Parameter:
2018-08-05 21:42:16.6174 INFO OnActionExecuting Controller:Profile Action:Create Parameter:
2018-08-05 21:42:16.6584 INFO OnActionExecuted Controller:Profile Action:Create Parameter:
2018-08-05 21:42:16.6734 INFO OnResultExecuting Controller:Profile Action:Create Parameter:
2018-08-05 21:42:16.6914 INFO OnResultExecuted Controller:Profile Action:Create Parameter:
2018-08-05 21:42:34.4280 INFO OnActionExecuting Controller:Profile Action:Creation Parameter:
2018-08-05 21:42:34.4760 INFO OnActionExecuted Controller:Profile Action:Creation Parameter:
2018-08-05 21:42:34.4909 INFO OnResultExecuting Controller:Profile Action:Creation Parameter:
2018-08-05 21:42:34.5110 INFO OnResultExecuted Controller:Profile Action:Creation Parameter:
2018-08-05 22:33:50.3528 INFO OnActionExecuting Controller:Home Action:Index Parameter:
2018-08-05 22:33:53.8954 INFO OnActionExecuted Controller:Home Action:Index Parameter:
2018-08-05 22:33:53.9104 INFO OnResultExecuting Controller:Home Action:Index Parameter:
2018-08-05 22:33:59.5210 INFO OnResultExecuted Controller:Home Action:Index Parameter:
2018-08-05 22:34:02.8103 INFO OnActionExecuting Controller:Profile Action:Index Parameter:
2018-08-05 22:34:03.4067 INFO OnActionExecuted Controller:Profile Action:Index Parameter:
2018-08-05 22:34:03.4216 INFO OnResultExecuting Controller:Profile Action:Index Parameter:
2018-08-05 22:34:04.7417 INFO OnResultExecuted Controller:Profile Action:Index Parameter:
2018-08-05 22:34:06.8268 INFO OnActionExecuting Controller:Profile Action:Create Parameter:
2018-08-05 22:34:06.8928 INFO OnActionExecuted Controller:Profile Action:Create Parameter:
2018-08-05 22:34:06.9048 INFO OnResultExecuting Controller:Profile Action:Create Parameter:
2018-08-05 22:34:07.4142 INFO OnResultExecuted Controller:Profile Action:Create Parameter:
2018-08-05 22:34:19.1319 INFO OnActionExecuting Controller:Profile Action:Creation Parameter:
2018-08-05 22:34:19.1803 INFO OnActionExecuted Controller:Profile Action:Creation Parameter:
2018-08-05 22:34:19.1973 INFO OnResultExecuting Controller:Profile Action:Creation Parameter:
2018-08-05 22:34:19.2134 INFO OnResultExecuted Controller:Profile Action:Creation Parameter:
2018-08-05 22:34:21.7643 INFO OnActionExecuting Controller:Profile Action:Creation Parameter:
2018-08-05 22:34:22.5037 INFO OnActionExecuted Controller:Profile Action:Creation Parameter:
2018-08-05 22:34:22.5147 INFO OnResultExecuting Controller:Profile Action:Creation Parameter:
2018-08-05 22:34:22.5287 INFO OnResultExecuted Controller:Profile Action:Creation Parameter:
2018-08-05 22:35:02.8149 INFO OnActionExecuting Controller:Home Action:Index Parameter:
2018-08-05 22:35:03.8267 INFO OnActionExecuted Controller:Home Action:Index Parameter:
2018-08-05 22:35:03.8517 INFO OnResultExecuting Controller:Home Action:Index Parameter:
2018-08-05 22:35:05.7627 INFO OnResultExecuted Controller:Home Action:Index Parameter:
2018-08-05 22:35:42.0199 INFO OnActionExecuting Controller:Profile Action:Index Parameter:
2018-08-05 22:35:42.5112 INFO OnActionExecuted Controller:Profile Action:Index Parameter:
2018-08-05 22:35:42.5112 INFO OnResultExecuting Controller:Profile Action:Index Parameter:
2018-08-05 22:35:42.5820 INFO OnResultExecuted Controller:Profile Action:Index Parameter:
2018-08-05 22:35:44.0512 INFO OnActionExecuting Controller:Profile Action:Create Parameter:
2018-08-05 22:35:44.0962 INFO OnActionExecuted Controller:Profile Action:Create Parameter:
2018-08-05 22:35:44.1092 INFO OnResultExecuting Controller:Profile Action:Create Parameter:
2018-08-05 22:35:44.2821 INFO OnResultExecuted Controller:Profile Action:Create Parameter:
2018-08-05 22:35:54.7838 INFO OnActionExecuting Controller:Profile Action:Creation Parameter:
2018-08-05 22:36:15.2277 INFO OnActionExecuted Controller:Profile Action:Creation Parameter:
2018-08-05 22:36:16.2468 INFO OnResultExecuting Controller:Profile Action:Creation Parameter:
2018-08-05 22:36:21.5011 INFO OnResultExecuted Controller:Profile Action:Creation Parameter:
2018-08-05 22:36:24.4828 INFO OnActionExecuting Controller:Profile Action:Creation Parameter:
2018-08-05 22:36:33.7229 INFO OnActionExecuted Controller:Profile Action:Creation Parameter:
2018-08-05 22:36:33.7389 INFO OnResultExecuting Controller:Profile Action:Creation Parameter:
2018-08-05 22:36:33.7579 INFO OnResultExecuted Controller:Profile Action:Creation Parameter:
2018-08-05 22:36:36.7533 INFO OnActionExecuting Controller:Profile Action:Creation Parameter:
2018-08-05 22:38:39.4379 INFO OnActionExecuting Controller:Home Action:Index Parameter:
2018-08-05 22:38:40.6539 INFO OnActionExecuted Controller:Home Action:Index Parameter:
2018-08-05 22:38:40.6749 INFO OnResultExecuting Controller:Home Action:Index Parameter:
2018-08-05 22:38:42.6508 INFO OnResultExecuted Controller:Home Action:Index Parameter:
2018-08-05 22:38:46.8582 INFO OnActionExecuting Controller:Profile Action:Index Parameter:
2018-08-05 22:38:47.3153 INFO OnActionExecuted Controller:Profile Action:Index Parameter:
2018-08-05 22:38:47.3292 INFO OnResultExecuting Controller:Profile Action:Index Parameter:
2018-08-05 22:38:48.2118 INFO OnResultExecuted Controller:Profile Action:Index Parameter:
2018-08-05 22:38:49.5669 INFO OnActionExecuting Controller:Profile Action:Create Parameter:
2018-08-05 22:38:49.7351 INFO OnActionExecuted Controller:Profile Action:Create Parameter:
2018-08-05 22:38:49.7481 INFO OnResultExecuting Controller:Profile Action:Create Parameter:
2018-08-05 22:38:49.8831 INFO OnResultExecuted Controller:Profile Action:Create Parameter:
2018-08-05 22:38:58.2012 INFO OnActionExecuting Controller:Profile Action:Creation Parameter:
2018-08-05 22:38:58.4182 INFO OnActionExecuted Controller:Profile Action:Creation Parameter:
2018-08-05 22:38:58.4331 INFO OnResultExecuting Controller:Profile Action:Creation Parameter:
2018-08-05 22:38:58.4492 INFO OnResultExecuted Controller:Profile Action:Creation Parameter:
2018-08-05 22:39:00.5025 INFO OnActionExecuting Controller:Profile Action:Creation Parameter:
2018-08-05 22:39:00.5585 INFO OnActionExecuted Controller:Profile Action:Creation Parameter:
2018-08-05 22:39:00.5825 INFO OnResultExecuting Controller:Profile Action:Creation Parameter:
2018-08-05 22:39:00.6044 INFO OnResultExecuted Controller:Profile Action:Creation Parameter:
2018-08-05 22:39:02.8496 INFO OnActionExecuting Controller:Profile Action:Creation Parameter:
2018-08-05 22:39:02.8964 INFO OnActionExecuted Controller:Profile Action:Creation Parameter:
2018-08-05 22:39:02.9153 INFO OnResultExecuting Controller:Profile Action:Creation Parameter:
2018-08-05 22:39:02.9314 INFO OnResultExecuted Controller:Profile Action:Creation Parameter:
2018-08-05 22:39:05.5062 INFO OnActionExecuting Controller:Profile Action:Creation Parameter:
2018-08-05 22:39:05.5542 INFO OnActionExecuted Controller:Profile Action:Creation Parameter:
2018-08-05 22:39:05.5702 INFO OnResultExecuting Controller:Profile Action:Creation Parameter:
2018-08-05 22:39:05.5892 INFO OnResultExecuted Controller:Profile Action:Creation Parameter:
2018-08-05 22:42:20.6994 INFO OnActionExecuting Controller:Home Action:Index Parameter:
2018-08-05 22:42:26.7169 INFO OnActionExecuted Controller:Home Action:Index Parameter:
2018-08-05 22:42:26.7389 INFO OnResultExecuting Controller:Home Action:Index Parameter:
2018-08-05 22:42:34.6426 INFO OnResultExecuted Controller:Home Action:Index Parameter:
2018-08-05 22:42:37.9413 INFO OnActionExecuting Controller:Profile Action:Index Parameter:
2018-08-05 22:42:38.7740 INFO OnActionExecuted Controller:Profile Action:Index Parameter:
2018-08-05 22:42:38.8051 INFO OnResultExecuting Controller:Profile Action:Index Parameter:
2018-08-05 22:42:39.9149 INFO OnResultExecuted Controller:Profile Action:Index Parameter:
2018-08-05 22:42:41.2807 INFO OnActionExecuting Controller:Profile Action:Create Parameter:
2018-08-05 22:42:41.3247 INFO OnActionExecuted Controller:Profile Action:Create Parameter:
2018-08-05 22:42:41.3247 INFO OnResultExecuting Controller:Profile Action:Create Parameter:
2018-08-05 22:42:41.8831 INFO OnResultExecuted Controller:Profile Action:Create Parameter:
2018-08-05 22:42:44.1702 INFO OnActionExecuting Controller:Profile Action:Creation Parameter:
2018-08-05 22:42:44.3572 INFO OnActionExecuted Controller:Profile Action:Creation Parameter:
2018-08-05 22:42:44.3745 INFO OnResultExecuting Controller:Profile Action:Creation Parameter:
2018-08-05 22:42:44.3955 INFO OnResultExecuted Controller:Profile Action:Creation Parameter:
2018-08-05 22:42:48.2607 INFO OnActionExecuting Controller:Profile Action:Creation Parameter:
2018-08-05 22:42:48.3899 INFO OnActionExecuted Controller:Profile Action:Creation Parameter:
2018-08-05 22:42:48.3899 INFO OnResultExecuting Controller:Profile Action:Creation Parameter:
2018-08-05 22:42:48.4149 INFO OnResultExecuted Controller:Profile Action:Creation Parameter:
2018-08-05 22:42:57.8094 INFO OnActionExecuting Controller:Profile Action:Creation Parameter:
2018-08-05 22:42:57.8343 INFO OnActionExecuted Controller:Profile Action:Creation Parameter:
2018-08-05 22:42:57.8453 INFO OnResultExecuting Controller:Profile Action:Creation Parameter:
2018-08-05 22:42:57.8603 INFO OnResultExecuted Controller:Profile Action:Creation Parameter:
2018-08-05 22:42:59.4238 INFO OnActionExecuting Controller:Profile Action:Creation Parameter:
2018-08-05 22:42:59.4447 INFO OnActionExecuted Controller:Profile Action:Creation Parameter:
2018-08-05 22:42:59.4567 INFO OnResultExecuting Controller:Profile Action:Creation Parameter:
2018-08-05 22:42:59.4707 INFO OnResultExecuted Controller:Profile Action:Creation Parameter:
2018-08-05 22:43:00.4704 INFO OnActionExecuting Controller:Profile Action:Creation Parameter:
2018-08-05 22:43:00.4964 INFO OnActionExecuted Controller:Profile Action:Creation Parameter:
2018-08-05 22:43:00.5114 INFO OnResultExecuting Controller:Profile Action:Creation Parameter:
2018-08-05 22:43:00.5264 INFO OnResultExecuted Controller:Profile Action:Creation Parameter:
2018-08-05 22:43:02.1367 INFO OnActionExecuting Controller:Profile Action:Creation Parameter:
2018-08-05 22:43:02.1607 INFO OnActionExecuted Controller:Profile Action:Creation Parameter:
2018-08-05 22:43:02.1727 INFO OnResultExecuting Controller:Profile Action:Creation Parameter:
2018-08-05 22:43:02.1867 INFO OnResultExecuted Controller:Profile Action:Creation Parameter:
2018-08-05 22:44:00.3522 INFO OnActionExecuting Controller:Home Action:Index Parameter:
2018-08-05 22:44:04.0685 INFO OnActionExecuted Controller:Home Action:Index Parameter:
2018-08-05 22:44:04.1970 INFO OnResultExecuting Controller:Home Action:Index Parameter:
2018-08-05 22:44:07.2727 INFO OnResultExecuted Controller:Home Action:Index Parameter:
2018-08-05 22:44:09.0023 INFO OnActionExecuting Controller:Profile Action:Index Parameter:
2018-08-05 22:44:09.6482 INFO OnActionExecuted Controller:Profile Action:Index Parameter:
2018-08-05 22:44:09.6592 INFO OnResultExecuting Controller:Profile Action:Index Parameter:
2018-08-05 22:44:10.8845 INFO OnResultExecuted Controller:Profile Action:Index Parameter:
2018-08-05 22:44:21.1067 INFO OnActionExecuting Controller:Profile Action:Create Parameter:
2018-08-05 22:44:21.1447 INFO OnActionExecuted Controller:Profile Action:Create Parameter:
2018-08-05 22:44:21.1566 INFO OnResultExecuting Controller:Profile Action:Create Parameter:
2018-08-05 22:44:21.3465 INFO OnResultExecuted Controller:Profile Action:Create Parameter:
2018-08-05 22:44:33.9615 INFO OnActionExecuting Controller:Profile Action:Creation Parameter:
2018-08-05 22:44:33.9989 INFO OnActionExecuted Controller:Profile Action:Creation Parameter:
2018-08-05 22:44:34.0109 INFO OnResultExecuting Controller:Profile Action:Creation Parameter:
2018-08-05 22:44:34.0109 INFO OnResultExecuted Controller:Profile Action:Creation Parameter:
2018-08-05 22:44:50.2555 INFO OnActionExecuting Controller:Home Action:Index Parameter:
2018-08-05 22:44:51.2036 INFO OnActionExecuted Controller:Home Action:Index Parameter:
2018-08-05 22:44:51.3224 INFO OnResultExecuting Controller:Home Action:Index Parameter:
2018-08-05 22:44:53.2596 INFO OnResultExecuted Controller:Home Action:Index Parameter:
2018-08-05 22:44:56.2733 INFO OnActionExecuting Controller:Profile Action:Index Parameter:
2018-08-05 22:44:56.8660 INFO OnActionExecuted Controller:Profile Action:Index Parameter:
2018-08-05 22:44:56.8830 INFO OnResultExecuting Controller:Profile Action:Index Parameter:
2018-08-05 22:44:57.9497 INFO OnResultExecuted Controller:Profile Action:Index Parameter:
2018-08-05 22:44:59.7092 INFO OnActionExecuting Controller:Profile Action:Create Parameter:
2018-08-05 22:44:59.8781 INFO OnActionExecuted Controller:Profile Action:Create Parameter:
2018-08-05 22:44:59.8931 INFO OnResultExecuting Controller:Profile Action:Create Parameter:
2018-08-05 22:45:00.1571 INFO OnResultExecuted Controller:Profile Action:Create Parameter:
2018-08-05 22:45:01.6890 INFO OnActionExecuting Controller:Profile Action:Creation Parameter:
2018-08-05 22:45:01.8699 INFO OnActionExecuted Controller:Profile Action:Creation Parameter:
2018-08-05 22:45:01.8839 INFO OnResultExecuting Controller:Profile Action:Creation Parameter:
2018-08-05 22:45:01.8999 INFO OnResultExecuted Controller:Profile Action:Creation Parameter:
2018-08-05 22:45:08.5370 INFO OnActionExecuting Controller:Profile Action:Creation Parameter:
2018-08-05 22:45:08.6839 INFO OnActionExecuted Controller:Profile Action:Creation Parameter:
2018-08-05 22:45:08.6839 INFO OnResultExecuting Controller:Profile Action:Creation Parameter:
2018-08-05 22:45:08.7099 INFO OnResultExecuted Controller:Profile Action:Creation Parameter:
2018-08-05 22:45:09.8694 INFO OnActionExecuting Controller:Profile Action:Creation Parameter:
2018-08-05 22:45:09.9083 INFO OnActionExecuted Controller:Profile Action:Creation Parameter:
2018-08-05 22:45:09.9213 INFO OnResultExecuting Controller:Profile Action:Creation Parameter:
2018-08-05 22:45:09.9363 INFO OnResultExecuted Controller:Profile Action:Creation Parameter:
2018-08-05 22:45:10.5924 INFO OnActionExecuting Controller:Profile Action:Creation Parameter:
2018-08-05 22:45:10.6321 INFO OnActionExecuted Controller:Profile Action:Creation Parameter:
2018-08-05 22:45:10.6461 INFO OnResultExecuting Controller:Profile Action:Creation Parameter:
2018-08-05 22:45:10.6650 INFO OnResultExecuted Controller:Profile Action:Creation Parameter:
2018-08-05 22:45:11.2737 INFO OnActionExecuting Controller:Profile Action:Creation Parameter:
2018-08-05 22:45:11.3759 INFO OnActionExecuted Controller:Profile Action:Creation Parameter:
2018-08-05 22:45:11.4402 INFO OnResultExecuting Controller:Profile Action:Creation Parameter:
2018-08-05 22:45:11.4562 INFO OnResultExecuted Controller:Profile Action:Creation Parameter:
2018-08-05 22:45:11.4822 INFO OnActionExecuting Controller:Profile Action:Creation Parameter:
2018-08-05 22:45:11.5292 INFO OnActionExecuted Controller:Profile Action:Creation Parameter:
2018-08-05 22:45:11.5422 INFO OnResultExecuting Controller:Profile Action:Creation Parameter:
2018-08-05 22:45:11.5662 INFO OnResultExecuted Controller:Profile Action:Creation Parameter:
2018-08-05 22:45:55.0594 INFO OnActionExecuting Controller:Home Action:Index Parameter:
2018-08-05 22:45:55.1804 INFO OnActionExecuted Controller:Home Action:Index Parameter:
2018-08-05 22:45:55.1964 INFO OnResultExecuting Controller:Home Action:Index Parameter:
2018-08-05 22:45:55.2164 INFO OnResultExecuted Controller:Home Action:Index Parameter:
2018-08-05 22:45:57.0392 INFO OnActionExecuting Controller:Home Action:Index Parameter:
2018-08-05 22:45:57.0552 INFO OnActionExecuted Controller:Home Action:Index Parameter:
2018-08-05 22:45:57.0682 INFO OnResultExecuting Controller:Home Action:Index Parameter:
2018-08-05 22:45:57.0832 INFO OnResultExecuted Controller:Home Action:Index Parameter:
2018-08-05 22:45:57.9237 INFO OnActionExecuting Controller:Profile Action:Index Parameter:
2018-08-05 22:45:58.0349 INFO OnActionExecuted Controller:Profile Action:Index Parameter:
2018-08-05 22:45:58.0479 INFO OnResultExecuting Controller:Profile Action:Index Parameter:
2018-08-05 22:46:03.1814 INFO OnResultExecuted Controller:Profile Action:Index Parameter:
2018-08-05 22:46:04.2314 INFO OnActionExecuting Controller:Profile Action:Create Parameter:
2018-08-05 22:46:04.2704 INFO OnActionExecuted Controller:Profile Action:Create Parameter:
2018-08-05 22:46:04.2934 INFO OnResultExecuting Controller:Profile Action:Create Parameter:
2018-08-05 22:46:04.3484 INFO OnResultExecuted Controller:Profile Action:Create Parameter:
2018-08-05 22:46:05.4004 INFO OnActionExecuting Controller:Profile Action:Creation Parameter:
2018-08-05 22:46:05.4333 INFO OnActionExecuted Controller:Profile Action:Creation Parameter:
2018-08-05 22:46:05.4543 INFO OnResultExecuting Controller:Profile Action:Creation Parameter:
2018-08-05 22:46:05.4783 INFO OnResultExecuted Controller:Profile Action:Creation Parameter:
2018-08-05 22:46:19.3756 INFO OnActionExecuting Controller:Profile Action:Creation Parameter:
2018-08-05 22:46:19.4152 INFO OnActionExecuted Controller:Profile Action:Creation Parameter:
2018-08-05 22:46:19.4282 INFO OnResultExecuting Controller:Profile Action:Creation Parameter:
2018-08-05 22:46:19.4472 INFO OnResultExecuted Controller:Profile Action:Creation Parameter:
2018-08-05 22:46:25.1904 INFO OnActionExecuting Controller:Profile Action:Creation Parameter:
2018-08-05 22:46:25.2139 INFO OnActionExecuted Controller:Profile Action:Creation Parameter:
2018-08-05 22:46:25.2139 INFO OnResultExecuting Controller:Profile Action:Creation Parameter:
2018-08-05 22:46:25.2432 INFO OnResultExecuted Controller:Profile Action:Creation Parameter:
2018-08-05 22:46:44.9715 INFO OnActionExecuting Controller:Profile Action:Creation Parameter:
2018-08-05 22:46:45.0013 INFO OnActionExecuted Controller:Profile Action:Creation Parameter:
2018-08-05 22:46:45.0133 INFO OnResultExecuting Controller:Profile Action:Creation Parameter:
2018-08-05 22:46:45.0303 INFO OnResultExecuted Controller:Profile Action:Creation Parameter:
2018-08-05 22:46:57.4548 INFO OnActionExecuting Controller:Profile Action:Creation Parameter:
2018-08-05 22:46:57.4937 INFO OnActionExecuted Controller:Profile Action:Creation Parameter:
2018-08-05 22:46:57.5137 INFO OnResultExecuting Controller:Profile Action:Creation Parameter:
2018-08-05 22:46:57.5367 INFO OnResultExecuted Controller:Profile Action:Creation Parameter:
2018-08-05 22:46:58.6831 INFO OnActionExecuting Controller:Profile Action:Creation Parameter:
2018-08-05 22:46:58.7091 INFO OnActionExecuted Controller:Profile Action:Creation Parameter:
2018-08-05 22:46:58.7260 INFO OnResultExecuting Controller:Profile Action:Creation Parameter:
2018-08-05 22:46:58.7420 INFO OnResultExecuted Controller:Profile Action:Creation Parameter:
2018-08-05 22:49:25.1855 INFO OnActionExecuting Controller:Home Action:Index Parameter:
2018-08-05 22:49:28.5447 INFO OnActionExecuted Controller:Home Action:Index Parameter:
2018-08-05 22:49:28.5587 INFO OnResultExecuting Controller:Home Action:Index Parameter:
2018-08-05 22:49:31.5369 INFO OnResultExecuted Controller:Home Action:Index Parameter:
2018-08-05 22:49:34.0665 INFO OnActionExecuting Controller:Profile Action:Index Parameter:
2018-08-05 22:49:34.7107 INFO OnActionExecuted Controller:Profile Action:Index Parameter:
2018-08-05 22:49:34.7227 INFO OnResultExecuting Controller:Profile Action:Index Parameter:
2018-08-05 22:49:35.8737 INFO OnResultExecuted Controller:Profile Action:Index Parameter:
2018-08-05 22:49:37.4423 INFO OnActionExecuting Controller:Profile Action:Create Parameter:
2018-08-05 22:49:37.4843 INFO OnActionExecuted Controller:Profile Action:Create Parameter:
2018-08-05 22:49:37.4963 INFO OnResultExecuting Controller:Profile Action:Create Parameter:
2018-08-05 22:49:37.7127 INFO OnResultExecuted Controller:Profile Action:Create Parameter:
2018-08-05 22:49:39.1024 INFO OnActionExecuting Controller:Profile Action:Creation Parameter:
2018-08-05 22:49:39.1447 INFO OnActionExecuted Controller:Profile Action:Creation Parameter:
2018-08-05 22:49:39.1567 INFO OnResultExecuting Controller:Profile Action:Creation Parameter:
2018-08-05 22:49:39.1882 INFO OnResultExecuted Controller:Profile Action:Creation Parameter:
2018-08-05 22:50:24.4204 INFO OnActionExecuting Controller:Profile Action:Creation Parameter:
2018-08-05 22:50:24.4574 INFO OnActionExecuted Controller:Profile Action:Creation Parameter:
2018-08-05 22:50:24.4695 INFO OnResultExecuting Controller:Profile Action:Creation Parameter:
2018-08-05 22:50:24.4855 INFO OnResultExecuted Controller:Profile Action:Creation Parameter:
2018-08-05 22:51:21.1758 INFO OnActionExecuting Controller:Home Action:Index Parameter:
2018-08-05 22:51:24.5710 INFO OnActionExecuted Controller:Home Action:Index Parameter:
2018-08-05 22:51:24.5890 INFO OnResultExecuting Controller:Home Action:Index Parameter:
2018-08-05 22:51:27.5682 INFO OnResultExecuted Controller:Home Action:Index Parameter:
2018-08-05 22:51:29.5895 INFO OnActionExecuting Controller:Profile Action:Index Parameter:
2018-08-05 22:51:30.2977 INFO OnActionExecuted Controller:Profile Action:Index Parameter:
2018-08-05 22:51:30.3106 INFO OnResultExecuting Controller:Profile Action:Index Parameter:
2018-08-05 22:51:31.4510 INFO OnResultExecuted Controller:Profile Action:Index Parameter:
2018-08-05 22:51:32.8448 INFO OnActionExecuting Controller:Profile Action:Create Parameter:
2018-08-05 22:51:32.8908 INFO OnActionExecuted Controller:Profile Action:Create Parameter:
2018-08-05 22:51:32.9033 INFO OnResultExecuting Controller:Profile Action:Create Parameter:
2018-08-05 22:51:33.1401 INFO OnResultExecuted Controller:Profile Action:Create Parameter:
2018-08-05 22:51:34.5365 INFO OnActionExecuting Controller:Profile Action:Creation Parameter:
2018-08-05 22:51:34.5786 INFO OnActionExecuted Controller:Profile Action:Creation Parameter:
2018-08-05 22:51:34.5906 INFO OnResultExecuting Controller:Profile Action:Creation Parameter:
2018-08-05 22:51:34.6066 INFO OnResultExecuted Controller:Profile Action:Creation Parameter:
2018-08-05 22:51:55.2355 INFO OnActionExecuting Controller:Profile Action:Creation Parameter:
2018-08-05 22:51:55.2620 INFO OnActionExecuted Controller:Profile Action:Creation Parameter:
2018-08-05 22:51:55.2620 INFO OnResultExecuting Controller:Profile Action:Creation Parameter:
2018-08-05 22:51:55.2910 INFO OnResultExecuted Controller:Profile Action:Creation Parameter:
2018-08-05 22:52:25.4810 INFO OnActionExecuting Controller:Home Action:Index Parameter:
2018-08-05 22:52:26.0850 INFO OnActionExecuted Controller:Home Action:Index Parameter:
2018-08-05 22:52:26.1070 INFO OnResultExecuting Controller:Home Action:Index Parameter:
2018-08-05 22:52:28.3373 INFO OnResultExecuted Controller:Home Action:Index Parameter:
2018-08-05 22:52:39.7891 INFO OnActionExecuting Controller:Profile Action:Index Parameter:
2018-08-05 22:52:40.2418 INFO OnActionExecuted Controller:Profile Action:Index Parameter:
2018-08-05 22:52:40.2548 INFO OnResultExecuting Controller:Profile Action:Index Parameter:
2018-08-05 22:52:41.3192 INFO OnResultExecuted Controller:Profile Action:Index Parameter:
2018-08-05 22:52:42.5609 INFO OnActionExecuting Controller:Profile Action:Create Parameter:
2018-08-05 22:52:42.6123 INFO OnActionExecuted Controller:Profile Action:Create Parameter:
2018-08-05 22:52:42.6243 INFO OnResultExecuting Controller:Profile Action:Create Parameter:
2018-08-05 22:52:42.7743 INFO OnResultExecuted Controller:Profile Action:Create Parameter:
2018-08-05 22:52:44.2295 INFO OnActionExecuting Controller:Profile Action:Creation Parameter:
2018-08-05 22:53:07.8276 INFO OnActionExecuted Controller:Profile Action:Creation Parameter:
2018-08-05 22:53:08.5620 INFO OnResultExecuting Controller:Profile Action:Creation Parameter:
2018-08-05 22:54:16.1668 INFO OnActionExecuting Controller:Home Action:Index Parameter:
2018-08-05 22:54:16.1944 INFO OnActionExecuted Controller:Home Action:Index Parameter:
2018-08-05 22:54:16.2084 INFO OnResultExecuting Controller:Home Action:Index Parameter:
2018-08-05 22:54:16.2234 INFO OnResultExecuted Controller:Home Action:Index Parameter:
2018-08-05 22:54:17.5942 INFO OnActionExecuting Controller:Profile Action:Index Parameter:
2018-08-05 22:54:17.6681 INFO OnActionExecuted Controller:Profile Action:Index Parameter:
2018-08-05 22:54:17.6681 INFO OnResultExecuting Controller:Profile Action:Index Parameter:
2018-08-05 22:54:23.7485 INFO OnResultExecuted Controller:Profile Action:Index Parameter:
2018-08-05 22:54:25.3010 INFO OnActionExecuting Controller:Profile Action:Create Parameter:
2018-08-05 22:54:25.3310 INFO OnActionExecuted Controller:Profile Action:Create Parameter:
2018-08-05 22:54:25.3420 INFO OnResultExecuting Controller:Profile Action:Create Parameter:
2018-08-05 22:54:25.3750 INFO OnResultExecuted Controller:Profile Action:Create Parameter:
2018-08-05 22:54:27.0833 INFO OnActionExecuting Controller:Profile Action:Creation Parameter:
2018-08-05 22:54:27.1060 INFO OnActionExecuted Controller:Profile Action:Creation Parameter:
2018-08-05 22:54:27.1200 INFO OnResultExecuting Controller:Profile Action:Creation Parameter:
2018-08-05 22:54:27.1200 INFO OnResultExecuted Controller:Profile Action:Creation Parameter:
