2018-08-06 10:07:44.2551 INFO OnActionExecuting Controller:Home Action:Index Parameter:
2018-08-06 10:07:46.6358 INFO OnActionExecuted Controller:Home Action:Index Parameter:
2018-08-06 10:07:46.6514 INFO OnResultExecuting Controller:Home Action:Index Parameter:
2018-08-06 10:07:50.2867 INFO OnResultExecuted Controller:Home Action:Index Parameter:
2018-08-06 10:07:52.8783 INFO OnActionExecuting Controller:Profile Action:Index Parameter:
2018-08-06 10:07:54.0230 INFO OnActionExecuted Controller:Profile Action:Index Parameter:
2018-08-06 10:07:54.0386 INFO OnResultExecuting Controller:Profile Action:Index Parameter:
2018-08-06 10:07:55.2615 INFO OnResultExecuted Controller:Profile Action:Index Parameter:
2018-08-06 10:07:57.4914 INFO OnActionExecuting Controller:Profile Action:Create Parameter:
2018-08-06 10:07:57.6543 INFO OnActionExecuted Controller:Profile Action:Create Parameter:
2018-08-06 10:07:57.6700 INFO OnResultExecuting Controller:Profile Action:Create Parameter:
2018-08-06 10:07:57.9827 INFO OnResultExecuted Controller:Profile Action:Create Parameter:
2018-08-06 10:08:07.8285 INFO OnActionExecuting Controller:Profile Action:Creation Parameter:
2018-08-06 10:08:07.8895 INFO OnActionExecuted Controller:Profile Action:Creation Parameter:
2018-08-06 10:08:07.8895 INFO OnResultExecuting Controller:Profile Action:Creation Parameter:
2018-08-06 10:08:07.9065 INFO OnResultExecuted Controller:Profile Action:Creation Parameter:
2018-08-06 10:08:14.0965 INFO OnActionExecuting Controller:Profile Action:Creation Parameter:
2018-08-06 10:08:14.1395 INFO OnActionExecuted Controller:Profile Action:Creation Parameter:
2018-08-06 10:08:14.1395 INFO OnResultExecuting Controller:Profile Action:Creation Parameter:
2018-08-06 10:08:14.1605 INFO OnResultExecuted Controller:Profile Action:Creation Parameter:
2018-08-06 10:08:22.7746 INFO OnActionExecuting Controller:Profile Action:Creation Parameter:
2018-08-06 10:08:22.8255 INFO OnActionExecuted Controller:Profile Action:Creation Parameter:
2018-08-06 10:08:22.8255 INFO OnResultExecuting Controller:Profile Action:Creation Parameter:
2018-08-06 10:08:22.8475 INFO OnResultExecuted Controller:Profile Action:Creation Parameter:
2018-08-06 10:08:26.3436 INFO OnActionExecuting Controller:Profile Action:Creation Parameter:
2018-08-06 10:08:26.3726 INFO OnActionExecuted Controller:Profile Action:Creation Parameter:
2018-08-06 10:08:26.3726 INFO OnResultExecuting Controller:Profile Action:Creation Parameter:
2018-08-06 10:08:26.3896 INFO OnResultExecuted Controller:Profile Action:Creation Parameter:
2018-08-06 10:08:40.6747 INFO OnActionExecuting Controller:Profile Action:Creation Parameter:
2018-08-06 10:08:40.7079 INFO OnActionExecuted Controller:Profile Action:Creation Parameter:
2018-08-06 10:08:40.7949 INFO OnResultExecuting Controller:Profile Action:Creation Parameter:
2018-08-06 10:08:40.7949 INFO OnResultExecuted Controller:Profile Action:Creation Parameter:
2018-08-06 10:08:45.6798 INFO OnActionExecuting Controller:Profile Action:Creation Parameter:
2018-08-06 10:08:45.7157 INFO OnActionExecuted Controller:Profile Action:Creation Parameter:
2018-08-06 10:08:45.7157 INFO OnResultExecuting Controller:Profile Action:Creation Parameter:
2018-08-06 10:08:45.7456 INFO OnResultExecuted Controller:Profile Action:Creation Parameter:
2018-08-06 10:08:50.4608 INFO OnActionExecuting Controller:Profile Action:Creation Parameter:
2018-08-06 10:08:50.4998 INFO OnActionExecuted Controller:Profile Action:Creation Parameter:
2018-08-06 10:08:50.6876 INFO OnResultExecuting Controller:Profile Action:Creation Parameter:
2018-08-06 10:08:50.6986 INFO OnResultExecuted Controller:Profile Action:Creation Parameter:
2018-08-06 10:08:55.1980 INFO OnActionExecuting Controller:Profile Action:Creation Parameter:
2018-08-06 10:08:55.2330 INFO OnActionExecuted Controller:Profile Action:Creation Parameter:
2018-08-06 10:08:55.2330 INFO OnResultExecuting Controller:Profile Action:Creation Parameter:
2018-08-06 10:08:55.3570 INFO OnResultExecuted Controller:Profile Action:Creation Parameter:
2018-08-06 10:09:01.6409 INFO OnActionExecuting Controller:Profile Action:Creation Parameter:
2018-08-06 10:09:01.6698 INFO OnActionExecuted Controller:Profile Action:Creation Parameter:
2018-08-06 10:09:01.6698 INFO OnResultExecuting Controller:Profile Action:Creation Parameter:
2018-08-06 10:09:01.6938 INFO OnResultExecuted Controller:Profile Action:Creation Parameter:
2018-08-06 10:09:06.5818 INFO OnActionExecuting Controller:Profile Action:Creation Parameter:
2018-08-06 10:09:06.6318 INFO OnActionExecuted Controller:Profile Action:Creation Parameter:
2018-08-06 10:09:06.6441 INFO OnResultExecuting Controller:Profile Action:Creation Parameter:
2018-08-06 10:09:06.6597 INFO OnResultExecuted Controller:Profile Action:Creation Parameter:
2018-08-06 10:09:11.0464 INFO OnActionExecuting Controller:Home Action:Index Parameter:
2018-08-06 10:09:11.0624 INFO OnActionExecuted Controller:Home Action:Index Parameter:
2018-08-06 10:09:11.0624 INFO OnResultExecuting Controller:Home Action:Index Parameter:
2018-08-06 10:09:11.0823 INFO OnResultExecuted Controller:Home Action:Index Parameter:
2018-08-06 10:09:40.8806 INFO OnActionExecuting Controller:Home Action:Index Parameter:
2018-08-06 10:09:46.2709 INFO OnActionExecuted Controller:Home Action:Index Parameter:
2018-08-06 10:09:46.2866 INFO OnResultExecuting Controller:Home Action:Index Parameter:
2018-08-06 10:09:53.1147 INFO OnResultExecuted Controller:Home Action:Index Parameter:
2018-08-06 10:09:56.4761 INFO OnActionExecuting Controller:Profile Action:Index Parameter:
2018-08-06 10:09:57.4073 INFO OnActionExecuted Controller:Profile Action:Index Parameter:
2018-08-06 10:09:57.4229 INFO OnResultExecuting Controller:Profile Action:Index Parameter:
2018-08-06 10:09:58.5520 INFO OnResultExecuted Controller:Profile Action:Index Parameter:
2018-08-06 10:10:47.3007 INFO OnActionExecuting Controller:Profile Action:Index Parameter:
2018-08-06 10:10:47.3635 INFO OnActionExecuted Controller:Profile Action:Index Parameter:
2018-08-06 10:10:47.3833 INFO OnResultExecuting Controller:Profile Action:Index Parameter:
2018-08-06 10:10:47.3833 INFO OnResultExecuted Controller:Profile Action:Index Parameter:
2018-08-06 10:10:51.0344 INFO OnActionExecuting Controller:Home Action:Index Parameter:
2018-08-06 10:10:51.0453 INFO OnActionExecuted Controller:Home Action:Index Parameter:
2018-08-06 10:10:51.0453 INFO OnResultExecuting Controller:Home Action:Index Parameter:
2018-08-06 10:10:51.0643 INFO OnResultExecuted Controller:Home Action:Index Parameter:
2018-08-06 10:10:51.9016 INFO OnActionExecuting Controller:Profile Action:Index Parameter:
2018-08-06 10:10:51.9533 INFO OnActionExecuted Controller:Profile Action:Index Parameter:
2018-08-06 10:10:51.9533 INFO OnResultExecuting Controller:Profile Action:Index Parameter:
2018-08-06 10:10:51.9674 INFO OnResultExecuted Controller:Profile Action:Index Parameter:
2018-08-06 11:12:57.8505 INFO OnActionExecuting Controller:Home Action:Index Parameter:
2018-08-06 11:12:58.7311 INFO OnActionExecuted Controller:Home Action:Index Parameter:
2018-08-06 11:12:58.7501 INFO OnResultExecuting Controller:Home Action:Index Parameter:
2018-08-06 11:13:02.3037 INFO OnResultExecuted Controller:Home Action:Index Parameter:
2018-08-06 11:27:33.6491 INFO OnActionExecuting Controller:Home Action:Index Parameter:
2018-08-06 11:27:34.3726 INFO OnActionExecuted Controller:Home Action:Index Parameter:
2018-08-06 11:27:34.3866 INFO OnResultExecuting Controller:Home Action:Index Parameter:
2018-08-06 11:27:36.7510 INFO OnResultExecuted Controller:Home Action:Index Parameter:
2018-08-06 11:27:50.9338 INFO OnActionExecuting Controller:Profile Action:Index Parameter:
2018-08-06 11:27:51.5904 INFO OnActionExecuted Controller:Profile Action:Index Parameter:
2018-08-06 11:27:51.6134 INFO OnResultExecuting Controller:Profile Action:Index Parameter:
2018-08-06 11:27:52.9743 INFO OnResultExecuted Controller:Profile Action:Index Parameter:
2018-08-06 11:27:54.4168 INFO OnActionExecuting Controller:Profile Action:Create Parameter:
2018-08-06 11:27:54.4797 INFO OnActionExecuted Controller:Profile Action:Create Parameter:
2018-08-06 11:27:54.4957 INFO OnResultExecuting Controller:Profile Action:Create Parameter:
2018-08-06 11:29:48.9362 INFO OnActionExecuting Controller:Home Action:Index Parameter:
2018-08-06 11:29:49.5017 INFO OnActionExecuted Controller:Home Action:Index Parameter:
2018-08-06 11:29:49.5137 INFO OnResultExecuting Controller:Home Action:Index Parameter:
2018-08-06 11:29:51.6088 INFO OnResultExecuted Controller:Home Action:Index Parameter:
2018-08-06 11:29:54.5777 INFO OnActionExecuting Controller:Profile Action:Index Parameter:
2018-08-06 11:29:55.0024 INFO OnActionExecuted Controller:Profile Action:Index Parameter:
2018-08-06 11:29:55.0154 INFO OnResultExecuting Controller:Profile Action:Index Parameter:
2018-08-06 11:29:56.2197 INFO OnResultExecuted Controller:Profile Action:Index Parameter:
2018-08-06 11:29:57.5091 INFO OnActionExecuting Controller:Profile Action:Create Parameter:
2018-08-06 11:29:57.5544 INFO OnActionExecuted Controller:Profile Action:Create Parameter:
2018-08-06 11:29:57.5654 INFO OnResultExecuting Controller:Profile Action:Create Parameter:
2018-08-06 11:29:57.7023 INFO OnResultExecuted Controller:Profile Action:Create Parameter:
2018-08-06 11:30:12.5257 INFO OnActionExecuting Controller:Profile Action:Creation Parameter:
2018-08-06 11:30:13.0156 INFO OnActionExecuted Controller:Profile Action:Creation Parameter:
2018-08-06 11:30:13.0276 INFO OnResultExecuting Controller:Profile Action:Creation Parameter:
2018-08-06 11:30:13.0276 INFO OnResultExecuted Controller:Profile Action:Creation Parameter:
2018-08-06 11:30:15.0676 INFO OnActionExecuting Controller:Profile Action:Create Parameter:
2018-08-06 11:30:15.1075 INFO OnActionExecuted Controller:Profile Action:Create Parameter:
2018-08-06 11:30:15.1075 INFO OnResultExecuting Controller:Profile Action:Create Parameter:
2018-08-06 11:30:15.1304 INFO OnResultExecuted Controller:Profile Action:Create Parameter:
2018-08-06 11:30:29.9486 INFO OnActionExecuting Controller:Profile Action:Creation Parameter:
2018-08-06 11:30:29.9955 INFO OnActionExecuted Controller:Profile Action:Creation Parameter:
2018-08-06 11:30:30.0115 INFO OnResultExecuting Controller:Profile Action:Creation Parameter:
2018-08-06 11:30:30.0115 INFO OnResultExecuted Controller:Profile Action:Creation Parameter:
2018-08-06 11:30:37.4729 INFO OnActionExecuting Controller:Profile Action:Creation Parameter:
2018-08-06 11:30:37.5189 INFO OnActionExecuted Controller:Profile Action:Creation Parameter:
2018-08-06 11:30:37.5298 INFO OnResultExecuting Controller:Profile Action:Creation Parameter:
2018-08-06 11:30:37.5298 INFO OnResultExecuted Controller:Profile Action:Creation Parameter:
2018-08-06 11:31:15.2918 INFO OnActionExecuting Controller:Profile Action:Creation Parameter:
2018-08-06 11:31:15.3228 INFO OnActionExecuted Controller:Profile Action:Creation Parameter:
2018-08-06 11:31:15.3328 INFO OnResultExecuting Controller:Profile Action:Creation Parameter:
2018-08-06 11:31:15.3508 INFO OnResultExecuted Controller:Profile Action:Creation Parameter:
2018-08-06 11:31:18.8816 INFO OnActionExecuting Controller:Profile Action:Creation Parameter:
2018-08-06 11:31:18.9169 INFO OnActionExecuted Controller:Profile Action:Creation Parameter:
2018-08-06 11:31:18.9169 INFO OnResultExecuting Controller:Profile Action:Creation Parameter:
2018-08-06 11:31:18.9419 INFO OnResultExecuted Controller:Profile Action:Creation Parameter:
2018-08-06 11:31:25.9943 INFO OnActionExecuting Controller:Profile Action:Creation Parameter:
2018-08-06 11:31:26.1436 INFO OnActionExecuted Controller:Profile Action:Creation Parameter:
2018-08-06 11:31:26.1536 INFO OnResultExecuting Controller:Profile Action:Creation Parameter:
2018-08-06 11:31:26.1536 INFO OnResultExecuted Controller:Profile Action:Creation Parameter:
2018-08-06 11:31:27.8071 INFO OnActionExecuting Controller:Profile Action:Delete Parameter:3028
2018-08-06 11:31:28.0962 INFO OnActionExecuted Controller:Profile Action:Delete Parameter:3028
2018-08-06 11:31:28.1092 INFO OnResultExecuting Controller:Profile Action:Delete Parameter:3028
2018-08-06 11:31:28.1272 INFO OnResultExecuted Controller:Profile Action:Delete Parameter:3028
2018-08-06 11:31:29.0919 INFO OnActionExecuting Controller:Profile Action:Delete Parameter:3027
2018-08-06 11:31:29.2658 INFO OnActionExecuted Controller:Profile Action:Delete Parameter:3027
2018-08-06 11:31:29.2798 INFO OnResultExecuting Controller:Profile Action:Delete Parameter:3027
2018-08-06 11:31:29.2928 INFO OnResultExecuted Controller:Profile Action:Delete Parameter:3027
2018-08-06 15:55:01.0973 INFO OnActionExecuting Controller:Home Action:Index Parameter:
2018-08-06 15:55:06.7929 INFO OnActionExecuted Controller:Home Action:Index Parameter:
2018-08-06 15:55:06.8435 INFO OnResultExecuting Controller:Home Action:Index Parameter:
2018-08-06 15:55:14.5776 INFO OnResultExecuted Controller:Home Action:Index Parameter:
2018-08-06 15:55:17.7507 INFO OnActionExecuting Controller:Profile Action:Index Parameter:
2018-08-06 15:55:18.6262 INFO OnActionExecuted Controller:Profile Action:Index Parameter:
2018-08-06 15:55:18.6783 INFO OnResultExecuting Controller:Profile Action:Index Parameter:
2018-08-06 15:55:19.9477 INFO OnResultExecuted Controller:Profile Action:Index Parameter:
2018-08-06 15:55:21.9034 INFO OnActionExecuting Controller:Profile Action:Create Parameter:
2018-08-06 15:55:21.9733 INFO OnActionExecuted Controller:Profile Action:Create Parameter:
2018-08-06 15:55:21.9833 INFO OnResultExecuting Controller:Profile Action:Create Parameter:
2018-08-06 15:55:22.4541 INFO OnResultExecuted Controller:Profile Action:Create Parameter:
2018-08-06 15:56:08.2972 INFO OnActionExecuting Controller:Home Action:Index Parameter:
2018-08-06 15:56:10.0297 INFO OnActionExecuted Controller:Home Action:Index Parameter:
2018-08-06 15:56:10.0297 INFO OnResultExecuting Controller:Home Action:Index Parameter:
2018-08-06 15:56:12.8151 INFO OnResultExecuted Controller:Home Action:Index Parameter:
2018-08-06 15:56:18.5158 INFO OnActionExecuting Controller:Profile Action:Index Parameter:
2018-08-06 15:56:20.8214 INFO OnActionExecuted Controller:Profile Action:Index Parameter:
2018-08-06 15:56:21.2267 INFO OnResultExecuting Controller:Profile Action:Index Parameter:
2018-08-06 15:56:25.5551 INFO OnResultExecuted Controller:Profile Action:Index Parameter:
2018-08-06 15:56:28.1704 INFO OnActionExecuting Controller:Profile Action:Create Parameter:
2018-08-06 15:56:28.2788 INFO OnActionExecuted Controller:Profile Action:Create Parameter:
2018-08-06 15:56:28.2788 INFO OnResultExecuting Controller:Profile Action:Create Parameter:
2018-08-06 16:02:02.2236 INFO OnActionExecuting Controller:Home Action:Index Parameter:
2018-08-06 16:02:02.2296 INFO OnActionExecuting Controller:Profile Action:Create Parameter:
2018-08-06 16:02:03.2919 INFO OnActionExecuted Controller:Home Action:Index Parameter:
2018-08-06 16:02:03.3219 INFO OnResultExecuting Controller:Home Action:Index Parameter:
2018-08-06 16:02:03.4878 INFO OnActionExecuted Controller:Profile Action:Create Parameter:
2018-08-06 16:02:03.5068 INFO OnResultExecuting Controller:Profile Action:Create Parameter:
2018-08-06 16:04:08.7336 INFO OnActionExecuting Controller:Home Action:Index Parameter:
2018-08-06 16:04:09.2362 INFO OnActionExecuted Controller:Home Action:Index Parameter:
2018-08-06 16:04:09.2492 INFO OnResultExecuting Controller:Home Action:Index Parameter:
2018-08-06 16:04:11.0755 INFO OnResultExecuted Controller:Home Action:Index Parameter:
2018-08-06 16:04:13.4767 INFO OnActionExecuting Controller:Profile Action:Index Parameter:
2018-08-06 16:04:13.8415 INFO OnActionExecuted Controller:Profile Action:Index Parameter:
2018-08-06 16:04:13.8415 INFO OnResultExecuting Controller:Profile Action:Index Parameter:
2018-08-06 16:04:14.8286 INFO OnResultExecuted Controller:Profile Action:Index Parameter:
2018-08-06 16:04:16.1634 INFO OnActionExecuting Controller:Profile Action:Create Parameter:
2018-08-06 16:04:16.2263 INFO OnActionExecuted Controller:Profile Action:Create Parameter:
2018-08-06 16:04:16.2453 INFO OnResultExecuting Controller:Profile Action:Create Parameter:
2018-08-06 16:06:41.2403 INFO OnActionExecuting Controller:Home Action:Index Parameter:
2018-08-06 16:06:41.2403 INFO OnActionExecuting Controller:Profile Action:Create Parameter:
2018-08-06 16:06:41.9484 INFO OnActionExecuted Controller:Home Action:Index Parameter:
2018-08-06 16:06:41.9484 INFO OnResultExecuting Controller:Home Action:Index Parameter:
2018-08-06 16:06:41.9884 INFO OnActionExecuted Controller:Profile Action:Create Parameter:
2018-08-06 16:06:42.0014 INFO OnResultExecuting Controller:Profile Action:Create Parameter:
2018-08-06 16:08:40.0583 INFO OnActionExecuting Controller:Home Action:Index Parameter:
2018-08-06 16:08:40.6343 INFO OnActionExecuted Controller:Home Action:Index Parameter:
2018-08-06 16:08:40.6453 INFO OnResultExecuting Controller:Home Action:Index Parameter:
2018-08-06 16:08:42.8514 INFO OnResultExecuted Controller:Home Action:Index Parameter:
2018-08-06 16:08:44.7208 INFO OnActionExecuting Controller:Profile Action:Index Parameter:
2018-08-06 16:08:45.3620 INFO OnActionExecuted Controller:Profile Action:Index Parameter:
2018-08-06 16:08:45.6666 INFO OnResultExecuting Controller:Profile Action:Index Parameter:
2018-08-06 16:08:46.6797 INFO OnResultExecuted Controller:Profile Action:Index Parameter:
2018-08-06 16:08:48.0766 INFO OnActionExecuting Controller:Profile Action:Create Parameter:
2018-08-06 16:08:48.1295 INFO OnActionExecuted Controller:Profile Action:Create Parameter:
2018-08-06 16:08:48.1415 INFO OnResultExecuting Controller:Profile Action:Create Parameter:
2018-08-06 16:13:46.8263 INFO OnActionExecuting Controller:Home Action:Index Parameter:
2018-08-06 16:13:47.4900 INFO OnActionExecuted Controller:Home Action:Index Parameter:
2018-08-06 16:13:47.5030 INFO OnResultExecuting Controller:Home Action:Index Parameter:
2018-08-06 16:13:49.4383 INFO OnResultExecuted Controller:Home Action:Index Parameter:
2018-08-06 16:13:51.3353 INFO OnActionExecuting Controller:Profile Action:Index Parameter:
2018-08-06 16:13:51.9027 INFO OnActionExecuted Controller:Profile Action:Index Parameter:
2018-08-06 16:13:51.9906 INFO OnResultExecuting Controller:Profile Action:Index Parameter:
2018-08-06 16:13:53.1629 INFO OnResultExecuted Controller:Profile Action:Index Parameter:
2018-08-06 16:13:54.6512 INFO OnActionExecuting Controller:Profile Action:Create Parameter:
2018-08-06 16:13:55.2600 INFO OnActionExecuted Controller:Profile Action:Create Parameter:
2018-08-06 16:13:55.2760 INFO OnResultExecuting Controller:Profile Action:Create Parameter:
2018-08-06 16:18:13.0840 INFO OnActionExecuting Controller:Home Action:Index Parameter:
2018-08-06 16:18:13.5809 INFO OnActionExecuted Controller:Home Action:Index Parameter:
2018-08-06 16:18:13.5938 INFO OnResultExecuting Controller:Home Action:Index Parameter:
2018-08-06 16:18:15.6656 INFO OnResultExecuted Controller:Home Action:Index Parameter:
2018-08-06 16:18:17.8937 INFO OnActionExecuting Controller:Profile Action:Index Parameter:
2018-08-06 16:18:18.3934 INFO OnActionExecuted Controller:Profile Action:Index Parameter:
2018-08-06 16:18:18.4074 INFO OnResultExecuting Controller:Profile Action:Index Parameter:
2018-08-06 16:18:19.3680 INFO OnResultExecuted Controller:Profile Action:Index Parameter:
2018-08-06 16:18:20.6868 INFO OnActionExecuting Controller:Profile Action:Create Parameter:
2018-08-06 16:18:20.7538 INFO OnActionExecuted Controller:Profile Action:Create Parameter:
2018-08-06 16:18:20.7707 INFO OnResultExecuting Controller:Profile Action:Create Parameter:
2018-08-06 16:18:21.0017 INFO OnResultExecuted Controller:Profile Action:Create Parameter:
2018-08-06 16:18:38.4314 INFO OnActionExecuting Controller:Profile Action:Creation Parameter:
2018-08-06 20:30:04.4904 INFO OnActionExecuting Controller:Home Action:Index Parameter:
2018-08-06 20:30:07.7904 INFO OnActionExecuted Controller:Home Action:Index Parameter:
2018-08-06 20:30:07.8114 INFO OnResultExecuting Controller:Home Action:Index Parameter:
2018-08-06 20:30:13.3858 INFO OnResultExecuted Controller:Home Action:Index Parameter:
2018-08-06 20:30:16.0015 INFO OnActionExecuting Controller:Profile Action:Index Parameter:
2018-08-06 20:30:16.4853 INFO OnActionExecuted Controller:Profile Action:Index Parameter:
2018-08-06 20:30:16.4963 INFO OnResultExecuting Controller:Profile Action:Index Parameter:
2018-08-06 20:30:17.8871 INFO OnResultExecuted Controller:Profile Action:Index Parameter:
2018-08-06 20:30:21.0108 INFO OnActionExecuting Controller:Profile Action:Update Parameter:3022
2018-08-06 20:30:21.2546 INFO OnActionExecuted Controller:Profile Action:Update Parameter:3022
2018-08-06 20:30:21.2696 INFO OnResultExecuting Controller:Profile Action:Update Parameter:3022
2018-08-06 20:31:34.8469 INFO OnActionExecuting Controller:Home Action:Index Parameter:
2018-08-06 20:31:36.9807 INFO OnActionExecuted Controller:Home Action:Index Parameter:
2018-08-06 20:31:37.1317 INFO OnResultExecuting Controller:Home Action:Index Parameter:
2018-08-06 20:31:44.0147 INFO OnResultExecuted Controller:Home Action:Index Parameter:
2018-08-06 20:31:48.6770 INFO OnActionExecuting Controller:Profile Action:Index Parameter:
2018-08-06 20:31:49.9470 INFO OnActionExecuted Controller:Profile Action:Index Parameter:
2018-08-06 20:31:49.9590 INFO OnResultExecuting Controller:Profile Action:Index Parameter:
2018-08-06 20:31:50.9986 INFO OnResultExecuted Controller:Profile Action:Index Parameter:
2018-08-06 20:31:53.4330 INFO OnActionExecuting Controller:Profile Action:Create Parameter:
2018-08-06 20:31:53.4841 INFO OnActionExecuted Controller:Profile Action:Create Parameter:
2018-08-06 20:31:53.4991 INFO OnResultExecuting Controller:Profile Action:Create Parameter:
2018-08-06 20:31:53.6995 INFO OnResultExecuted Controller:Profile Action:Create Parameter:
2018-08-06 20:32:37.8987 INFO OnActionExecuting Controller:Home Action:Index Parameter:
2018-08-06 20:32:39.1260 INFO OnActionExecuted Controller:Home Action:Index Parameter:
2018-08-06 20:32:39.1390 INFO OnResultExecuting Controller:Home Action:Index Parameter:
2018-08-06 20:32:40.0175 INFO OnResultExecuted Controller:Home Action:Index Parameter:
2018-08-06 20:32:41.8402 INFO OnActionExecuting Controller:Profile Action:Index Parameter:
2018-08-06 20:32:42.2518 INFO OnActionExecuted Controller:Profile Action:Index Parameter:
2018-08-06 20:32:42.2727 INFO OnResultExecuting Controller:Profile Action:Index Parameter:
2018-08-06 20:32:42.3497 INFO OnResultExecuted Controller:Profile Action:Index Parameter:
2018-08-06 20:32:43.6008 INFO OnActionExecuting Controller:Profile Action:Update Parameter:3022
2018-08-06 20:32:43.7535 INFO OnActionExecuted Controller:Profile Action:Update Parameter:3022
2018-08-06 20:32:43.7685 INFO OnResultExecuting Controller:Profile Action:Update Parameter:3022
2018-08-06 20:32:43.8694 INFO OnResultExecuted Controller:Profile Action:Update Parameter:3022
2018-08-06 20:38:19.4622 INFO OnActionExecuting Controller:Home Action:Index Parameter:
2018-08-06 20:38:20.4633 INFO OnActionExecuted Controller:Home Action:Index Parameter:
2018-08-06 20:38:20.4833 INFO OnResultExecuting Controller:Home Action:Index Parameter:
2018-08-06 20:38:23.0532 INFO OnResultExecuted Controller:Home Action:Index Parameter:
2018-08-06 20:39:00.6183 INFO OnActionExecuting Controller:Profile Action:Index Parameter:
2018-08-06 20:39:01.8927 INFO OnActionExecuted Controller:Profile Action:Index Parameter:
2018-08-06 20:39:02.0155 INFO OnResultExecuting Controller:Profile Action:Index Parameter:
2018-08-06 20:39:03.8536 INFO OnResultExecuted Controller:Profile Action:Index Parameter:
2018-08-06 20:39:06.0609 INFO OnActionExecuting Controller:Profile Action:Update Parameter:3022
2018-08-06 20:39:06.2328 INFO OnActionExecuted Controller:Profile Action:Update Parameter:3022
2018-08-06 20:39:06.2548 INFO OnResultExecuting Controller:Profile Action:Update Parameter:3022
2018-08-06 20:39:06.3897 INFO OnResultExecuted Controller:Profile Action:Update Parameter:3022
2018-08-06 20:39:11.6598 INFO OnActionExecuting Controller:Profile Action:Creation Parameter:
2018-08-06 20:39:12.4166 INFO OnActionExecuted Controller:Profile Action:Creation Parameter:
2018-08-06 20:39:12.4296 INFO OnResultExecuting Controller:Profile Action:Creation Parameter:
2018-08-06 20:39:12.4436 INFO OnResultExecuted Controller:Profile Action:Creation Parameter:
2018-08-06 20:39:14.2786 INFO OnActionExecuting Controller:Profile Action:Create Parameter:
2018-08-06 20:39:14.3145 INFO OnActionExecuted Controller:Profile Action:Create Parameter:
2018-08-06 20:39:14.3295 INFO OnResultExecuting Controller:Profile Action:Create Parameter:
2018-08-06 20:39:14.3475 INFO OnResultExecuted Controller:Profile Action:Create Parameter:
2018-08-06 20:39:38.3757 INFO OnActionExecuting Controller:Profile Action:Creation Parameter:
2018-08-06 20:39:38.9587 INFO OnActionExecuted Controller:Profile Action:Creation Parameter:
2018-08-06 20:39:38.9786 INFO OnResultExecuting Controller:Profile Action:Creation Parameter:
2018-08-06 20:39:39.0016 INFO OnResultExecuted Controller:Profile Action:Creation Parameter:
2018-08-06 20:39:42.5645 INFO OnActionExecuting Controller:Profile Action:Create Parameter:
2018-08-06 20:39:42.6084 INFO OnActionExecuted Controller:Profile Action:Create Parameter:
2018-08-06 20:39:42.6324 INFO OnResultExecuting Controller:Profile Action:Create Parameter:
2018-08-06 20:39:42.6544 INFO OnResultExecuted Controller:Profile Action:Create Parameter:
2018-08-06 20:39:44.3596 INFO OnActionExecuting Controller:Profile Action:Creation Parameter:
2018-08-06 20:39:44.4046 INFO OnActionExecuted Controller:Profile Action:Creation Parameter:
2018-08-06 20:39:44.4176 INFO OnResultExecuting Controller:Profile Action:Creation Parameter:
2018-08-06 20:39:44.4346 INFO OnResultExecuted Controller:Profile Action:Creation Parameter:
2018-08-06 20:39:54.7298 INFO OnActionExecuting Controller:Profile Action:Creation Parameter:
2018-08-06 20:39:54.7912 INFO OnActionExecuted Controller:Profile Action:Creation Parameter:
2018-08-06 20:39:54.8022 INFO OnResultExecuting Controller:Profile Action:Creation Parameter:
2018-08-06 20:39:54.8172 INFO OnResultExecuted Controller:Profile Action:Creation Parameter:
2018-08-06 20:40:03.5349 INFO OnActionExecuting Controller:Profile Action:Creation Parameter:
2018-08-06 20:40:03.5739 INFO OnActionExecuted Controller:Profile Action:Creation Parameter:
2018-08-06 20:40:03.5889 INFO OnResultExecuting Controller:Profile Action:Creation Parameter:
2018-08-06 20:40:03.6049 INFO OnResultExecuted Controller:Profile Action:Creation Parameter:
2018-08-06 20:40:06.5099 INFO OnActionExecuting Controller:Profile Action:Creation Parameter:
2018-08-06 20:40:06.7050 INFO OnActionExecuted Controller:Profile Action:Creation Parameter:
2018-08-06 20:40:06.7160 INFO OnResultExecuting Controller:Profile Action:Creation Parameter:
2018-08-06 20:40:06.7160 INFO OnResultExecuted Controller:Profile Action:Creation Parameter:
2018-08-06 20:45:11.2257 INFO OnActionExecuting Controller:Home Action:Index Parameter:
2018-08-06 20:45:13.9937 INFO OnActionExecuted Controller:Home Action:Index Parameter:
2018-08-06 20:45:14.0080 INFO OnResultExecuting Controller:Home Action:Index Parameter:
2018-08-06 20:45:16.2717 INFO OnResultExecuted Controller:Home Action:Index Parameter:
2018-08-06 20:50:43.7894 INFO OnActionExecuting Controller:Home Action:Index Parameter:
2018-08-06 20:50:44.5385 INFO OnActionExecuted Controller:Home Action:Index Parameter:
2018-08-06 20:50:44.5574 INFO OnResultExecuting Controller:Home Action:Index Parameter:
2018-08-06 20:50:47.0452 INFO OnResultExecuted Controller:Home Action:Index Parameter:
2018-08-06 20:50:48.5264 INFO OnActionExecuting Controller:Profile Action:Index Parameter:
2018-08-06 20:50:48.9874 INFO OnActionExecuted Controller:Profile Action:Index Parameter:
2018-08-06 20:50:49.0044 INFO OnResultExecuting Controller:Profile Action:Index Parameter:
2018-08-06 20:50:49.9526 INFO OnResultExecuted Controller:Profile Action:Index Parameter:
2018-08-06 20:50:52.5999 INFO OnActionExecuting Controller:Profile Action:Update Parameter:3030
2018-08-06 20:50:52.8048 INFO OnActionExecuted Controller:Profile Action:Update Parameter:3030
2018-08-06 20:50:52.8188 INFO OnResultExecuting Controller:Profile Action:Update Parameter:3030
2018-08-06 20:50:52.9928 INFO OnResultExecuted Controller:Profile Action:Update Parameter:3030
2018-08-06 21:01:50.3934 INFO OnActionExecuting Controller:Home Action:Index Parameter:
2018-08-06 21:01:51.3294 INFO OnActionExecuted Controller:Home Action:Index Parameter:
2018-08-06 21:01:51.3434 INFO OnResultExecuting Controller:Home Action:Index Parameter:
2018-08-06 21:01:53.5767 INFO OnResultExecuted Controller:Home Action:Index Parameter:
2018-08-06 21:03:49.7149 INFO OnActionExecuting Controller:Profile Action:Index Parameter:
2018-08-06 21:43:51.4996 INFO OnActionExecuting Controller:Home Action:Index Parameter:
2018-08-06 21:43:55.0928 INFO OnActionExecuted Controller:Home Action:Index Parameter:
2018-08-06 21:43:55.2048 INFO OnResultExecuting Controller:Home Action:Index Parameter:
2018-08-06 21:44:01.9154 INFO OnResultExecuted Controller:Home Action:Index Parameter:
2018-08-06 21:44:04.4117 INFO OnActionExecuting Controller:Profile Action:Index Parameter:
2018-08-06 21:44:06.1002 INFO OnActionExecuted Controller:Profile Action:Index Parameter:
2018-08-06 21:44:06.2011 INFO OnResultExecuting Controller:Profile Action:Index Parameter:
2018-08-06 21:44:07.7463 INFO OnResultExecuted Controller:Profile Action:Index Parameter:
2018-08-06 21:44:11.3877 INFO OnActionExecuting Controller:Profile Action:Create Parameter:
2018-08-06 21:44:11.4659 INFO OnActionExecuted Controller:Profile Action:Create Parameter:
2018-08-06 21:44:11.4819 INFO OnResultExecuting Controller:Profile Action:Create Parameter:
2018-08-06 21:44:11.9698 INFO OnResultExecuted Controller:Profile Action:Create Parameter:
