2018-08-03 14:04:45.4497 INFO http://localhost:7340/
2018-08-03 14:04:45.7440 INFO OnActionExecuting Controller:Home Action:Index Parameter:
2018-08-03 14:04:46.6481 INFO OnActionExecuted Controller:Home Action:Index Parameter:
2018-08-03 14:04:46.6481 INFO OnResultExecuting Controller:Home Action:Index Parameter:
2018-08-03 14:04:47.6303 INFO OnResultExecuted Controller:Home Action:Index Parameter:
2018-08-03 14:04:50.6348 INFO http://localhost:7340/User
2018-08-03 14:04:50.6488 INFO OnActionExecuting Controller:User Action:Index Parameter:
2018-08-03 14:04:50.8474 INFO OnActionExecuted Controller:User Action:Index Parameter:
2018-08-03 14:04:50.8524 INFO OnResultExecuting Controller:User Action:Index Parameter:
2018-08-03 14:04:50.8823 INFO OnResultExecuted Controller:User Action:Index Parameter:
2018-08-03 14:04:53.6898 INFO http://localhost:7340/Admin/Profile
2018-08-03 14:04:53.7008 INFO OnActionExecuting Controller:Profile Action:Index Parameter:
2018-08-03 14:04:53.7886 INFO OnActionExecuted Controller:Profile Action:Index Parameter:
2018-08-03 14:04:53.7886 INFO OnResultExecuting Controller:Profile Action:Index Parameter:
2018-08-03 14:04:53.8347 INFO OnResultExecuted Controller:Profile Action:Index Parameter:
2018-08-03 14:04:55.3548 INFO http://localhost:7340/Admin/Profile/Delete/2019
2018-08-03 14:04:55.4318 INFO OnActionExecuting Controller:Profile Action:Delete Parameter:2019
2018-08-03 14:04:55.5401 INFO OnActionExecuted Controller:Profile Action:Delete Parameter:2019
2018-08-03 14:04:55.5401 INFO OnResultExecuting Controller:Profile Action:Delete Parameter:2019
2018-08-03 14:04:55.5401 INFO OnResultExecuted Controller:Profile Action:Delete Parameter:2019
2018-08-03 14:04:56.8971 INFO http://localhost:7340/
2018-08-03 14:04:56.9121 INFO OnActionExecuting Controller:Home Action:Index Parameter:
2018-08-03 14:04:56.9270 INFO OnActionExecuted Controller:Home Action:Index Parameter:
2018-08-03 14:04:56.9370 INFO OnResultExecuting Controller:Home Action:Index Parameter:
2018-08-03 14:04:56.9450 INFO OnResultExecuted Controller:Home Action:Index Parameter:
2018-08-03 14:07:05.9072 INFO http://localhost/HiQo-StaffManagement/
2018-08-03 14:07:05.9232 INFO OnActionExecuting Controller:Home Action:Index Parameter:
2018-08-03 14:07:05.9322 INFO OnActionExecuted Controller:Home Action:Index Parameter:
2018-08-03 14:07:05.9322 INFO OnResultExecuting Controller:Home Action:Index Parameter:
2018-08-03 14:07:05.9592 INFO OnResultExecuted Controller:Home Action:Index Parameter:
2018-08-03 14:07:07.4293 INFO http://localhost/HiQo-StaffManagement/User
2018-08-03 14:07:07.4293 INFO OnActionExecuting Controller:User Action:Index Parameter:
2018-08-03 14:07:07.4805 INFO OnActionExecuted Controller:User Action:Index Parameter:
2018-08-03 14:07:07.4805 INFO OnResultExecuting Controller:User Action:Index Parameter:
2018-08-03 14:07:07.4964 INFO OnResultExecuted Controller:User Action:Index Parameter:
2018-08-03 14:07:17.7010 INFO http://localhost:7340/
2018-08-03 14:07:18.0368 INFO OnActionExecuting Controller:Home Action:Index Parameter:
2018-08-03 14:07:19.8627 INFO OnActionExecuted Controller:Home Action:Index Parameter:
2018-08-03 14:07:19.8737 INFO OnResultExecuting Controller:Home Action:Index Parameter:
2018-08-03 14:07:20.8092 INFO OnResultExecuted Controller:Home Action:Index Parameter:
2018-08-03 14:07:40.0078 INFO http://localhost:7340/User
2018-08-03 14:07:40.0237 INFO OnActionExecuting Controller:User Action:Index Parameter:
2018-08-03 14:07:40.2276 INFO OnActionExecuted Controller:User Action:Index Parameter:
2018-08-03 14:07:40.2276 INFO OnResultExecuting Controller:User Action:Index Parameter:
2018-08-03 14:07:40.2647 INFO OnResultExecuted Controller:User Action:Index Parameter:
2018-08-03 14:08:59.9885 INFO http://localhost:7340/
2018-08-03 14:09:00.2018 INFO OnActionExecuting Controller:Home Action:Index Parameter:
2018-08-03 14:11:36.8750 INFO http://localhost:7340/
2018-08-03 14:11:37.1338 INFO OnActionExecuting Controller:Home Action:Index Parameter:
2018-08-03 14:11:40.2843 INFO OnActionExecuted Controller:Home Action:Index Parameter:
2018-08-03 14:11:40.2953 INFO OnResultExecuting Controller:Home Action:Index Parameter:
2018-08-03 14:11:42.8675 INFO OnResultExecuted Controller:Home Action:Index Parameter:
2018-08-03 14:11:45.1952 INFO http://localhost:7340/User
2018-08-03 14:11:45.2162 INFO OnActionExecuting Controller:User Action:Index Parameter:
2018-08-03 14:11:50.5535 INFO OnActionExecuted Controller:User Action:Index Parameter:
2018-08-03 14:11:50.5535 INFO OnResultExecuting Controller:User Action:Index Parameter:
2018-08-03 14:11:50.9647 INFO OnResultExecuted Controller:User Action:Index Parameter:
2018-08-03 14:12:03.9068 INFO http://localhost:7340/Admin/Profile
2018-08-03 14:12:03.9238 INFO OnActionExecuting Controller:Profile Action:Index Parameter:
2018-08-03 14:12:03.9927 INFO OnActionExecuted Controller:Profile Action:Index Parameter:
2018-08-03 14:12:03.9927 INFO OnResultExecuting Controller:Profile Action:Index Parameter:
2018-08-03 14:12:04.9205 INFO OnResultExecuted Controller:Profile Action:Index Parameter:
2018-08-03 14:12:07.3048 INFO http://localhost:7340/Admin/Profile/Delete/2020
2018-08-03 14:12:07.3598 INFO OnActionExecuting Controller:Profile Action:Delete Parameter:2020
2018-08-03 14:12:07.4853 INFO OnActionExecuted Controller:Profile Action:Delete Parameter:2020
2018-08-03 14:12:07.4953 INFO OnResultExecuting Controller:Profile Action:Delete Parameter:2020
2018-08-03 14:12:07.4953 INFO OnResultExecuted Controller:Profile Action:Delete Parameter:2020
2018-08-03 14:12:08.3077 INFO http://localhost:7340/
2018-08-03 14:12:08.3197 INFO OnActionExecuting Controller:Home Action:Index Parameter:
2018-08-03 14:12:08.3387 INFO OnActionExecuted Controller:Home Action:Index Parameter:
2018-08-03 14:12:08.3667 INFO OnResultExecuting Controller:Home Action:Index Parameter:
2018-08-03 14:12:08.3837 INFO OnResultExecuted Controller:Home Action:Index Parameter:
2018-08-03 14:14:20.9006 INFO http://localhost:7340/
2018-08-03 14:14:20.9146 INFO OnActionExecuting Controller:Home Action:Index Parameter:
2018-08-03 14:14:20.9326 INFO OnActionExecuted Controller:Home Action:Index Parameter:
2018-08-03 14:14:20.9326 INFO OnResultExecuting Controller:Home Action:Index Parameter:
2018-08-03 14:14:20.9576 INFO OnResultExecuted Controller:Home Action:Index Parameter:
2018-08-03 14:14:23.1005 INFO http://localhost:7340/Admin/Profile
2018-08-03 14:14:23.1005 INFO OnActionExecuting Controller:Profile Action:Index Parameter:
2018-08-03 14:14:23.1925 INFO OnActionExecuted Controller:Profile Action:Index Parameter:
2018-08-03 14:14:23.2035 INFO OnResultExecuting Controller:Profile Action:Index Parameter:
2018-08-03 14:14:23.2165 INFO OnResultExecuted Controller:Profile Action:Index Parameter:
2018-08-03 14:14:26.7500 INFO http://localhost:7340/Admin/Profile/Update/2
2018-08-03 14:14:26.7650 INFO OnActionExecuting Controller:Profile Action:Update Parameter:2
2018-08-03 14:14:26.8682 INFO OnActionExecuted Controller:Profile Action:Update Parameter:2
2018-08-03 14:14:26.8682 INFO OnResultExecuting Controller:Profile Action:Update Parameter:2
2018-08-03 14:14:27.0428 INFO OnResultExecuted Controller:Profile Action:Update Parameter:2
2018-08-03 14:14:31.7313 INFO http://localhost:7340/Admin/Profile/Update/
2018-08-03 14:14:31.7503 INFO OnActionExecuting Controller:Profile Action:Update Parameter:
2018-08-03 14:14:31.7663 INFO OnActionExecuted Controller:Profile Action:Update Parameter:
2018-08-03 14:15:47.6773 INFO http://localhost:7340/Home/Index
2018-08-03 14:15:47.7012 INFO OnActionExecuting Controller:Home Action:Index Parameter:
2018-08-03 14:15:47.7182 INFO OnActionExecuted Controller:Home Action:Index Parameter:
2018-08-03 14:15:47.7272 INFO OnResultExecuting Controller:Home Action:Index Parameter:
2018-08-03 14:15:47.7432 INFO OnResultExecuted Controller:Home Action:Index Parameter:
2018-08-03 14:15:49.8510 INFO http://localhost:7340/Admin/Profile
2018-08-03 14:15:49.8670 INFO OnActionExecuting Controller:Profile Action:Index Parameter:
2018-08-03 14:15:49.9346 INFO OnActionExecuted Controller:Profile Action:Index Parameter:
2018-08-03 14:15:49.9446 INFO OnResultExecuting Controller:Profile Action:Index Parameter:
2018-08-03 14:15:49.9446 INFO OnResultExecuted Controller:Profile Action:Index Parameter:
2018-08-03 14:15:50.8821 INFO http://localhost:7340/
2018-08-03 14:15:50.8981 INFO OnActionExecuting Controller:Home Action:Index Parameter:
2018-08-03 14:15:50.9211 INFO OnActionExecuted Controller:Home Action:Index Parameter:
2018-08-03 14:15:50.9341 INFO OnResultExecuting Controller:Home Action:Index Parameter:
2018-08-03 14:15:50.9451 INFO OnResultExecuted Controller:Home Action:Index Parameter:
2018-08-03 14:15:51.7666 INFO http://localhost:7340/Admin/Profile
2018-08-03 14:15:51.7866 INFO OnActionExecuting Controller:Profile Action:Index Parameter:
2018-08-03 14:15:51.8695 INFO OnActionExecuted Controller:Profile Action:Index Parameter:
2018-08-03 14:15:51.8845 INFO OnResultExecuting Controller:Profile Action:Index Parameter:
2018-08-03 14:15:51.9035 INFO OnResultExecuted Controller:Profile Action:Index Parameter:
2018-08-03 14:15:52.5821 INFO http://localhost:7340/
2018-08-03 14:15:52.6011 INFO OnActionExecuting Controller:Home Action:Index Parameter:
2018-08-03 14:15:52.6221 INFO OnActionExecuted Controller:Home Action:Index Parameter:
2018-08-03 14:15:52.6341 INFO OnResultExecuting Controller:Home Action:Index Parameter:
2018-08-03 14:15:52.6481 INFO OnResultExecuted Controller:Home Action:Index Parameter:
2018-08-03 14:15:53.5317 INFO http://localhost:7340/User
2018-08-03 14:15:53.5447 INFO OnActionExecuting Controller:User Action:Index Parameter:
2018-08-03 14:15:53.6266 INFO OnActionExecuted Controller:User Action:Index Parameter:
2018-08-03 14:15:53.6376 INFO OnResultExecuting Controller:User Action:Index Parameter:
2018-08-03 14:15:53.6496 INFO OnResultExecuted Controller:User Action:Index Parameter:
2018-08-03 14:15:55.3561 INFO http://localhost:7340/User/Profiles/2
2018-08-03 14:15:55.3711 INFO OnActionExecuting Controller:User Action:Profiles Parameter:2
2018-08-03 14:15:55.4627 INFO OnActionExecuted Controller:User Action:Profiles Parameter:2
2018-08-03 14:15:55.4627 INFO OnResultExecuting Controller:User Action:Profiles Parameter:2
2018-08-03 14:15:55.5356 INFO OnResultExecuted Controller:User Action:Profiles Parameter:2
2018-08-03 14:15:57.7457 INFO http://localhost:7340/Admin/Profile
2018-08-03 14:15:57.7587 INFO OnActionExecuting Controller:Profile Action:Index Parameter:
2018-08-03 14:15:57.8333 INFO OnActionExecuted Controller:Profile Action:Index Parameter:
2018-08-03 14:15:57.8433 INFO OnResultExecuting Controller:Profile Action:Index Parameter:
2018-08-03 14:15:57.8543 INFO OnResultExecuted Controller:Profile Action:Index Parameter:
2018-08-03 14:16:03.1443 INFO http://localhost:7340/Admin/Profile/Update/2005
2018-08-03 14:16:03.1653 INFO OnActionExecuting Controller:Profile Action:Update Parameter:2005
2018-08-03 14:16:03.2702 INFO OnActionExecuted Controller:Profile Action:Update Parameter:2005
2018-08-03 14:16:03.2812 INFO OnResultExecuting Controller:Profile Action:Update Parameter:2005
2018-08-03 14:16:03.2962 INFO OnResultExecuted Controller:Profile Action:Update Parameter:2005
2018-08-03 14:16:06.5344 INFO http://localhost:7340/Admin/Profile/Update/20
2018-08-03 14:16:06.5554 INFO OnActionExecuting Controller:Profile Action:Update Parameter:20
2018-08-03 14:16:17.4752 INFO OnActionExecuted Controller:Profile Action:Update Parameter:20
2018-08-03 14:16:41.1415 INFO http://localhost:7340/Home/Index
2018-08-03 14:16:41.1535 INFO OnActionExecuting Controller:Home Action:Index Parameter:
2018-08-03 14:16:41.1705 INFO OnActionExecuted Controller:Home Action:Index Parameter:
2018-08-03 14:16:41.1885 INFO OnResultExecuting Controller:Home Action:Index Parameter:
2018-08-03 14:16:41.2014 INFO OnResultExecuted Controller:Home Action:Index Parameter:
2018-08-03 14:17:17.5254 INFO http://localhost:7340/Admin/Profile
2018-08-03 14:17:17.5384 INFO OnActionExecuting Controller:Profile Action:Index Parameter:
2018-08-03 14:17:17.6084 INFO OnActionExecuted Controller:Profile Action:Index Parameter:
2018-08-03 14:17:17.6184 INFO OnResultExecuting Controller:Profile Action:Index Parameter:
2018-08-03 14:17:17.6184 INFO OnResultExecuted Controller:Profile Action:Index Parameter:
2018-08-03 14:17:19.7458 INFO http://localhost:7340/Admin/Profile/Update/2005
2018-08-03 14:17:19.7927 INFO OnActionExecuting Controller:Profile Action:Update Parameter:2005
2018-08-03 14:17:19.8852 INFO OnActionExecuted Controller:Profile Action:Update Parameter:2005
2018-08-03 14:17:19.8852 INFO OnResultExecuting Controller:Profile Action:Update Parameter:2005
2018-08-03 14:17:19.9122 INFO OnResultExecuted Controller:Profile Action:Update Parameter:2005
2018-08-03 14:17:23.0822 INFO http://localhost:7340/Admin/Profile/Update/
2018-08-03 14:17:23.1022 INFO OnActionExecuting Controller:Profile Action:Update Parameter:
2018-08-03 14:17:23.1202 INFO OnActionExecuted Controller:Profile Action:Update Parameter:
2018-08-03 14:21:08.6999 INFO http://localhost:7340/
2018-08-03 14:21:08.9258 INFO OnActionExecuting Controller:Home Action:Index Parameter:
2018-08-03 14:21:09.4270 INFO OnActionExecuted Controller:Home Action:Index Parameter:
2018-08-03 14:21:09.4420 INFO OnResultExecuting Controller:Home Action:Index Parameter:
2018-08-03 14:21:12.4653 INFO OnResultExecuted Controller:Home Action:Index Parameter:
2018-08-03 14:21:15.5227 INFO http://localhost:7340/Admin/Profile
2018-08-03 14:21:15.5397 INFO OnActionExecuting Controller:Profile Action:Index Parameter:
2018-08-03 14:21:15.8241 INFO OnActionExecuted Controller:Profile Action:Index Parameter:
2018-08-03 14:21:15.8241 INFO OnResultExecuting Controller:Profile Action:Index Parameter:
2018-08-03 14:21:16.7518 INFO OnResultExecuted Controller:Profile Action:Index Parameter:
2018-08-03 14:21:19.1458 INFO http://localhost:7340/Admin/Profile/Create
2018-08-03 14:21:19.1637 INFO OnActionExecuting Controller:Profile Action:Create Parameter:
2018-08-03 14:21:19.2031 INFO OnActionExecuted Controller:Profile Action:Create Parameter:
2018-08-03 14:21:19.2131 INFO OnResultExecuting Controller:Profile Action:Create Parameter:
2018-08-03 14:21:19.3830 INFO OnResultExecuted Controller:Profile Action:Create Parameter:
2018-08-03 14:21:31.0085 INFO http://localhost:7340/Admin/Profile/Creation?obj=HiQo.StaffManagement.Core.ViewModels.UserViewModel
2018-08-03 14:21:31.1025 INFO OnActionExecuting Controller:Profile Action:Creation Parameter:
2018-08-03 14:21:31.3073 INFO OnActionExecuted Controller:Profile Action:Creation Parameter:
2018-08-03 14:21:31.3073 INFO OnResultExecuting Controller:Profile Action:Creation Parameter:
2018-08-03 14:21:31.3302 INFO OnResultExecuted Controller:Profile Action:Creation Parameter:
2018-08-03 14:21:32.8348 INFO http://localhost:7340/Admin/Profile/Update/2021
2018-08-03 14:21:32.8348 INFO OnActionExecuting Controller:Profile Action:Update Parameter:2021
2018-08-03 14:21:32.9981 INFO OnActionExecuted Controller:Profile Action:Update Parameter:2021
2018-08-03 14:21:33.0111 INFO OnResultExecuting Controller:Profile Action:Update Parameter:2021
2018-08-03 14:21:33.0639 INFO OnResultExecuted Controller:Profile Action:Update Parameter:2021
2018-08-03 14:21:35.3058 INFO http://localhost:7340/Admin/Profile/Creation?obj=HiQo.StaffManagement.Core.ViewModels.UserViewModel
2018-08-03 14:21:35.3358 INFO OnActionExecuting Controller:Profile Action:Creation Parameter:
2018-08-03 14:21:35.3648 INFO OnActionExecuted Controller:Profile Action:Creation Parameter:
2018-08-03 14:21:35.3758 INFO OnResultExecuting Controller:Profile Action:Creation Parameter:
2018-08-03 14:21:35.3897 INFO OnResultExecuted Controller:Profile Action:Creation Parameter:
2018-08-03 14:22:05.2473 INFO http://localhost:7340/Admin/Profile/Creation?obj=HiQo.StaffManagement.Core.ViewModels.UserViewModel
2018-08-03 14:22:05.2653 INFO OnActionExecuting Controller:Profile Action:Creation Parameter:
2018-08-03 14:22:05.8226 INFO OnActionExecuted Controller:Profile Action:Creation Parameter:
2018-08-03 14:22:05.8226 INFO OnResultExecuting Controller:Profile Action:Creation Parameter:
2018-08-03 14:22:05.8466 INFO OnResultExecuted Controller:Profile Action:Creation Parameter:
2018-08-03 14:22:07.6820 INFO http://localhost:7340/Admin/Profile/Update/2021
2018-08-03 14:22:07.6970 INFO OnActionExecuting Controller:Profile Action:Update Parameter:2021
2018-08-03 14:22:07.8249 INFO OnActionExecuted Controller:Profile Action:Update Parameter:2021
2018-08-03 14:22:07.8419 INFO OnResultExecuting Controller:Profile Action:Update Parameter:2021
2018-08-03 14:22:07.8599 INFO OnResultExecuted Controller:Profile Action:Update Parameter:2021
2018-08-03 14:22:13.4651 INFO http://localhost:7340/Admin/Profile/Creation?obj=HiQo.StaffManagement.Core.ViewModels.UserViewModel
2018-08-03 14:22:13.4931 INFO OnActionExecuting Controller:Profile Action:Creation Parameter:
2018-08-03 14:22:13.5280 INFO OnActionExecuted Controller:Profile Action:Creation Parameter:
2018-08-03 14:22:13.5430 INFO OnResultExecuting Controller:Profile Action:Creation Parameter:
2018-08-03 14:22:13.5720 INFO OnResultExecuted Controller:Profile Action:Creation Parameter:
2018-08-03 14:22:16.3436 INFO http://localhost:7340/Admin/Profile/Creation?obj=HiQo.StaffManagement.Core.ViewModels.UserViewModel
2018-08-03 14:22:16.3586 INFO OnActionExecuting Controller:Profile Action:Creation Parameter:
2018-08-03 14:22:16.4426 INFO OnActionExecuted Controller:Profile Action:Creation Parameter:
2018-08-03 14:22:16.4576 INFO OnResultExecuting Controller:Profile Action:Creation Parameter:
2018-08-03 14:22:16.4736 INFO OnResultExecuted Controller:Profile Action:Creation Parameter:
2018-08-03 14:22:17.7991 INFO http://localhost:7340/Admin/Profile/Update/2021
2018-08-03 14:22:17.8151 INFO OnActionExecuting Controller:Profile Action:Update Parameter:2021
2018-08-03 14:22:17.9311 INFO OnActionExecuted Controller:Profile Action:Update Parameter:2021
2018-08-03 14:22:17.9311 INFO OnResultExecuting Controller:Profile Action:Update Parameter:2021
2018-08-03 14:22:17.9551 INFO OnResultExecuted Controller:Profile Action:Update Parameter:2021
2018-08-03 14:22:25.3212 INFO http://localhost:7340/Admin/Profile/Creation?obj=HiQo.StaffManagement.Core.ViewModels.UserViewModel
2018-08-03 14:22:25.3362 INFO OnActionExecuting Controller:Profile Action:Creation Parameter:
2018-08-03 14:22:25.4271 INFO OnActionExecuted Controller:Profile Action:Creation Parameter:
2018-08-03 14:22:25.4401 INFO OnResultExecuting Controller:Profile Action:Creation Parameter:
2018-08-03 14:22:25.4531 INFO OnResultExecuted Controller:Profile Action:Creation Parameter:
2018-08-03 14:22:26.7807 INFO http://localhost:7340/Admin/Profile/Update/2021
2018-08-03 14:22:26.7967 INFO OnActionExecuting Controller:Profile Action:Update Parameter:2021
2018-08-03 14:22:26.9136 INFO OnActionExecuted Controller:Profile Action:Update Parameter:2021
2018-08-03 14:22:26.9136 INFO OnResultExecuting Controller:Profile Action:Update Parameter:2021
2018-08-03 14:22:26.9376 INFO OnResultExecuted Controller:Profile Action:Update Parameter:2021
2018-08-03 14:25:01.0483 INFO http://localhost/HiQo-StaffManagement/
2018-08-03 14:25:01.4151 INFO OnActionExecuting Controller:Home Action:Index Parameter:
2018-08-03 14:25:04.3112 INFO OnActionExecuted Controller:Home Action:Index Parameter:
2018-08-03 14:25:04.3242 INFO OnResultExecuting Controller:Home Action:Index Parameter:
2018-08-03 14:25:06.9468 INFO OnResultExecuted Controller:Home Action:Index Parameter:
2018-08-03 14:25:50.8028 INFO http://localhost/HiQo-StaffManagement/Admin/Profile
2018-08-03 14:25:50.8238 INFO OnActionExecuting Controller:Profile Action:Index Parameter:
2018-08-03 14:25:51.4145 INFO OnActionExecuted Controller:Profile Action:Index Parameter:
2018-08-03 14:25:51.4145 INFO OnResultExecuting Controller:Profile Action:Index Parameter:
2018-08-03 14:25:56.5636 INFO OnResultExecuted Controller:Profile Action:Index Parameter:
2018-08-03 14:25:58.0460 INFO http://localhost/HiQo-StaffManagement/Admin/Profile/Update/2021
2018-08-03 14:25:58.1179 INFO OnActionExecuting Controller:Profile Action:Update Parameter:2021
2018-08-03 14:25:58.2270 INFO OnActionExecuted Controller:Profile Action:Update Parameter:2021
2018-08-03 14:25:58.2270 INFO OnResultExecuting Controller:Profile Action:Update Parameter:2021
2018-08-03 14:25:58.4437 INFO OnResultExecuted Controller:Profile Action:Update Parameter:2021
2018-08-03 14:26:00.6188 INFO http://localhost/HiQo-StaffManagement/Admin/Profile/Creation?obj=HiQo.StaffManagement.Core.ViewModels.UserViewModel
2018-08-03 14:26:00.7008 INFO OnActionExecuting Controller:Profile Action:Creation Parameter:
2018-08-03 14:26:00.7198 INFO OnActionExecuted Controller:Profile Action:Creation Parameter:
2018-08-03 14:26:00.7318 INFO OnResultExecuting Controller:Profile Action:Creation Parameter:
2018-08-03 14:26:00.7467 INFO OnResultExecuted Controller:Profile Action:Creation Parameter:
2018-08-03 14:26:15.7708 INFO http://localhost/HiQo-StaffManagement/
2018-08-03 14:26:15.7887 INFO OnActionExecuting Controller:Home Action:Index Parameter:
2018-08-03 14:26:15.8177 INFO OnActionExecuted Controller:Home Action:Index Parameter:
2018-08-03 14:26:15.8357 INFO OnResultExecuting Controller:Home Action:Index Parameter:
2018-08-03 14:26:15.8537 INFO OnResultExecuted Controller:Home Action:Index Parameter:
2018-08-03 14:26:17.1028 INFO http://localhost/HiQo-StaffManagement/Admin/Profile
2018-08-03 14:26:17.1028 INFO OnActionExecuting Controller:Profile Action:Index Parameter:
2018-08-03 14:26:17.1685 INFO OnActionExecuted Controller:Profile Action:Index Parameter:
2018-08-03 14:26:17.1786 INFO OnResultExecuting Controller:Profile Action:Index Parameter:
2018-08-03 14:26:21.6808 INFO OnResultExecuted Controller:Profile Action:Index Parameter:
2018-08-03 14:26:22.9140 INFO http://localhost/HiQo-StaffManagement/Admin/Profile/Update/2021
2018-08-03 14:26:22.9300 INFO OnActionExecuting Controller:Profile Action:Update Parameter:2021
2018-08-03 14:26:22.9903 INFO OnActionExecuted Controller:Profile Action:Update Parameter:2021
2018-08-03 14:26:23.0003 INFO OnResultExecuting Controller:Profile Action:Update Parameter:2021
2018-08-03 14:26:23.0253 INFO OnResultExecuted Controller:Profile Action:Update Parameter:2021
2018-08-03 14:26:25.6448 INFO http://localhost/HiQo-StaffManagement/Admin/Profile/Creation?obj=HiQo.StaffManagement.Core.ViewModels.UserViewModel
2018-08-03 14:26:25.6638 INFO OnActionExecuting Controller:Profile Action:Creation Parameter:
2018-08-03 14:26:25.6878 INFO OnActionExecuted Controller:Profile Action:Creation Parameter:
2018-08-03 14:26:25.6978 INFO OnResultExecuting Controller:Profile Action:Creation Parameter:
2018-08-03 14:26:25.7128 INFO OnResultExecuted Controller:Profile Action:Creation Parameter:
2018-08-03 14:26:57.4549 INFO http://localhost/HiQo-StaffManagement/Admin
2018-08-03 14:26:57.6258 INFO http://localhost/hiqo-staffmanagement/Error?aspxerrorpath=/HiQo-StaffManagement/Admin
2018-08-03 14:27:06.3564 INFO http://localhost/HiQo-StaffManagement/
2018-08-03 14:27:06.3744 INFO OnActionExecuting Controller:Home Action:Index Parameter:
2018-08-03 14:27:06.3934 INFO OnActionExecuted Controller:Home Action:Index Parameter:
2018-08-03 14:27:06.4044 INFO OnResultExecuting Controller:Home Action:Index Parameter:
2018-08-03 14:27:06.4154 INFO OnResultExecuted Controller:Home Action:Index Parameter:
2018-08-03 14:27:07.8172 INFO http://localhost/HiQo-StaffManagement/Admin/Profile
2018-08-03 14:27:07.8332 INFO OnActionExecuting Controller:Profile Action:Index Parameter:
2018-08-03 14:27:07.8841 INFO OnActionExecuted Controller:Profile Action:Index Parameter:
2018-08-03 14:27:07.8841 INFO OnResultExecuting Controller:Profile Action:Index Parameter:
2018-08-03 14:27:12.8578 INFO OnResultExecuted Controller:Profile Action:Index Parameter:
2018-08-03 14:27:24.2288 INFO http://localhost/HiQo-StaffManagement/Admin/Profile/Update/2021
2018-08-03 14:27:24.2437 INFO OnActionExecuting Controller:Profile Action:Update Parameter:2021
2018-08-03 14:27:24.3025 INFO OnActionExecuted Controller:Profile Action:Update Parameter:2021
2018-08-03 14:27:24.3126 INFO OnResultExecuting Controller:Profile Action:Update Parameter:2021
2018-08-03 14:27:24.3395 INFO OnResultExecuted Controller:Profile Action:Update Parameter:2021
2018-08-03 14:27:26.7148 INFO http://localhost/HiQo-StaffManagement/Admin/Profile/Creation?obj=HiQo.StaffManagement.Core.ViewModels.UserViewModel
2018-08-03 14:27:26.7348 INFO OnActionExecuting Controller:Profile Action:Creation Parameter:
2018-08-03 14:27:26.7558 INFO OnActionExecuted Controller:Profile Action:Creation Parameter:
2018-08-03 14:27:26.7678 INFO OnResultExecuting Controller:Profile Action:Creation Parameter:
2018-08-03 14:27:26.7838 INFO OnResultExecuted Controller:Profile Action:Creation Parameter:
2018-08-03 14:27:30.5998 INFO http://localhost/HiQo-StaffManagement/Admin/Profile/Creation?obj=HiQo.StaffManagement.Core.ViewModels.UserViewModel
2018-08-03 14:27:30.6218 INFO OnActionExecuting Controller:Profile Action:Creation Parameter:
2018-08-03 14:27:30.6398 INFO OnActionExecuted Controller:Profile Action:Creation Parameter:
2018-08-03 14:27:30.6508 INFO OnResultExecuting Controller:Profile Action:Creation Parameter:
2018-08-03 14:27:30.6628 INFO OnResultExecuted Controller:Profile Action:Creation Parameter:
2018-08-03 14:28:15.9580 INFO http://localhost/HiQo-StaffManagement/
2018-08-03 14:28:15.9700 INFO OnActionExecuting Controller:Home Action:Index Parameter:
2018-08-03 14:28:15.9870 INFO OnActionExecuted Controller:Home Action:Index Parameter:
2018-08-03 14:28:15.9980 INFO OnResultExecuting Controller:Home Action:Index Parameter:
2018-08-03 14:28:16.0089 INFO OnResultExecuted Controller:Home Action:Index Parameter:
2018-08-03 14:28:17.3208 INFO http://localhost/HiQo-StaffManagement/Admin/Profile
2018-08-03 14:28:17.3208 INFO OnActionExecuting Controller:Profile Action:Index Parameter:
2018-08-03 14:28:17.3830 INFO OnActionExecuted Controller:Profile Action:Index Parameter:
2018-08-03 14:28:17.3830 INFO OnResultExecuting Controller:Profile Action:Index Parameter:
2018-08-03 14:28:17.4040 INFO OnResultExecuted Controller:Profile Action:Index Parameter:
2018-08-03 14:28:18.8039 INFO http://localhost/HiQo-StaffManagement/Admin/Profile/Update/2021
2018-08-03 14:28:18.8039 INFO OnActionExecuting Controller:Profile Action:Update Parameter:2021
2018-08-03 14:28:18.8705 INFO OnActionExecuted Controller:Profile Action:Update Parameter:2021
2018-08-03 14:28:18.8705 INFO OnResultExecuting Controller:Profile Action:Update Parameter:2021
2018-08-03 14:28:18.8915 INFO OnResultExecuted Controller:Profile Action:Update Parameter:2021
2018-08-03 14:28:22.2829 INFO http://localhost/HiQo-StaffManagement/Admin/Profile/Creation?obj=HiQo.StaffManagement.Core.ViewModels.UserViewModel
2018-08-03 14:28:22.4615 INFO OnActionExecuting Controller:Profile Action:Creation Parameter:
2018-08-03 14:28:22.4783 INFO OnActionExecuted Controller:Profile Action:Creation Parameter:
2018-08-03 14:28:22.4783 INFO OnResultExecuting Controller:Profile Action:Creation Parameter:
2018-08-03 14:28:22.5003 INFO OnResultExecuted Controller:Profile Action:Creation Parameter:
2018-08-03 14:53:35.1745 INFO http://localhost/HiQo-StaffManagement/
2018-08-03 14:53:36.1170 INFO OnActionExecuting Controller:Home Action:Index Parameter:
2018-08-03 14:53:40.4885 INFO OnActionExecuted Controller:Home Action:Index Parameter:
2018-08-03 14:53:40.5045 INFO OnResultExecuting Controller:Home Action:Index Parameter:
2018-08-03 14:53:48.0929 INFO OnResultExecuted Controller:Home Action:Index Parameter:
2018-08-03 14:54:14.8403 INFO http://localhost/HiQo-StaffManagement/Admin/Profile
2018-08-03 14:54:14.8643 INFO OnActionExecuting Controller:Profile Action:Index Parameter:
2018-08-03 14:54:15.7219 INFO OnActionExecuted Controller:Profile Action:Index Parameter:
2018-08-03 14:54:15.7329 INFO OnResultExecuting Controller:Profile Action:Index Parameter:
2018-08-03 14:54:20.8049 INFO OnResultExecuted Controller:Profile Action:Index Parameter:
2018-08-03 14:54:22.7382 INFO http://localhost/HiQo-StaffManagement/Admin/Profile/Update/2021
2018-08-03 14:54:22.9639 INFO OnActionExecuting Controller:Profile Action:Update Parameter:2021
2018-08-03 14:54:23.1798 INFO OnActionExecuted Controller:Profile Action:Update Parameter:2021
2018-08-03 14:54:23.1798 INFO OnResultExecuting Controller:Profile Action:Update Parameter:2021
2018-08-03 14:54:23.5048 INFO OnResultExecuted Controller:Profile Action:Update Parameter:2021
2018-08-03 14:54:26.8719 INFO http://localhost/HiQo-StaffManagement/Admin/Profile/Creation?obj=HiQo.StaffManagement.Core.ViewModels.UserViewModel
2018-08-03 14:54:27.0685 INFO OnActionExecuting Controller:Profile Action:Creation Parameter:
2018-08-03 14:54:27.0856 INFO OnActionExecuted Controller:Profile Action:Creation Parameter:
2018-08-03 14:54:27.0856 INFO OnResultExecuting Controller:Profile Action:Creation Parameter:
2018-08-03 14:54:27.1051 INFO OnResultExecuted Controller:Profile Action:Creation Parameter:
2018-08-03 14:55:45.2922 INFO http://localhost/HiQo-StaffManagement/Admin/
2018-08-03 14:55:45.5092 INFO http://localhost/hiqo-staffmanagement/Error?aspxerrorpath=/HiQo-StaffManagement/Admin/
2018-08-03 14:55:50.7084 INFO http://localhost/HiQo-StaffManagement/
2018-08-03 14:55:50.9960 INFO OnActionExecuting Controller:Home Action:Index Parameter:
2018-08-03 14:55:54.3410 INFO OnActionExecuted Controller:Home Action:Index Parameter:
2018-08-03 14:55:54.3550 INFO OnResultExecuting Controller:Home Action:Index Parameter:
2018-08-03 14:56:00.2210 INFO OnResultExecuted Controller:Home Action:Index Parameter:
2018-08-03 14:56:28.5173 INFO http://localhost/HiQo-StaffManagement/Admin/Profile
2018-08-03 14:56:28.5512 INFO OnActionExecuting Controller:Profile Action:Index Parameter:
2018-08-03 14:56:29.2072 INFO OnActionExecuted Controller:Profile Action:Index Parameter:
2018-08-03 14:56:29.2192 INFO OnResultExecuting Controller:Profile Action:Index Parameter:
2018-08-03 14:56:34.1655 INFO OnResultExecuted Controller:Profile Action:Index Parameter:
2018-08-03 14:57:06.9741 INFO http://localhost/HiQo-StaffManagement/
2018-08-03 14:57:06.9741 INFO OnActionExecuting Controller:Home Action:Index Parameter:
2018-08-03 14:57:07.0011 INFO OnActionExecuted Controller:Home Action:Index Parameter:
2018-08-03 14:57:07.0111 INFO OnResultExecuting Controller:Home Action:Index Parameter:
2018-08-03 14:57:07.0214 INFO OnResultExecuted Controller:Home Action:Index Parameter:
2018-08-03 14:57:09.0083 INFO http://localhost/HiQo-StaffManagement/
2018-08-03 14:57:09.0213 INFO OnActionExecuting Controller:Home Action:Index Parameter:
2018-08-03 14:57:09.0213 INFO OnActionExecuted Controller:Home Action:Index Parameter:
2018-08-03 14:57:09.0433 INFO OnResultExecuting Controller:Home Action:Index Parameter:
2018-08-03 14:57:09.0543 INFO OnResultExecuted Controller:Home Action:Index Parameter:
2018-08-03 14:57:10.8349 INFO http://localhost/HiQo-StaffManagement/Admin/Profile
2018-08-03 14:57:10.8569 INFO OnActionExecuting Controller:Profile Action:Index Parameter:
2018-08-03 14:57:10.9598 INFO OnActionExecuted Controller:Profile Action:Index Parameter:
2018-08-03 14:57:10.9768 INFO OnResultExecuting Controller:Profile Action:Index Parameter:
2018-08-03 14:57:15.4605 INFO OnResultExecuted Controller:Profile Action:Index Parameter:
2018-08-03 14:57:17.2092 INFO http://localhost/HiQo-StaffManagement/Admin/Profile/Update/2021
2018-08-03 14:57:17.2692 INFO OnActionExecuting Controller:Profile Action:Update Parameter:2021
2018-08-03 14:57:17.3740 INFO OnActionExecuted Controller:Profile Action:Update Parameter:2021
2018-08-03 14:57:17.3840 INFO OnResultExecuting Controller:Profile Action:Update Parameter:2021
2018-08-03 14:57:17.5778 INFO OnResultExecuted Controller:Profile Action:Update Parameter:2021
2018-08-03 14:57:19.7303 INFO http://localhost/HiQo-StaffManagement/Admin/Profile/Creation?obj=HiQo.StaffManagement.Core.ViewModels.UserViewModel
2018-08-03 14:57:19.8233 INFO OnActionExecuting Controller:Profile Action:Creation Parameter:
2018-08-03 14:57:19.8411 INFO OnActionExecuted Controller:Profile Action:Creation Parameter:
2018-08-03 14:57:19.8511 INFO OnResultExecuting Controller:Profile Action:Creation Parameter:
2018-08-03 14:57:19.8511 INFO OnResultExecuted Controller:Profile Action:Creation Parameter:
2018-08-03 14:57:27.1409 INFO http://localhost/HiQo-StaffManagement/
2018-08-03 14:57:27.1579 INFO OnActionExecuting Controller:Home Action:Index Parameter:
2018-08-03 14:57:27.1688 INFO OnActionExecuted Controller:Home Action:Index Parameter:
2018-08-03 14:57:27.1798 INFO OnResultExecuting Controller:Home Action:Index Parameter:
2018-08-03 14:57:27.1798 INFO OnResultExecuted Controller:Home Action:Index Parameter:
